<?xml version="1.0" encoding="UTF-8"?>
<testsuite xmlns:xsi="http://www.w3.org/2001/XMLSchema-instance" xsi:noNamespaceSchemaLocation="https://maven.apache.org/surefire/maven-surefire-plugin/xsd/surefire-test-report.xsd" version="3.0.2" name="com.joel.ECommerceApplicationTests" time="11.256" tests="1" errors="0" skipped="0" failures="0">
  <properties>
    <property name="java.specification.version" value="21"/>
    <property name="sun.cpu.isalist" value="amd64"/>
    <property name="sun.jnu.encoding" value="Cp1252"/>
    <property name="java.class.path" value="C:\Users\JoelOliveira\Desktop\Joel\Github\E-Commerce-Project\target\test-classes;C:\Users\JoelOliveira\Desktop\Joel\Github\E-Commerce-Project\target\classes;C:\Users\JoelOliveira\.m2\repository\org\springframework\boot\spring-boot-starter-web\3.4.1\spring-boot-starter-web-3.4.1.jar;C:\Users\JoelOliveira\.m2\repository\org\springframework\boot\spring-boot-starter\3.4.1\spring-boot-starter-3.4.1.jar;C:\Users\JoelOliveira\.m2\repository\org\springframework\boot\spring-boot-starter-logging\3.4.1\spring-boot-starter-logging-3.4.1.jar;C:\Users\JoelOliveira\.m2\repository\ch\qos\logback\logback-classic\1.5.12\logback-classic-1.5.12.jar;C:\Users\JoelOliveira\.m2\repository\ch\qos\logback\logback-core\1.5.12\logback-core-1.5.12.jar;C:\Users\JoelOliveira\.m2\repository\org\apache\logging\log4j\log4j-to-slf4j\2.24.3\log4j-to-slf4j-2.24.3.jar;C:\Users\JoelOliveira\.m2\repository\org\apache\logging\log4j\log4j-api\2.24.3\log4j-api-2.24.3.jar;C:\Users\JoelOliveira\.m2\repository\org\slf4j\jul-to-slf4j\2.0.16\jul-to-slf4j-2.0.16.jar;C:\Users\JoelOliveira\.m2\repository\jakarta\annotation\jakarta.annotation-api\2.1.1\jakarta.annotation-api-2.1.1.jar;C:\Users\JoelOliveira\.m2\repository\org\yaml\snakeyaml\2.3\snakeyaml-2.3.jar;C:\Users\JoelOliveira\.m2\repository\org\springframework\boot\spring-boot-starter-json\3.4.1\spring-boot-starter-json-3.4.1.jar;C:\Users\JoelOliveira\.m2\repository\com\fasterxml\jackson\datatype\jackson-datatype-jdk8\2.18.2\jackson-datatype-jdk8-2.18.2.jar;C:\Users\JoelOliveira\.m2\repository\com\fasterxml\jackson\datatype\jackson-datatype-jsr310\2.18.2\jackson-datatype-jsr310-2.18.2.jar;C:\Users\JoelOliveira\.m2\repository\com\fasterxml\jackson\module\jackson-module-parameter-names\2.18.2\jackson-module-parameter-names-2.18.2.jar;C:\Users\JoelOliveira\.m2\repository\org\springframework\boot\spring-boot-starter-tomcat\3.4.1\spring-boot-starter-tomcat-3.4.1.jar;C:\Users\JoelOliveira\.m2\repository\org\apache\tomcat\embed\tomcat-embed-core\10.1.34\tomcat-embed-core-10.1.34.jar;C:\Users\JoelOliveira\.m2\repository\org\apache\tomcat\embed\tomcat-embed-websocket\10.1.34\tomcat-embed-websocket-10.1.34.jar;C:\Users\JoelOliveira\.m2\repository\org\springframework\spring-web\6.2.1\spring-web-6.2.1.jar;C:\Users\JoelOliveira\.m2\repository\org\springframework\spring-beans\6.2.1\spring-beans-6.2.1.jar;C:\Users\JoelOliveira\.m2\repository\io\micrometer\micrometer-observation\1.14.2\micrometer-observation-1.14.2.jar;C:\Users\JoelOliveira\.m2\repository\io\micrometer\micrometer-commons\1.14.2\micrometer-commons-1.14.2.jar;C:\Users\JoelOliveira\.m2\repository\org\springframework\spring-webmvc\6.2.1\spring-webmvc-6.2.1.jar;C:\Users\JoelOliveira\.m2\repository\org\springframework\spring-context\6.2.1\spring-context-6.2.1.jar;C:\Users\JoelOliveira\.m2\repository\org\springframework\spring-expression\6.2.1\spring-expression-6.2.1.jar;C:\Users\JoelOliveira\.m2\repository\org\springframework\boot\spring-boot-starter-test\3.4.1\spring-boot-starter-test-3.4.1.jar;C:\Users\JoelOliveira\.m2\repository\org\springframework\boot\spring-boot-test\3.4.1\spring-boot-test-3.4.1.jar;C:\Users\JoelOliveira\.m2\repository\org\springframework\boot\spring-boot-test-autoconfigure\3.4.1\spring-boot-test-autoconfigure-3.4.1.jar;C:\Users\JoelOliveira\.m2\repository\com\jayway\jsonpath\json-path\2.9.0\json-path-2.9.0.jar;C:\Users\JoelOliveira\.m2\repository\org\slf4j\slf4j-api\2.0.16\slf4j-api-2.0.16.jar;C:\Users\JoelOliveira\.m2\repository\jakarta\xml\bind\jakarta.xml.bind-api\4.0.2\jakarta.xml.bind-api-4.0.2.jar;C:\Users\JoelOliveira\.m2\repository\jakarta\activation\jakarta.activation-api\2.1.3\jakarta.activation-api-2.1.3.jar;C:\Users\JoelOliveira\.m2\repository\net\minidev\json-smart\2.5.1\json-smart-2.5.1.jar;C:\Users\JoelOliveira\.m2\repository\net\minidev\accessors-smart\2.5.1\accessors-smart-2.5.1.jar;C:\Users\JoelOliveira\.m2\repository\org\ow2\asm\asm\9.6\asm-9.6.jar;C:\Users\JoelOliveira\.m2\repository\org\assertj\assertj-core\3.26.3\assertj-core-3.26.3.jar;C:\Users\JoelOliveira\.m2\repository\net\bytebuddy\byte-buddy\1.15.11\byte-buddy-1.15.11.jar;C:\Users\JoelOliveira\.m2\repository\org\awaitility\awaitility\4.2.2\awaitility-4.2.2.jar;C:\Users\JoelOliveira\.m2\repository\org\hamcrest\hamcrest\2.2\hamcrest-2.2.jar;C:\Users\JoelOliveira\.m2\repository\org\junit\jupiter\junit-jupiter\5.11.4\junit-jupiter-5.11.4.jar;C:\Users\JoelOliveira\.m2\repository\org\junit\jupiter\junit-jupiter-api\5.11.4\junit-jupiter-api-5.11.4.jar;C:\Users\JoelOliveira\.m2\repository\org\opentest4j\opentest4j\1.3.0\opentest4j-1.3.0.jar;C:\Users\JoelOliveira\.m2\repository\org\junit\platform\junit-platform-commons\1.11.4\junit-platform-commons-1.11.4.jar;C:\Users\JoelOliveira\.m2\repository\org\apiguardian\apiguardian-api\1.1.2\apiguardian-api-1.1.2.jar;C:\Users\JoelOliveira\.m2\repository\org\junit\jupiter\junit-jupiter-params\5.11.4\junit-jupiter-params-5.11.4.jar;C:\Users\JoelOliveira\.m2\repository\org\junit\jupiter\junit-jupiter-engine\5.11.4\junit-jupiter-engine-5.11.4.jar;C:\Users\JoelOliveira\.m2\repository\org\junit\platform\junit-platform-engine\1.11.4\junit-platform-engine-1.11.4.jar;C:\Users\JoelOliveira\.m2\repository\org\mockito\mockito-core\5.14.2\mockito-core-5.14.2.jar;C:\Users\JoelOliveira\.m2\repository\net\bytebuddy\byte-buddy-agent\1.15.11\byte-buddy-agent-1.15.11.jar;C:\Users\JoelOliveira\.m2\repository\org\objenesis\objenesis\3.3\objenesis-3.3.jar;C:\Users\JoelOliveira\.m2\repository\org\mockito\mockito-junit-jupiter\5.14.2\mockito-junit-jupiter-5.14.2.jar;C:\Users\JoelOliveira\.m2\repository\org\skyscreamer\jsonassert\1.5.3\jsonassert-1.5.3.jar;C:\Users\JoelOliveira\.m2\repository\com\vaadin\external\google\android-json\0.0.20131108.vaadin1\android-json-0.0.20131108.vaadin1.jar;C:\Users\JoelOliveira\.m2\repository\org\springframework\spring-core\6.2.1\spring-core-6.2.1.jar;C:\Users\JoelOliveira\.m2\repository\org\springframework\spring-jcl\6.2.1\spring-jcl-6.2.1.jar;C:\Users\JoelOliveira\.m2\repository\org\springframework\spring-test\6.2.1\spring-test-6.2.1.jar;C:\Users\JoelOliveira\.m2\repository\org\xmlunit\xmlunit-core\2.10.0\xmlunit-core-2.10.0.jar;C:\Users\JoelOliveira\.m2\repository\org\springdoc\springdoc-openapi-starter-webmvc-ui\2.8.3\springdoc-openapi-starter-webmvc-ui-2.8.3.jar;C:\Users\JoelOliveira\.m2\repository\org\springdoc\springdoc-openapi-starter-webmvc-api\2.8.3\springdoc-openapi-starter-webmvc-api-2.8.3.jar;C:\Users\JoelOliveira\.m2\repository\org\springdoc\springdoc-openapi-starter-common\2.8.3\springdoc-openapi-starter-common-2.8.3.jar;C:\Users\JoelOliveira\.m2\repository\io\swagger\core\v3\swagger-core-jakarta\2.2.27\swagger-core-jakarta-2.2.27.jar;C:\Users\JoelOliveira\.m2\repository\org\apache\commons\commons-lang3\3.17.0\commons-lang3-3.17.0.jar;C:\Users\JoelOliveira\.m2\repository\io\swagger\core\v3\swagger-annotations-jakarta\2.2.27\swagger-annotations-jakarta-2.2.27.jar;C:\Users\JoelOliveira\.m2\repository\io\swagger\core\v3\swagger-models-jakarta\2.2.27\swagger-models-jakarta-2.2.27.jar;C:\Users\JoelOliveira\.m2\repository\com\fasterxml\jackson\dataformat\jackson-dataformat-yaml\2.18.2\jackson-dataformat-yaml-2.18.2.jar;C:\Users\JoelOliveira\.m2\repository\org\webjars\swagger-ui\5.18.2\swagger-ui-5.18.2.jar;C:\Users\JoelOliveira\.m2\repository\org\webjars\webjars-locator-lite\1.0.1\webjars-locator-lite-1.0.1.jar;C:\Users\JoelOliveira\.m2\repository\org\jspecify\jspecify\1.0.0\jspecify-1.0.0.jar;C:\Users\JoelOliveira\.m2\repository\org\springframework\boot\spring-boot-devtools\3.4.1\spring-boot-devtools-3.4.1.jar;C:\Users\JoelOliveira\.m2\repository\org\springframework\boot\spring-boot\3.4.1\spring-boot-3.4.1.jar;C:\Users\JoelOliveira\.m2\repository\org\springframework\boot\spring-boot-autoconfigure\3.4.1\spring-boot-autoconfigure-3.4.1.jar;C:\Users\JoelOliveira\.m2\repository\org\springframework\boot\spring-boot-starter-data-jpa\3.4.1\spring-boot-starter-data-jpa-3.4.1.jar;C:\Users\JoelOliveira\.m2\repository\org\springframework\boot\spring-boot-starter-jdbc\3.4.1\spring-boot-starter-jdbc-3.4.1.jar;C:\Users\JoelOliveira\.m2\repository\com\zaxxer\HikariCP\5.1.0\HikariCP-5.1.0.jar;C:\Users\JoelOliveira\.m2\repository\org\springframework\spring-jdbc\6.2.1\spring-jdbc-6.2.1.jar;C:\Users\JoelOliveira\.m2\repository\org\hibernate\orm\hibernate-core\6.6.4.Final\hibernate-core-6.6.4.Final.jar;C:\Users\JoelOliveira\.m2\repository\jakarta\persistence\jakarta.persistence-api\3.1.0\jakarta.persistence-api-3.1.0.jar;C:\Users\JoelOliveira\.m2\repository\jakarta\transaction\jakarta.transaction-api\2.0.1\jakarta.transaction-api-2.0.1.jar;C:\Users\JoelOliveira\.m2\repository\org\jboss\logging\jboss-logging\3.6.1.Final\jboss-logging-3.6.1.Final.jar;C:\Users\JoelOliveira\.m2\repository\org\hibernate\common\hibernate-commons-annotations\7.0.3.Final\hibernate-commons-annotations-7.0.3.Final.jar;C:\Users\JoelOliveira\.m2\repository\io\smallrye\jandex\3.2.0\jandex-3.2.0.jar;C:\Users\JoelOliveira\.m2\repository\com\fasterxml\classmate\1.7.0\classmate-1.7.0.jar;C:\Users\JoelOliveira\.m2\repository\org\glassfish\jaxb\jaxb-runtime\4.0.5\jaxb-runtime-4.0.5.jar;C:\Users\JoelOliveira\.m2\repository\org\glassfish\jaxb\jaxb-core\4.0.5\jaxb-core-4.0.5.jar;C:\Users\JoelOliveira\.m2\repository\org\eclipse\angus\angus-activation\2.0.2\angus-activation-2.0.2.jar;C:\Users\JoelOliveira\.m2\repository\org\glassfish\jaxb\txw2\4.0.5\txw2-4.0.5.jar;C:\Users\JoelOliveira\.m2\repository\com\sun\istack\istack-commons-runtime\4.1.2\istack-commons-runtime-4.1.2.jar;C:\Users\JoelOliveira\.m2\repository\jakarta\inject\jakarta.inject-api\2.0.1\jakarta.inject-api-2.0.1.jar;C:\Users\JoelOliveira\.m2\repository\org\antlr\antlr4-runtime\4.13.0\antlr4-runtime-4.13.0.jar;C:\Users\JoelOliveira\.m2\repository\org\springframework\data\spring-data-jpa\3.4.1\spring-data-jpa-3.4.1.jar;C:\Users\JoelOliveira\.m2\repository\org\springframework\data\spring-data-commons\3.4.1\spring-data-commons-3.4.1.jar;C:\Users\JoelOliveira\.m2\repository\org\springframework\spring-orm\6.2.1\spring-orm-6.2.1.jar;C:\Users\JoelOliveira\.m2\repository\org\springframework\spring-tx\6.2.1\spring-tx-6.2.1.jar;C:\Users\JoelOliveira\.m2\repository\org\springframework\spring-aspects\6.2.1\spring-aspects-6.2.1.jar;C:\Users\JoelOliveira\.m2\repository\org\aspectj\aspectjweaver\1.9.22.1\aspectjweaver-1.9.22.1.jar;C:\Users\JoelOliveira\.m2\repository\com\h2database\h2\2.3.232\h2-2.3.232.jar;C:\Users\JoelOliveira\.m2\repository\org\projectlombok\lombok\1.18.36\lombok-1.18.36.jar;C:\Users\JoelOliveira\.m2\repository\org\springframework\boot\spring-boot-starter-validation\3.4.1\spring-boot-starter-validation-3.4.1.jar;C:\Users\JoelOliveira\.m2\repository\org\apache\tomcat\embed\tomcat-embed-el\10.1.34\tomcat-embed-el-10.1.34.jar;C:\Users\JoelOliveira\.m2\repository\org\hibernate\validator\hibernate-validator\8.0.2.Final\hibernate-validator-8.0.2.Final.jar;C:\Users\JoelOliveira\.m2\repository\jakarta\validation\jakarta.validation-api\3.0.2\jakarta.validation-api-3.0.2.jar;C:\Users\JoelOliveira\.m2\repository\org\modelmapper\modelmapper\3.0.0\modelmapper-3.0.0.jar;C:\Users\JoelOliveira\.m2\repository\org\springframework\boot\spring-boot-starter-security\3.4.1\spring-boot-starter-security-3.4.1.jar;C:\Users\JoelOliveira\.m2\repository\org\springframework\spring-aop\6.2.1\spring-aop-6.2.1.jar;C:\Users\JoelOliveira\.m2\repository\org\springframework\security\spring-security-config\6.4.2\spring-security-config-6.4.2.jar;C:\Users\JoelOliveira\.m2\repository\org\springframework\security\spring-security-core\6.4.2\spring-security-core-6.4.2.jar;C:\Users\JoelOliveira\.m2\repository\org\springframework\security\spring-security-crypto\6.4.2\spring-security-crypto-6.4.2.jar;C:\Users\JoelOliveira\.m2\repository\org\springframework\security\spring-security-web\6.4.2\spring-security-web-6.4.2.jar;C:\Users\JoelOliveira\.m2\repository\io\jsonwebtoken\jjwt-api\0.12.6\jjwt-api-0.12.6.jar;C:\Users\JoelOliveira\.m2\repository\io\jsonwebtoken\jjwt-impl\0.12.6\jjwt-impl-0.12.6.jar;C:\Users\JoelOliveira\.m2\repository\io\jsonwebtoken\jjwt-jackson\0.12.6\jjwt-jackson-0.12.6.jar;C:\Users\JoelOliveira\.m2\repository\com\fasterxml\jackson\core\jackson-databind\2.18.2\jackson-databind-2.18.2.jar;C:\Users\JoelOliveira\.m2\repository\com\fasterxml\jackson\core\jackson-annotations\2.18.2\jackson-annotations-2.18.2.jar;C:\Users\JoelOliveira\.m2\repository\com\fasterxml\jackson\core\jackson-core\2.18.2\jackson-core-2.18.2.jar;"/>
    <property name="java.vm.vendor" value="Oracle Corporation"/>
    <property name="sun.arch.data.model" value="64"/>
    <property name="user.variant" value=""/>
    <property name="java.vendor.url" value="https://java.oracle.com/"/>
    <property name="user.timezone" value="Asia/Calcutta"/>
    <property name="org.jboss.logging.provider" value="slf4j"/>
    <property name="os.name" value="Windows 11"/>
    <property name="java.vm.specification.version" value="21"/>
    <property name="APPLICATION_NAME" value="E-Commerce"/>
    <property name="sun.java.launcher" value="SUN_STANDARD"/>
    <property name="user.country" value="IN"/>
    <property name="sun.boot.library.path" value="C:\Program Files\Java\jdk-21\bin"/>
    <property name="sun.java.command" value="C:\Users\JoelOliveira\AppData\Local\Temp\surefire12666180303034193890\surefirebooter-20250304112243164_3.jar C:\Users\JoelOliveira\AppData\Local\Temp\surefire12666180303034193890 2025-03-04T11-22-41_574-jvmRun1 surefire-20250304112243164_1tmp surefire_0-20250304112243164_2tmp"/>
    <property name="jdk.debug" value="release"/>
    <property name="surefire.test.class.path" value="C:\Users\JoelOliveira\Desktop\Joel\Github\E-Commerce-Project\target\test-classes;C:\Users\JoelOliveira\Desktop\Joel\Github\E-Commerce-Project\target\classes;C:\Users\JoelOliveira\.m2\repository\org\springframework\boot\spring-boot-starter-web\3.4.1\spring-boot-starter-web-3.4.1.jar;C:\Users\JoelOliveira\.m2\repository\org\springframework\boot\spring-boot-starter\3.4.1\spring-boot-starter-3.4.1.jar;C:\Users\JoelOliveira\.m2\repository\org\springframework\boot\spring-boot-starter-logging\3.4.1\spring-boot-starter-logging-3.4.1.jar;C:\Users\JoelOliveira\.m2\repository\ch\qos\logback\logback-classic\1.5.12\logback-classic-1.5.12.jar;C:\Users\JoelOliveira\.m2\repository\ch\qos\logback\logback-core\1.5.12\logback-core-1.5.12.jar;C:\Users\JoelOliveira\.m2\repository\org\apache\logging\log4j\log4j-to-slf4j\2.24.3\log4j-to-slf4j-2.24.3.jar;C:\Users\JoelOliveira\.m2\repository\org\apache\logging\log4j\log4j-api\2.24.3\log4j-api-2.24.3.jar;C:\Users\JoelOliveira\.m2\repository\org\slf4j\jul-to-slf4j\2.0.16\jul-to-slf4j-2.0.16.jar;C:\Users\JoelOliveira\.m2\repository\jakarta\annotation\jakarta.annotation-api\2.1.1\jakarta.annotation-api-2.1.1.jar;C:\Users\JoelOliveira\.m2\repository\org\yaml\snakeyaml\2.3\snakeyaml-2.3.jar;C:\Users\JoelOliveira\.m2\repository\org\springframework\boot\spring-boot-starter-json\3.4.1\spring-boot-starter-json-3.4.1.jar;C:\Users\JoelOliveira\.m2\repository\com\fasterxml\jackson\datatype\jackson-datatype-jdk8\2.18.2\jackson-datatype-jdk8-2.18.2.jar;C:\Users\JoelOliveira\.m2\repository\com\fasterxml\jackson\datatype\jackson-datatype-jsr310\2.18.2\jackson-datatype-jsr310-2.18.2.jar;C:\Users\JoelOliveira\.m2\repository\com\fasterxml\jackson\module\jackson-module-parameter-names\2.18.2\jackson-module-parameter-names-2.18.2.jar;C:\Users\JoelOliveira\.m2\repository\org\springframework\boot\spring-boot-starter-tomcat\3.4.1\spring-boot-starter-tomcat-3.4.1.jar;C:\Users\JoelOliveira\.m2\repository\org\apache\tomcat\embed\tomcat-embed-core\10.1.34\tomcat-embed-core-10.1.34.jar;C:\Users\JoelOliveira\.m2\repository\org\apache\tomcat\embed\tomcat-embed-websocket\10.1.34\tomcat-embed-websocket-10.1.34.jar;C:\Users\JoelOliveira\.m2\repository\org\springframework\spring-web\6.2.1\spring-web-6.2.1.jar;C:\Users\JoelOliveira\.m2\repository\org\springframework\spring-beans\6.2.1\spring-beans-6.2.1.jar;C:\Users\JoelOliveira\.m2\repository\io\micrometer\micrometer-observation\1.14.2\micrometer-observation-1.14.2.jar;C:\Users\JoelOliveira\.m2\repository\io\micrometer\micrometer-commons\1.14.2\micrometer-commons-1.14.2.jar;C:\Users\JoelOliveira\.m2\repository\org\springframework\spring-webmvc\6.2.1\spring-webmvc-6.2.1.jar;C:\Users\JoelOliveira\.m2\repository\org\springframework\spring-context\6.2.1\spring-context-6.2.1.jar;C:\Users\JoelOliveira\.m2\repository\org\springframework\spring-expression\6.2.1\spring-expression-6.2.1.jar;C:\Users\JoelOliveira\.m2\repository\org\springframework\boot\spring-boot-starter-test\3.4.1\spring-boot-starter-test-3.4.1.jar;C:\Users\JoelOliveira\.m2\repository\org\springframework\boot\spring-boot-test\3.4.1\spring-boot-test-3.4.1.jar;C:\Users\JoelOliveira\.m2\repository\org\springframework\boot\spring-boot-test-autoconfigure\3.4.1\spring-boot-test-autoconfigure-3.4.1.jar;C:\Users\JoelOliveira\.m2\repository\com\jayway\jsonpath\json-path\2.9.0\json-path-2.9.0.jar;C:\Users\JoelOliveira\.m2\repository\org\slf4j\slf4j-api\2.0.16\slf4j-api-2.0.16.jar;C:\Users\JoelOliveira\.m2\repository\jakarta\xml\bind\jakarta.xml.bind-api\4.0.2\jakarta.xml.bind-api-4.0.2.jar;C:\Users\JoelOliveira\.m2\repository\jakarta\activation\jakarta.activation-api\2.1.3\jakarta.activation-api-2.1.3.jar;C:\Users\JoelOliveira\.m2\repository\net\minidev\json-smart\2.5.1\json-smart-2.5.1.jar;C:\Users\JoelOliveira\.m2\repository\net\minidev\accessors-smart\2.5.1\accessors-smart-2.5.1.jar;C:\Users\JoelOliveira\.m2\repository\org\ow2\asm\asm\9.6\asm-9.6.jar;C:\Users\JoelOliveira\.m2\repository\org\assertj\assertj-core\3.26.3\assertj-core-3.26.3.jar;C:\Users\JoelOliveira\.m2\repository\net\bytebuddy\byte-buddy\1.15.11\byte-buddy-1.15.11.jar;C:\Users\JoelOliveira\.m2\repository\org\awaitility\awaitility\4.2.2\awaitility-4.2.2.jar;C:\Users\JoelOliveira\.m2\repository\org\hamcrest\hamcrest\2.2\hamcrest-2.2.jar;C:\Users\JoelOliveira\.m2\repository\org\junit\jupiter\junit-jupiter\5.11.4\junit-jupiter-5.11.4.jar;C:\Users\JoelOliveira\.m2\repository\org\junit\jupiter\junit-jupiter-api\5.11.4\junit-jupiter-api-5.11.4.jar;C:\Users\JoelOliveira\.m2\repository\org\opentest4j\opentest4j\1.3.0\opentest4j-1.3.0.jar;C:\Users\JoelOliveira\.m2\repository\org\junit\platform\junit-platform-commons\1.11.4\junit-platform-commons-1.11.4.jar;C:\Users\JoelOliveira\.m2\repository\org\apiguardian\apiguardian-api\1.1.2\apiguardian-api-1.1.2.jar;C:\Users\JoelOliveira\.m2\repository\org\junit\jupiter\junit-jupiter-params\5.11.4\junit-jupiter-params-5.11.4.jar;C:\Users\JoelOliveira\.m2\repository\org\junit\jupiter\junit-jupiter-engine\5.11.4\junit-jupiter-engine-5.11.4.jar;C:\Users\JoelOliveira\.m2\repository\org\junit\platform\junit-platform-engine\1.11.4\junit-platform-engine-1.11.4.jar;C:\Users\JoelOliveira\.m2\repository\org\mockito\mockito-core\5.14.2\mockito-core-5.14.2.jar;C:\Users\JoelOliveira\.m2\repository\net\bytebuddy\byte-buddy-agent\1.15.11\byte-buddy-agent-1.15.11.jar;C:\Users\JoelOliveira\.m2\repository\org\objenesis\objenesis\3.3\objenesis-3.3.jar;C:\Users\JoelOliveira\.m2\repository\org\mockito\mockito-junit-jupiter\5.14.2\mockito-junit-jupiter-5.14.2.jar;C:\Users\JoelOliveira\.m2\repository\org\skyscreamer\jsonassert\1.5.3\jsonassert-1.5.3.jar;C:\Users\JoelOliveira\.m2\repository\com\vaadin\external\google\android-json\0.0.20131108.vaadin1\android-json-0.0.20131108.vaadin1.jar;C:\Users\JoelOliveira\.m2\repository\org\springframework\spring-core\6.2.1\spring-core-6.2.1.jar;C:\Users\JoelOliveira\.m2\repository\org\springframework\spring-jcl\6.2.1\spring-jcl-6.2.1.jar;C:\Users\JoelOliveira\.m2\repository\org\springframework\spring-test\6.2.1\spring-test-6.2.1.jar;C:\Users\JoelOliveira\.m2\repository\org\xmlunit\xmlunit-core\2.10.0\xmlunit-core-2.10.0.jar;C:\Users\JoelOliveira\.m2\repository\org\springdoc\springdoc-openapi-starter-webmvc-ui\2.8.3\springdoc-openapi-starter-webmvc-ui-2.8.3.jar;C:\Users\JoelOliveira\.m2\repository\org\springdoc\springdoc-openapi-starter-webmvc-api\2.8.3\springdoc-openapi-starter-webmvc-api-2.8.3.jar;C:\Users\JoelOliveira\.m2\repository\org\springdoc\springdoc-openapi-starter-common\2.8.3\springdoc-openapi-starter-common-2.8.3.jar;C:\Users\JoelOliveira\.m2\repository\io\swagger\core\v3\swagger-core-jakarta\2.2.27\swagger-core-jakarta-2.2.27.jar;C:\Users\JoelOliveira\.m2\repository\org\apache\commons\commons-lang3\3.17.0\commons-lang3-3.17.0.jar;C:\Users\JoelOliveira\.m2\repository\io\swagger\core\v3\swagger-annotations-jakarta\2.2.27\swagger-annotations-jakarta-2.2.27.jar;C:\Users\JoelOliveira\.m2\repository\io\swagger\core\v3\swagger-models-jakarta\2.2.27\swagger-models-jakarta-2.2.27.jar;C:\Users\JoelOliveira\.m2\repository\com\fasterxml\jackson\dataformat\jackson-dataformat-yaml\2.18.2\jackson-dataformat-yaml-2.18.2.jar;C:\Users\JoelOliveira\.m2\repository\org\webjars\swagger-ui\5.18.2\swagger-ui-5.18.2.jar;C:\Users\JoelOliveira\.m2\repository\org\webjars\webjars-locator-lite\1.0.1\webjars-locator-lite-1.0.1.jar;C:\Users\JoelOliveira\.m2\repository\org\jspecify\jspecify\1.0.0\jspecify-1.0.0.jar;C:\Users\JoelOliveira\.m2\repository\org\springframework\boot\spring-boot-devtools\3.4.1\spring-boot-devtools-3.4.1.jar;C:\Users\JoelOliveira\.m2\repository\org\springframework\boot\spring-boot\3.4.1\spring-boot-3.4.1.jar;C:\Users\JoelOliveira\.m2\repository\org\springframework\boot\spring-boot-autoconfigure\3.4.1\spring-boot-autoconfigure-3.4.1.jar;C:\Users\JoelOliveira\.m2\repository\org\springframework\boot\spring-boot-starter-data-jpa\3.4.1\spring-boot-starter-data-jpa-3.4.1.jar;C:\Users\JoelOliveira\.m2\repository\org\springframework\boot\spring-boot-starter-jdbc\3.4.1\spring-boot-starter-jdbc-3.4.1.jar;C:\Users\JoelOliveira\.m2\repository\com\zaxxer\HikariCP\5.1.0\HikariCP-5.1.0.jar;C:\Users\JoelOliveira\.m2\repository\org\springframework\spring-jdbc\6.2.1\spring-jdbc-6.2.1.jar;C:\Users\JoelOliveira\.m2\repository\org\hibernate\orm\hibernate-core\6.6.4.Final\hibernate-core-6.6.4.Final.jar;C:\Users\JoelOliveira\.m2\repository\jakarta\persistence\jakarta.persistence-api\3.1.0\jakarta.persistence-api-3.1.0.jar;C:\Users\JoelOliveira\.m2\repository\jakarta\transaction\jakarta.transaction-api\2.0.1\jakarta.transaction-api-2.0.1.jar;C:\Users\JoelOliveira\.m2\repository\org\jboss\logging\jboss-logging\3.6.1.Final\jboss-logging-3.6.1.Final.jar;C:\Users\JoelOliveira\.m2\repository\org\hibernate\common\hibernate-commons-annotations\7.0.3.Final\hibernate-commons-annotations-7.0.3.Final.jar;C:\Users\JoelOliveira\.m2\repository\io\smallrye\jandex\3.2.0\jandex-3.2.0.jar;C:\Users\JoelOliveira\.m2\repository\com\fasterxml\classmate\1.7.0\classmate-1.7.0.jar;C:\Users\JoelOliveira\.m2\repository\org\glassfish\jaxb\jaxb-runtime\4.0.5\jaxb-runtime-4.0.5.jar;C:\Users\JoelOliveira\.m2\repository\org\glassfish\jaxb\jaxb-core\4.0.5\jaxb-core-4.0.5.jar;C:\Users\JoelOliveira\.m2\repository\org\eclipse\angus\angus-activation\2.0.2\angus-activation-2.0.2.jar;C:\Users\JoelOliveira\.m2\repository\org\glassfish\jaxb\txw2\4.0.5\txw2-4.0.5.jar;C:\Users\JoelOliveira\.m2\repository\com\sun\istack\istack-commons-runtime\4.1.2\istack-commons-runtime-4.1.2.jar;C:\Users\JoelOliveira\.m2\repository\jakarta\inject\jakarta.inject-api\2.0.1\jakarta.inject-api-2.0.1.jar;C:\Users\JoelOliveira\.m2\repository\org\antlr\antlr4-runtime\4.13.0\antlr4-runtime-4.13.0.jar;C:\Users\JoelOliveira\.m2\repository\org\springframework\data\spring-data-jpa\3.4.1\spring-data-jpa-3.4.1.jar;C:\Users\JoelOliveira\.m2\repository\org\springframework\data\spring-data-commons\3.4.1\spring-data-commons-3.4.1.jar;C:\Users\JoelOliveira\.m2\repository\org\springframework\spring-orm\6.2.1\spring-orm-6.2.1.jar;C:\Users\JoelOliveira\.m2\repository\org\springframework\spring-tx\6.2.1\spring-tx-6.2.1.jar;C:\Users\JoelOliveira\.m2\repository\org\springframework\spring-aspects\6.2.1\spring-aspects-6.2.1.jar;C:\Users\JoelOliveira\.m2\repository\org\aspectj\aspectjweaver\1.9.22.1\aspectjweaver-1.9.22.1.jar;C:\Users\JoelOliveira\.m2\repository\com\h2database\h2\2.3.232\h2-2.3.232.jar;C:\Users\JoelOliveira\.m2\repository\org\projectlombok\lombok\1.18.36\lombok-1.18.36.jar;C:\Users\JoelOliveira\.m2\repository\org\springframework\boot\spring-boot-starter-validation\3.4.1\spring-boot-starter-validation-3.4.1.jar;C:\Users\JoelOliveira\.m2\repository\org\apache\tomcat\embed\tomcat-embed-el\10.1.34\tomcat-embed-el-10.1.34.jar;C:\Users\JoelOliveira\.m2\repository\org\hibernate\validator\hibernate-validator\8.0.2.Final\hibernate-validator-8.0.2.Final.jar;C:\Users\JoelOliveira\.m2\repository\jakarta\validation\jakarta.validation-api\3.0.2\jakarta.validation-api-3.0.2.jar;C:\Users\JoelOliveira\.m2\repository\org\modelmapper\modelmapper\3.0.0\modelmapper-3.0.0.jar;C:\Users\JoelOliveira\.m2\repository\org\springframework\boot\spring-boot-starter-security\3.4.1\spring-boot-starter-security-3.4.1.jar;C:\Users\JoelOliveira\.m2\repository\org\springframework\spring-aop\6.2.1\spring-aop-6.2.1.jar;C:\Users\JoelOliveira\.m2\repository\org\springframework\security\spring-security-config\6.4.2\spring-security-config-6.4.2.jar;C:\Users\JoelOliveira\.m2\repository\org\springframework\security\spring-security-core\6.4.2\spring-security-core-6.4.2.jar;C:\Users\JoelOliveira\.m2\repository\org\springframework\security\spring-security-crypto\6.4.2\spring-security-crypto-6.4.2.jar;C:\Users\JoelOliveira\.m2\repository\org\springframework\security\spring-security-web\6.4.2\spring-security-web-6.4.2.jar;C:\Users\JoelOliveira\.m2\repository\io\jsonwebtoken\jjwt-api\0.12.6\jjwt-api-0.12.6.jar;C:\Users\JoelOliveira\.m2\repository\io\jsonwebtoken\jjwt-impl\0.12.6\jjwt-impl-0.12.6.jar;C:\Users\JoelOliveira\.m2\repository\io\jsonwebtoken\jjwt-jackson\0.12.6\jjwt-jackson-0.12.6.jar;C:\Users\JoelOliveira\.m2\repository\com\fasterxml\jackson\core\jackson-databind\2.18.2\jackson-databind-2.18.2.jar;C:\Users\JoelOliveira\.m2\repository\com\fasterxml\jackson\core\jackson-annotations\2.18.2\jackson-annotations-2.18.2.jar;C:\Users\JoelOliveira\.m2\repository\com\fasterxml\jackson\core\jackson-core\2.18.2\jackson-core-2.18.2.jar;"/>
    <property name="sun.cpu.endian" value="little"/>
    <property name="user.home" value="C:\Users\JoelOliveira"/>
    <property name="user.language" value="en"/>
    <property name="java.specification.vendor" value="Oracle Corporation"/>
    <property name="java.version.date" value="2023-10-17"/>
    <property name="java.home" value="C:\Program Files\Java\jdk-21"/>
    <property name="file.separator" value="\"/>
    <property name="basedir" value="C:\Users\JoelOliveira\Desktop\Joel\Github\E-Commerce-Project"/>
    <property name="java.vm.compressedOopsMode" value="32-bit"/>
    <property name="line.separator" value="&#10;"/>
    <property name="java.vm.specification.vendor" value="Oracle Corporation"/>
    <property name="java.specification.name" value="Java Platform API Specification"/>
    <property name="FILE_LOG_CHARSET" value="UTF-8"/>
    <property name="java.awt.headless" value="true"/>
    <property name="surefire.real.class.path" value="C:\Users\JoelOliveira\AppData\Local\Temp\surefire12666180303034193890\surefirebooter-20250304112243164_3.jar"/>
    <property name="user.script" value=""/>
    <property name="sun.management.compiler" value="HotSpot 64-Bit Tiered Compilers"/>
    <property name="java.runtime.version" value="21.0.1+12-LTS-29"/>
    <property name="user.name" value="JoelOliveira"/>
    <property name="stdout.encoding" value="Cp1252"/>
    <property name="path.separator" value=";"/>
    <property name="os.version" value="10.0"/>
    <property name="java.runtime.name" value="Java(TM) SE Runtime Environment"/>
    <property name="file.encoding" value="UTF-8"/>
    <property name="java.vm.name" value="Java HotSpot(TM) 64-Bit Server VM"/>
    <property name="localRepository" value="C:\Users\JoelOliveira\.m2\repository"/>
    <property name="java.vendor.url.bug" value="https://bugreport.java.com/bugreport/"/>
    <property name="java.io.tmpdir" value="C:\Users\JOELOL~1\AppData\Local\Temp\"/>
    <property name="idea.version" value="2024.3.4"/>
    <property name="com.zaxxer.hikari.pool_number" value="1"/>
    <property name="java.version" value="21.0.1"/>
    <property name="user.dir" value="C:\Users\JoelOliveira\Desktop\Joel\Github\E-Commerce-Project"/>
    <property name="os.arch" value="amd64"/>
    <property name="java.vm.specification.name" value="Java Virtual Machine Specification"/>
    <property name="PID" value="13672"/>
    <property name="sun.os.patch.level" value=""/>
    <property name="CONSOLE_LOG_CHARSET" value="UTF-8"/>
    <property name="native.encoding" value="Cp1252"/>
    <property name="java.library.path" value="C:\Program Files\Java\jdk-21\bin;C:\WINDOWS\Sun\Java\bin;C:\WINDOWS\system32;C:\WINDOWS;C:\Program Files\Common Files\Oracle\Java\javapath;C:\WINDOWS\system32;C:\WINDOWS;C:\WINDOWS\System32\Wbem;C:\WINDOWS\System32\WindowsPowerShell\v1.0\;C:\WINDOWS\System32\OpenSSH\;C:\Program Files\nodejs\;C:\Program Files\Git\cmd;C:\Program Files\Maven\apache-maven-3.9.8\bin;;C:\Program Files\Docker\Docker\resources\bin;C:\Program Files\Java\jdk-21\bin;C:\Users\JoelOliveira\AppData\Local\Microsoft\WindowsApps;C:\Program Files\JetBrains\IntelliJ IDEA Community Edition 2023.3.2\bin;;C:\Users\JoelOliveira\AppData\Local\Programs\Microsoft VS Code\bin;C:\Users\JoelOliveira\AppData\Roaming\npm;C:\Users\JoelOliveira\AppData\Local\GitHubDesktop\bin;%USERPROFILE%\AppData\Local\Microsoft\WindowsApps;."/>
    <property name="java.vm.info" value="mixed mode, sharing"/>
    <property name="stderr.encoding" value="Cp1252"/>
    <property name="java.vendor" value="Oracle Corporation"/>
    <property name="java.vm.version" value="21.0.1+12-LTS-29"/>
    <property name="sun.io.unicode.encoding" value="UnicodeLittle"/>
    <property name="java.class.version" value="65.0"/>
    <property name="LOGGED_APPLICATION_NAME" value="[E-Commerce] "/>
  </properties>
  <testcase name="contextLoads" classname="com.joel.ECommerceApplicationTests" time="0.62">
    <system-out><![CDATA[11:22:45.311 [main] INFO org.springframework.test.context.support.AnnotationConfigContextLoaderUtils -- Could not detect default configuration classes for test class [com.joel.ECommerceApplicationTests]: ECommerceApplicationTests does not declare any static, non-private, non-final, nested classes annotated with @Configuration.
11:22:45.525 [main] INFO org.springframework.boot.test.context.SpringBootTestContextBootstrapper -- Found @SpringBootConfiguration com.joel.ECommerceApplication for test class com.joel.ECommerceApplicationTests
11:22:45.878 [main] INFO org.springframework.boot.devtools.restart.RestartApplicationListener -- Restart disabled due to context in which it is running

  .   ____          _            __ _ _
 /\\ / ___'_ __ _ _(_)_ __  __ _ \ \ \ \
( ( )\___ | '_ | '_| | '_ \/ _` | \ \ \ \
 \\/  ___)| |_)| | | | | || (_| |  ) ) ) )
  '  |____| .__|_| |_|_| |_\__, | / / / /
 =========|_|==============|___/=/_/_/_/

 :: Spring Boot ::                (v3.4.1)

2025-03-04T11:22:46.243+05:30  INFO 13672 --- [E-Commerce] [           main] com.joel.ECommerceApplicationTests       : Starting ECommerceApplicationTests using Java 21.0.1 with PID 13672 (started by JoelOliveira in C:\Users\JoelOliveira\Desktop\Joel\Github\E-Commerce-Project)
2025-03-04T11:22:46.244+05:30 DEBUG 13672 --- [E-Commerce] [           main] com.joel.ECommerceApplicationTests       : Running with Spring Boot v3.4.1, Spring v6.2.1
2025-03-04T11:22:46.245+05:30  INFO 13672 --- [E-Commerce] [           main] com.joel.ECommerceApplicationTests       : No active profile set, falling back to 1 default profile: "default"
2025-03-04T11:22:46.246+05:30 DEBUG 13672 --- [E-Commerce] [           main] o.s.boot.SpringApplication               : Loading source class com.joel.ECommerceApplication
2025-03-04T11:22:46.285+05:30 DEBUG 13672 --- [E-Commerce] [           main] o.s.w.c.s.GenericWebApplicationContext   : Refreshing org.springframework.web.context.support.GenericWebApplicationContext@36b6964d
2025-03-04T11:22:46.313+05:30 DEBUG 13672 --- [E-Commerce] [           main] o.s.b.f.s.DefaultListableBeanFactory     : Creating shared instance of singleton bean 'org.springframework.context.annotation.internalConfigurationAnnotationProcessor'
2025-03-04T11:22:46.337+05:30 DEBUG 13672 --- [E-Commerce] [           main] o.s.b.f.s.DefaultListableBeanFactory     : Creating shared instance of singleton bean 'org.springframework.boot.autoconfigure.internalCachingMetadataReaderFactory'
2025-03-04T11:22:46.394+05:30 DEBUG 13672 --- [E-Commerce] [           main] o.s.c.a.ClassPathBeanDefinitionScanner   : Identified candidate component class: file [C:\Users\JoelOliveira\Desktop\Joel\Github\E-Commerce-Project\target\classes\com\joel\config\AppConfig.class]
2025-03-04T11:22:46.415+05:30 DEBUG 13672 --- [E-Commerce] [           main] o.s.c.a.ClassPathBeanDefinitionScanner   : Identified candidate component class: file [C:\Users\JoelOliveira\Desktop\Joel\Github\E-Commerce-Project\target\classes\com\joel\controller\AuthController.class]
2025-03-04T11:22:46.427+05:30 DEBUG 13672 --- [E-Commerce] [           main] o.s.c.a.ClassPathBeanDefinitionScanner   : Identified candidate component class: file [C:\Users\JoelOliveira\Desktop\Joel\Github\E-Commerce-Project\target\classes\com\joel\controller\CategoryController.class]
2025-03-04T11:22:46.429+05:30 DEBUG 13672 --- [E-Commerce] [           main] o.s.c.a.ClassPathBeanDefinitionScanner   : Identified candidate component class: file [C:\Users\JoelOliveira\Desktop\Joel\Github\E-Commerce-Project\target\classes\com\joel\controller\ProductController.class]
2025-03-04T11:22:46.444+05:30 DEBUG 13672 --- [E-Commerce] [           main] o.s.c.a.ClassPathBeanDefinitionScanner   : Identified candidate component class: file [C:\Users\JoelOliveira\Desktop\Joel\Github\E-Commerce-Project\target\classes\com\joel\exception\GlobalExceptionHandler.class]
2025-03-04T11:22:46.469+05:30 DEBUG 13672 --- [E-Commerce] [           main] o.s.c.a.ClassPathBeanDefinitionScanner   : Identified candidate component class: file [C:\Users\JoelOliveira\Desktop\Joel\Github\E-Commerce-Project\target\classes\com\joel\security\jwt\AuthEntryPointJwt.class]
2025-03-04T11:22:46.473+05:30 DEBUG 13672 --- [E-Commerce] [           main] o.s.c.a.ClassPathBeanDefinitionScanner   : Identified candidate component class: file [C:\Users\JoelOliveira\Desktop\Joel\Github\E-Commerce-Project\target\classes\com\joel\security\jwt\AuthTokenFilter.class]
2025-03-04T11:22:46.475+05:30 DEBUG 13672 --- [E-Commerce] [           main] o.s.c.a.ClassPathBeanDefinitionScanner   : Identified candidate component class: file [C:\Users\JoelOliveira\Desktop\Joel\Github\E-Commerce-Project\target\classes\com\joel\security\jwt\JwtUtils.class]
2025-03-04T11:22:46.505+05:30 DEBUG 13672 --- [E-Commerce] [           main] o.s.c.a.ClassPathBeanDefinitionScanner   : Identified candidate component class: file [C:\Users\JoelOliveira\Desktop\Joel\Github\E-Commerce-Project\target\classes\com\joel\security\service\UserDetailsServiceImpl.class]
2025-03-04T11:22:46.521+05:30 DEBUG 13672 --- [E-Commerce] [           main] o.s.c.a.ClassPathBeanDefinitionScanner   : Identified candidate component class: file [C:\Users\JoelOliveira\Desktop\Joel\Github\E-Commerce-Project\target\classes\com\joel\security\WebSecurityConfig.class]
2025-03-04T11:22:46.524+05:30 DEBUG 13672 --- [E-Commerce] [           main] o.s.c.a.ClassPathBeanDefinitionScanner   : Identified candidate component class: file [C:\Users\JoelOliveira\Desktop\Joel\Github\E-Commerce-Project\target\classes\com\joel\service\CategoryServiceImpl.class]
2025-03-04T11:22:46.531+05:30 DEBUG 13672 --- [E-Commerce] [           main] o.s.c.a.ClassPathBeanDefinitionScanner   : Identified candidate component class: file [C:\Users\JoelOliveira\Desktop\Joel\Github\E-Commerce-Project\target\classes\com\joel\service\FileServiceImpl.class]
2025-03-04T11:22:46.534+05:30 DEBUG 13672 --- [E-Commerce] [           main] o.s.c.a.ClassPathBeanDefinitionScanner   : Identified candidate component class: file [C:\Users\JoelOliveira\Desktop\Joel\Github\E-Commerce-Project\target\classes\com\joel\service\ProductServiceImpl.class]
2025-03-04T11:22:47.790+05:30  INFO 13672 --- [E-Commerce] [           main] .s.d.r.c.RepositoryConfigurationDelegate : Bootstrapping Spring Data JPA repositories in DEFAULT mode.
2025-03-04T11:22:47.801+05:30 DEBUG 13672 --- [E-Commerce] [           main] o.s.b.f.s.DefaultListableBeanFactory     : Creating shared instance of singleton bean 'org.springframework.boot.autoconfigure.AutoConfigurationPackages'
2025-03-04T11:22:47.810+05:30 DEBUG 13672 --- [E-Commerce] [           main] o.s.b.a.AutoConfigurationPackages        : @EnableAutoConfiguration was declared on a class in the package 'com.joel'. Automatic @Repository and @Entity scanning is enabled.
2025-03-04T11:22:47.811+05:30 DEBUG 13672 --- [E-Commerce] [           main] .s.d.r.c.RepositoryConfigurationDelegate : Scanning for JPA repositories in packages com.joel.
2025-03-04T11:22:47.830+05:30 DEBUG 13672 --- [E-Commerce] [           main] o.s.d.r.c.RepositoryComponentProvider    : Identified candidate component class: file [C:\Users\JoelOliveira\Desktop\Joel\Github\E-Commerce-Project\target\classes\com\joel\repository\CategoryRepository.class]
2025-03-04T11:22:47.830+05:30 DEBUG 13672 --- [E-Commerce] [           main] o.s.d.r.c.RepositoryComponentProvider    : Identified candidate component class: file [C:\Users\JoelOliveira\Desktop\Joel\Github\E-Commerce-Project\target\classes\com\joel\repository\ProductRepository.class]
2025-03-04T11:22:47.831+05:30 DEBUG 13672 --- [E-Commerce] [           main] o.s.d.r.c.RepositoryComponentProvider    : Identified candidate component class: file [C:\Users\JoelOliveira\Desktop\Joel\Github\E-Commerce-Project\target\classes\com\joel\repository\RoleRepository.class]
2025-03-04T11:22:47.831+05:30 DEBUG 13672 --- [E-Commerce] [           main] o.s.d.r.c.RepositoryComponentProvider    : Identified candidate component class: file [C:\Users\JoelOliveira\Desktop\Joel\Github\E-Commerce-Project\target\classes\com\joel\repository\UserRepository.class]
2025-03-04T11:22:47.873+05:30 DEBUG 13672 --- [E-Commerce] [           main] ssPathScanningCandidateComponentProvider : Identified candidate component class: file [C:\Users\JoelOliveira\Desktop\Joel\Github\E-Commerce-Project\target\classes\com\joel\security\service\UserDetailsImpl.class]
2025-03-04T11:22:47.874+05:30 DEBUG 13672 --- [E-Commerce] [           main] ssPathScanningCandidateComponentProvider : Identified candidate component class: file [C:\Users\JoelOliveira\Desktop\Joel\Github\E-Commerce-Project\target\classes\com\joel\security\service\UserDetailsServiceImpl.class]
2025-03-04T11:22:47.874+05:30 DEBUG 13672 --- [E-Commerce] [           main] ssPathScanningCandidateComponentProvider : Identified candidate component class: file [C:\Users\JoelOliveira\Desktop\Joel\Github\E-Commerce-Project\target\classes\com\joel\service\CategoryServiceImpl.class]
2025-03-04T11:22:47.874+05:30 DEBUG 13672 --- [E-Commerce] [           main] ssPathScanningCandidateComponentProvider : Identified candidate component class: file [C:\Users\JoelOliveira\Desktop\Joel\Github\E-Commerce-Project\target\classes\com\joel\service\FileServiceImpl.class]
2025-03-04T11:22:47.874+05:30 DEBUG 13672 --- [E-Commerce] [           main] ssPathScanningCandidateComponentProvider : Identified candidate component class: file [C:\Users\JoelOliveira\Desktop\Joel\Github\E-Commerce-Project\target\classes\com\joel\service\ProductServiceImpl.class]
2025-03-04T11:22:47.898+05:30  INFO 13672 --- [E-Commerce] [           main] .s.d.r.c.RepositoryConfigurationDelegate : Finished Spring Data repository scanning in 83 ms. Found 4 JPA repository interfaces.
2025-03-04T11:22:48.050+05:30 DEBUG 13672 --- [E-Commerce] [           main] o.s.b.f.s.DefaultListableBeanFactory     : Creating shared instance of singleton bean 'springSecurityHandlerMappingIntrospectorBeanDefinitionRegistryPostProcessor'
2025-03-04T11:22:48.243+05:30 DEBUG 13672 --- [E-Commerce] [           main] o.s.b.f.s.DefaultListableBeanFactory     : Creating shared instance of singleton bean 'propertySourcesPlaceholderConfigurer'
2025-03-04T11:22:48.255+05:30 DEBUG 13672 --- [E-Commerce] [           main] o.s.b.f.s.DefaultListableBeanFactory     : Creating shared instance of singleton bean 'org.springframework.boot.test.mock.mockito.MockitoPostProcessor'
2025-03-04T11:22:48.258+05:30 DEBUG 13672 --- [E-Commerce] [           main] o.s.b.f.s.DefaultListableBeanFactory     : Creating shared instance of singleton bean 'emBeanDefinitionRegistrarPostProcessor'
2025-03-04T11:22:48.259+05:30 DEBUG 13672 --- [E-Commerce] [           main] o.s.b.f.s.DefaultListableBeanFactory     : Creating shared instance of singleton bean 'org.springframework.boot.sql.init.dependency.DatabaseInitializationDependencyConfigurer$DependsOnDatabaseInitializationPostProcessor'
2025-03-04T11:22:48.391+05:30 DEBUG 13672 --- [E-Commerce] [           main] o.s.b.f.s.DefaultListableBeanFactory     : Creating shared instance of singleton bean 'org.springframework.context.event.internalEventListenerProcessor'
2025-03-04T11:22:48.392+05:30 DEBUG 13672 --- [E-Commerce] [           main] o.s.b.f.s.DefaultListableBeanFactory     : Creating shared instance of singleton bean 'conversionServicePostProcessor'
2025-03-04T11:22:48.405+05:30 DEBUG 13672 --- [E-Commerce] [           main] o.s.b.f.s.DefaultListableBeanFactory     : Creating shared instance of singleton bean 'preserveErrorControllerTargetClassPostProcessor'
2025-03-04T11:22:48.406+05:30 DEBUG 13672 --- [E-Commerce] [           main] o.s.b.f.s.DefaultListableBeanFactory     : Creating shared instance of singleton bean 'org.springframework.context.event.internalEventListenerFactory'
2025-03-04T11:22:48.407+05:30 DEBUG 13672 --- [E-Commerce] [           main] o.s.b.f.s.DefaultListableBeanFactory     : Creating shared instance of singleton bean 'org.springframework.transaction.config.internalTransactionalEventListenerFactory'
2025-03-04T11:22:48.413+05:30 DEBUG 13672 --- [E-Commerce] [           main] o.s.b.f.s.DefaultListableBeanFactory     : Creating shared instance of singleton bean 'org.springframework.boot.test.mock.mockito.MockitoPostProcessor$SpyPostProcessor'
2025-03-04T11:22:48.415+05:30 DEBUG 13672 --- [E-Commerce] [           main] o.s.b.f.s.DefaultListableBeanFactory     : Creating shared instance of singleton bean 'org.springframework.context.annotation.internalAutowiredAnnotationProcessor'
2025-03-04T11:22:48.417+05:30 DEBUG 13672 --- [E-Commerce] [           main] o.s.b.f.s.DefaultListableBeanFactory     : Creating shared instance of singleton bean 'org.springframework.context.annotation.internalCommonAnnotationProcessor'
2025-03-04T11:22:48.423+05:30 DEBUG 13672 --- [E-Commerce] [           main] o.s.b.f.s.DefaultListableBeanFactory     : Creating shared instance of singleton bean 'org.springframework.context.annotation.internalPersistenceAnnotationProcessor'
2025-03-04T11:22:48.424+05:30 DEBUG 13672 --- [E-Commerce] [           main] o.s.b.f.s.DefaultListableBeanFactory     : Creating shared instance of singleton bean 'org.springframework.boot.context.properties.ConfigurationPropertiesBindingPostProcessor'
2025-03-04T11:22:48.425+05:30 DEBUG 13672 --- [E-Commerce] [           main] o.s.b.f.s.DefaultListableBeanFactory     : Creating shared instance of singleton bean 'org.springframework.boot.context.internalConfigurationPropertiesBinder'
2025-03-04T11:22:48.428+05:30 DEBUG 13672 --- [E-Commerce] [           main] o.s.b.f.s.DefaultListableBeanFactory     : Creating shared instance of singleton bean 'jdbcConnectionDetailsHikariBeanPostProcessor'
2025-03-04T11:22:48.433+05:30 DEBUG 13672 --- [E-Commerce] [           main] o.s.b.f.s.DefaultListableBeanFactory     : Creating shared instance of singleton bean 'methodValidationPostProcessor'
2025-03-04T11:22:48.435+05:30 DEBUG 13672 --- [E-Commerce] [           main] o.s.b.f.s.DefaultListableBeanFactory     : Autowiring by type from bean name 'methodValidationPostProcessor' via factory method to bean named 'environment'
2025-03-04T11:22:48.463+05:30 DEBUG 13672 --- [E-Commerce] [           main] o.s.b.f.s.DefaultListableBeanFactory     : Creating shared instance of singleton bean 'org.springframework.boot.context.properties.EnableConfigurationPropertiesRegistrar.methodValidationExcludeFilter'
2025-03-04T11:22:48.497+05:30 DEBUG 13672 --- [E-Commerce] [           main] o.s.b.f.s.DefaultListableBeanFactory     : Creating shared instance of singleton bean 'org.springframework.aop.config.internalAutoProxyCreator'
2025-03-04T11:22:48.521+05:30 DEBUG 13672 --- [E-Commerce] [           main] o.s.b.f.s.DefaultListableBeanFactory     : Creating shared instance of singleton bean 'persistenceExceptionTranslationPostProcessor'
2025-03-04T11:22:48.522+05:30 DEBUG 13672 --- [E-Commerce] [           main] o.s.b.f.s.DefaultListableBeanFactory     : Autowiring by type from bean name 'persistenceExceptionTranslationPostProcessor' via factory method to bean named 'environment'
2025-03-04T11:22:48.529+05:30 DEBUG 13672 --- [E-Commerce] [           main] o.s.b.f.s.DefaultListableBeanFactory     : Creating shared instance of singleton bean 'webServerFactoryCustomizerBeanPostProcessor'
2025-03-04T11:22:48.531+05:30 DEBUG 13672 --- [E-Commerce] [           main] o.s.b.f.s.DefaultListableBeanFactory     : Creating shared instance of singleton bean 'errorPageRegistrarBeanPostProcessor'
2025-03-04T11:22:48.533+05:30 DEBUG 13672 --- [E-Commerce] [           main] o.s.b.f.s.DefaultListableBeanFactory     : Creating shared instance of singleton bean 'projectingArgumentResolverBeanPostProcessor'
2025-03-04T11:22:48.535+05:30 DEBUG 13672 --- [E-Commerce] [           main] o.s.b.f.s.DefaultListableBeanFactory     : Creating shared instance of singleton bean 'org.springframework.transaction.config.internalTransactionAdvisor'
2025-03-04T11:22:48.536+05:30 DEBUG 13672 --- [E-Commerce] [           main] o.s.b.f.s.DefaultListableBeanFactory     : Creating shared instance of singleton bean 'org.springframework.transaction.annotation.ProxyTransactionManagementConfiguration'
2025-03-04T11:22:48.558+05:30 DEBUG 13672 --- [E-Commerce] [           main] o.s.b.f.s.DefaultListableBeanFactory     : Creating shared instance of singleton bean 'transactionAttributeSource'
2025-03-04T11:22:48.564+05:30 DEBUG 13672 --- [E-Commerce] [           main] o.s.b.f.s.DefaultListableBeanFactory     : Creating shared instance of singleton bean 'transactionInterceptor'
2025-03-04T11:22:48.566+05:30 DEBUG 13672 --- [E-Commerce] [           main] o.s.b.f.s.DefaultListableBeanFactory     : Autowiring by type from bean name 'transactionInterceptor' via factory method to bean named 'transactionAttributeSource'
2025-03-04T11:22:48.578+05:30 DEBUG 13672 --- [E-Commerce] [           main] o.s.b.f.s.DefaultListableBeanFactory     : Autowiring by type from bean name 'org.springframework.transaction.config.internalTransactionAdvisor' via factory method to bean named 'transactionAttributeSource'
2025-03-04T11:22:48.579+05:30 DEBUG 13672 --- [E-Commerce] [           main] o.s.b.f.s.DefaultListableBeanFactory     : Autowiring by type from bean name 'org.springframework.transaction.config.internalTransactionAdvisor' via factory method to bean named 'transactionInterceptor'
2025-03-04T11:22:48.631+05:30 DEBUG 13672 --- [E-Commerce] [           main] o.s.u.c.s.UiApplicationContextUtils      : Unable to locate ThemeSource with name 'themeSource': using default [org.springframework.ui.context.support.ResourceBundleThemeSource@4877919f]
2025-03-04T11:22:48.633+05:30 DEBUG 13672 --- [E-Commerce] [           main] o.s.b.f.s.DefaultListableBeanFactory     : Creating shared instance of singleton bean 'org.springframework.test.context.support.internalDynamicPropertyRegistrarBeanInitializer'
2025-03-04T11:22:48.638+05:30 DEBUG 13672 --- [E-Commerce] [           main] o.s.b.f.s.DefaultListableBeanFactory     : Creating shared instance of singleton bean 'dataSourceScriptDatabaseInitializer'
2025-03-04T11:22:48.638+05:30 DEBUG 13672 --- [E-Commerce] [           main] o.s.b.f.s.DefaultListableBeanFactory     : Creating shared instance of singleton bean 'org.springframework.boot.autoconfigure.sql.init.DataSourceInitializationConfiguration'
2025-03-04T11:22:48.639+05:30 DEBUG 13672 --- [E-Commerce] [           main] o.s.b.f.s.DefaultListableBeanFactory     : Creating shared instance of singleton bean 'dataSource'
2025-03-04T11:22:48.639+05:30 DEBUG 13672 --- [E-Commerce] [           main] o.s.b.f.s.DefaultListableBeanFactory     : Creating shared instance of singleton bean 'org.springframework.boot.autoconfigure.jdbc.DataSourceConfiguration$Hikari'
2025-03-04T11:22:48.641+05:30 DEBUG 13672 --- [E-Commerce] [           main] o.s.b.f.s.DefaultListableBeanFactory     : Creating shared instance of singleton bean 'spring.datasource-org.springframework.boot.autoconfigure.jdbc.DataSourceProperties'
2025-03-04T11:22:48.642+05:30 DEBUG 13672 --- [E-Commerce] [           main] o.s.b.f.s.DefaultListableBeanFactory     : Creating shared instance of singleton bean 'org.springframework.boot.context.properties.BoundConfigurationProperties'
2025-03-04T11:22:48.682+05:30 DEBUG 13672 --- [E-Commerce] [           main] o.s.b.f.s.DefaultListableBeanFactory     : Creating shared instance of singleton bean 'jdbcConnectionDetails'
2025-03-04T11:22:48.683+05:30 DEBUG 13672 --- [E-Commerce] [           main] o.s.b.f.s.DefaultListableBeanFactory     : Creating shared instance of singleton bean 'org.springframework.boot.autoconfigure.jdbc.DataSourceAutoConfiguration$PooledDataSourceConfiguration'
2025-03-04T11:22:48.685+05:30 DEBUG 13672 --- [E-Commerce] [           main] o.s.b.f.s.DefaultListableBeanFactory     : Autowiring by type from bean name 'jdbcConnectionDetails' via factory method to bean named 'spring.datasource-org.springframework.boot.autoconfigure.jdbc.DataSourceProperties'
2025-03-04T11:22:48.686+05:30 DEBUG 13672 --- [E-Commerce] [           main] o.s.b.f.s.DefaultListableBeanFactory     : Autowiring by type from bean name 'dataSource' via factory method to bean named 'spring.datasource-org.springframework.boot.autoconfigure.jdbc.DataSourceProperties'
2025-03-04T11:22:48.687+05:30 DEBUG 13672 --- [E-Commerce] [           main] o.s.b.f.s.DefaultListableBeanFactory     : Autowiring by type from bean name 'dataSource' via factory method to bean named 'jdbcConnectionDetails'
2025-03-04T11:22:48.728+05:30 DEBUG 13672 --- [E-Commerce] [           main] o.s.b.f.s.DefaultListableBeanFactory     : Creating shared instance of singleton bean 'spring.sql.init-org.springframework.boot.autoconfigure.sql.init.SqlInitializationProperties'
2025-03-04T11:22:48.735+05:30 DEBUG 13672 --- [E-Commerce] [           main] o.s.b.f.s.DefaultListableBeanFactory     : Autowiring by type from bean name 'dataSourceScriptDatabaseInitializer' via factory method to bean named 'dataSource'
2025-03-04T11:22:48.735+05:30 DEBUG 13672 --- [E-Commerce] [           main] o.s.b.f.s.DefaultListableBeanFactory     : Autowiring by type from bean name 'dataSourceScriptDatabaseInitializer' via factory method to bean named 'spring.sql.init-org.springframework.boot.autoconfigure.sql.init.SqlInitializationProperties'
2025-03-04T11:22:48.750+05:30 DEBUG 13672 --- [E-Commerce] [           main] o.s.b.f.s.DefaultListableBeanFactory     : Creating shared instance of singleton bean 'entityManagerFactory'
2025-03-04T11:22:48.751+05:30 DEBUG 13672 --- [E-Commerce] [           main] o.s.b.f.s.DefaultListableBeanFactory     : Creating shared instance of singleton bean 'org.springframework.boot.autoconfigure.orm.jpa.HibernateJpaConfiguration'
2025-03-04T11:22:48.753+05:30 DEBUG 13672 --- [E-Commerce] [           main] o.s.b.f.s.DefaultListableBeanFactory     : Creating shared instance of singleton bean 'spring.jpa-org.springframework.boot.autoconfigure.orm.jpa.JpaProperties'
2025-03-04T11:22:48.767+05:30 DEBUG 13672 --- [E-Commerce] [           main] o.s.b.f.s.DefaultListableBeanFactory     : Creating shared instance of singleton bean 'spring.jpa.hibernate-org.springframework.boot.autoconfigure.orm.jpa.HibernateProperties'
2025-03-04T11:22:48.771+05:30 DEBUG 13672 --- [E-Commerce] [           main] o.s.b.f.s.DefaultListableBeanFactory     : Autowiring by type from bean name 'org.springframework.boot.autoconfigure.orm.jpa.HibernateJpaConfiguration' via constructor to bean named 'dataSource'
2025-03-04T11:22:48.771+05:30 DEBUG 13672 --- [E-Commerce] [           main] o.s.b.f.s.DefaultListableBeanFactory     : Autowiring by type from bean name 'org.springframework.boot.autoconfigure.orm.jpa.HibernateJpaConfiguration' via constructor to bean named 'spring.jpa-org.springframework.boot.autoconfigure.orm.jpa.JpaProperties'
2025-03-04T11:22:48.771+05:30 DEBUG 13672 --- [E-Commerce] [           main] o.s.b.f.s.DefaultListableBeanFactory     : Autowiring by type from bean name 'org.springframework.boot.autoconfigure.orm.jpa.HibernateJpaConfiguration' via constructor to bean named 'org.springframework.beans.factory.support.DefaultListableBeanFactory@3aefae67'
2025-03-04T11:22:48.772+05:30 DEBUG 13672 --- [E-Commerce] [           main] o.s.b.f.s.DefaultListableBeanFactory     : Autowiring by type from bean name 'org.springframework.boot.autoconfigure.orm.jpa.HibernateJpaConfiguration' via constructor to bean named 'spring.jpa.hibernate-org.springframework.boot.autoconfigure.orm.jpa.HibernateProperties'
2025-03-04T11:22:48.780+05:30 DEBUG 13672 --- [E-Commerce] [           main] o.s.b.f.s.DefaultListableBeanFactory     : Creating shared instance of singleton bean 'hikariPoolDataSourceMetadataProvider'
2025-03-04T11:22:48.781+05:30 DEBUG 13672 --- [E-Commerce] [           main] o.s.b.f.s.DefaultListableBeanFactory     : Creating shared instance of singleton bean 'org.springframework.boot.autoconfigure.jdbc.metadata.DataSourcePoolMetadataProvidersConfiguration$HikariPoolDataSourceMetadataProviderConfiguration'
2025-03-04T11:22:48.795+05:30 DEBUG 13672 --- [E-Commerce] [           main] o.s.b.f.s.DefaultListableBeanFactory     : Creating shared instance of singleton bean 'entityManagerFactoryBuilder'
2025-03-04T11:22:48.797+05:30 DEBUG 13672 --- [E-Commerce] [           main] o.s.b.f.s.DefaultListableBeanFactory     : Creating shared instance of singleton bean 'jpaVendorAdapter'
2025-03-04T11:22:48.834+05:30 DEBUG 13672 --- [E-Commerce] [           main] o.s.b.f.s.DefaultListableBeanFactory     : Autowiring by type from bean name 'entityManagerFactoryBuilder' via factory method to bean named 'jpaVendorAdapter'
2025-03-04T11:22:48.871+05:30 DEBUG 13672 --- [E-Commerce] [           main] o.s.b.f.s.DefaultListableBeanFactory     : Creating shared instance of singleton bean 'persistenceManagedTypes'
2025-03-04T11:22:48.874+05:30 DEBUG 13672 --- [E-Commerce] [           main] o.s.b.f.s.DefaultListableBeanFactory     : Autowiring by type from bean name 'persistenceManagedTypes' via factory method to bean named 'org.springframework.beans.factory.support.DefaultListableBeanFactory@3aefae67'
2025-03-04T11:22:48.874+05:30 DEBUG 13672 --- [E-Commerce] [           main] o.s.b.f.s.DefaultListableBeanFactory     : Autowiring by type from bean name 'persistenceManagedTypes' via factory method to bean named 'org.springframework.web.context.support.GenericWebApplicationContext@36b6964d'
2025-03-04T11:22:48.902+05:30 DEBUG 13672 --- [E-Commerce] [           main] o.s.b.f.s.DefaultListableBeanFactory     : Autowiring by type from bean name 'entityManagerFactory' via factory method to bean named 'entityManagerFactoryBuilder'
2025-03-04T11:22:48.903+05:30 DEBUG 13672 --- [E-Commerce] [           main] o.s.b.f.s.DefaultListableBeanFactory     : Autowiring by type from bean name 'entityManagerFactory' via factory method to bean named 'persistenceManagedTypes'
2025-03-04T11:22:48.922+05:30 DEBUG 13672 --- [E-Commerce] [           main] j.LocalContainerEntityManagerFactoryBean : Building JPA container EntityManagerFactory for persistence unit 'default'
2025-03-04T11:22:48.993+05:30  INFO 13672 --- [E-Commerce] [           main] o.hibernate.jpa.internal.util.LogHelper  : HHH000204: Processing PersistenceUnitInfo [name: default]
2025-03-04T11:22:49.222+05:30  INFO 13672 --- [E-Commerce] [           main] org.hibernate.Version                    : HHH000412: Hibernate ORM core version 6.6.4.Final
2025-03-04T11:22:49.308+05:30  INFO 13672 --- [E-Commerce] [           main] o.h.c.internal.RegionFactoryInitiator    : HHH000026: Second-level cache disabled
2025-03-04T11:22:49.948+05:30  INFO 13672 --- [E-Commerce] [           main] o.s.o.j.p.SpringPersistenceUnitInfo      : No LoadTimeWeaver setup: ignoring JPA class transformer
2025-03-04T11:22:50.018+05:30  INFO 13672 --- [E-Commerce] [           main] com.zaxxer.hikari.HikariDataSource       : HikariPool-1 - Starting...
2025-03-04T11:22:50.332+05:30  INFO 13672 --- [E-Commerce] [           main] com.zaxxer.hikari.pool.HikariPool        : HikariPool-1 - Added connection conn0: url=jdbc:h2:mem:test user=SA
2025-03-04T11:22:50.334+05:30  INFO 13672 --- [E-Commerce] [           main] com.zaxxer.hikari.HikariDataSource       : HikariPool-1 - Start completed.
2025-03-04T11:22:50.427+05:30  INFO 13672 --- [E-Commerce] [           main] org.hibernate.orm.connections.pooling    : HHH10001005: Database info:
	Database JDBC URL [Connecting through datasource 'HikariDataSource (HikariPool-1)']
	Database driver: undefined/unknown
	Database version: 2.3.232
	Autocommit mode: undefined/unknown
	Isolation level: undefined/unknown
	Minimum pool size: undefined/unknown
	Maximum pool size: undefined/unknown
2025-03-04T11:22:51.830+05:30  INFO 13672 --- [E-Commerce] [           main] o.h.e.t.j.p.i.JtaPlatformInitiator       : HHH000489: No JTA platform available (set 'hibernate.transaction.jta.platform' to enable JTA platform integration)
2025-03-04T11:22:51.885+05:30 DEBUG 13672 --- [E-Commerce] [           main] org.hibernate.SQL                        : 
    create table address (
        address_id bigint generated by default as identity,
        building_name varchar(255) not null,
        city varchar(255) not null,
        country varchar(255) not null,
        pincode varchar(255) not null,
        state varchar(255) not null,
        street varchar(255) not null,
        primary key (address_id)
    )
Hibernate: 
    create table address (
        address_id bigint generated by default as identity,
        building_name varchar(255) not null,
        city varchar(255) not null,
        country varchar(255) not null,
        pincode varchar(255) not null,
        state varchar(255) not null,
        street varchar(255) not null,
        primary key (address_id)
    )
2025-03-04T11:22:51.894+05:30 DEBUG 13672 --- [E-Commerce] [           main] org.hibernate.SQL                        : 
    create table category (
        category_id bigint generated by default as identity,
        category_name varchar(255) not null,
        primary key (category_id)
    )
Hibernate: 
    create table category (
        category_id bigint generated by default as identity,
        category_name varchar(255) not null,
        primary key (category_id)
    )
2025-03-04T11:22:51.895+05:30 DEBUG 13672 --- [E-Commerce] [           main] org.hibernate.SQL                        : 
    create table product (
        product_id bigint generated by default as identity,
        product_desc varchar(255),
        product_discount float(53),
        product_image varchar(255),
        product_name varchar(255),
        product_price float(53),
        product_quantity integer,
        product_spec_price float(53),
        category_id bigint,
        seller_id bigint,
        primary key (product_id)
    )
Hibernate: 
    create table product (
        product_id bigint generated by default as identity,
        product_desc varchar(255),
        product_discount float(53),
        product_image varchar(255),
        product_name varchar(255),
        product_price float(53),
        product_quantity integer,
        product_spec_price float(53),
        category_id bigint,
        seller_id bigint,
        primary key (product_id)
    )
2025-03-04T11:22:51.896+05:30 DEBUG 13672 --- [E-Commerce] [           main] org.hibernate.SQL                        : 
    create table role (
        role_id integer generated by default as identity,
        role_name enum ('ROLE_ADMIN','ROLE_SELLER','ROLE_USER'),
        primary key (role_id)
    )
Hibernate: 
    create table role (
        role_id integer generated by default as identity,
        role_name enum ('ROLE_ADMIN','ROLE_SELLER','ROLE_USER'),
        primary key (role_id)
    )
2025-03-04T11:22:51.898+05:30 DEBUG 13672 --- [E-Commerce] [           main] org.hibernate.SQL                        : 
    create table user_address (
        user_id bigint not null,
        address_id bigint not null
    )
Hibernate: 
    create table user_address (
        user_id bigint not null,
        address_id bigint not null
    )
2025-03-04T11:22:51.898+05:30 DEBUG 13672 --- [E-Commerce] [           main] org.hibernate.SQL                        : 
    create table user_role (
        user_id bigint not null,
        role_id integer not null,
        primary key (user_id, role_id)
    )
Hibernate: 
    create table user_role (
        user_id bigint not null,
        role_id integer not null,
        primary key (user_id, role_id)
    )
2025-03-04T11:22:51.900+05:30 DEBUG 13672 --- [E-Commerce] [           main] org.hibernate.SQL                        : 
    create table users (
        user_id bigint generated by default as identity,
        user_email varchar(50) not null,
        user_name varchar(20) not null,
        user_password varchar(120) not null,
        primary key (user_id)
    )
Hibernate: 
    create table users (
        user_id bigint generated by default as identity,
        user_email varchar(50) not null,
        user_name varchar(20) not null,
        user_password varchar(120) not null,
        primary key (user_id)
    )
2025-03-04T11:22:51.902+05:30 DEBUG 13672 --- [E-Commerce] [           main] org.hibernate.SQL                        : 
    alter table if exists users 
       drop constraint if exists UKk8d0f2n7n88w1a16yhua64onx
Hibernate: 
    alter table if exists users 
       drop constraint if exists UKk8d0f2n7n88w1a16yhua64onx
2025-03-04T11:22:51.902+05:30 DEBUG 13672 --- [E-Commerce] [           main] org.hibernate.SQL                        : 
    alter table if exists users 
       add constraint UKk8d0f2n7n88w1a16yhua64onx unique (user_name)
Hibernate: 
    alter table if exists users 
       add constraint UKk8d0f2n7n88w1a16yhua64onx unique (user_name)
2025-03-04T11:22:51.904+05:30 DEBUG 13672 --- [E-Commerce] [           main] org.hibernate.SQL                        : 
    alter table if exists users 
       drop constraint if exists UK33uo7vet9c79ydfuwg1w848f
Hibernate: 
    alter table if exists users 
       drop constraint if exists UK33uo7vet9c79ydfuwg1w848f
2025-03-04T11:22:51.904+05:30 DEBUG 13672 --- [E-Commerce] [           main] org.hibernate.SQL                        : 
    alter table if exists users 
       add constraint UK33uo7vet9c79ydfuwg1w848f unique (user_email)
Hibernate: 
    alter table if exists users 
       add constraint UK33uo7vet9c79ydfuwg1w848f unique (user_email)
2025-03-04T11:22:51.905+05:30 DEBUG 13672 --- [E-Commerce] [           main] org.hibernate.SQL                        : 
    alter table if exists product 
       add constraint FK1mtsbur82frn64de7balymq9s 
       foreign key (category_id) 
       references category
Hibernate: 
    alter table if exists product 
       add constraint FK1mtsbur82frn64de7balymq9s 
       foreign key (category_id) 
       references category
2025-03-04T11:22:51.914+05:30 DEBUG 13672 --- [E-Commerce] [           main] org.hibernate.SQL                        : 
    alter table if exists product 
       add constraint FKnuvtfgcf3ohskgoyi6v1eh1jr 
       foreign key (seller_id) 
       references users
Hibernate: 
    alter table if exists product 
       add constraint FKnuvtfgcf3ohskgoyi6v1eh1jr 
       foreign key (seller_id) 
       references users
2025-03-04T11:22:51.915+05:30 DEBUG 13672 --- [E-Commerce] [           main] org.hibernate.SQL                        : 
    alter table if exists user_address 
       add constraint FKdaaxogn1ss81gkcsdn05wi6jp 
       foreign key (address_id) 
       references address
Hibernate: 
    alter table if exists user_address 
       add constraint FKdaaxogn1ss81gkcsdn05wi6jp 
       foreign key (address_id) 
       references address
2025-03-04T11:22:51.917+05:30 DEBUG 13672 --- [E-Commerce] [           main] org.hibernate.SQL                        : 
    alter table if exists user_address 
       add constraint FKrmincuqpi8m660j1c57xj7twr 
       foreign key (user_id) 
       references users
Hibernate: 
    alter table if exists user_address 
       add constraint FKrmincuqpi8m660j1c57xj7twr 
       foreign key (user_id) 
       references users
2025-03-04T11:22:51.918+05:30 DEBUG 13672 --- [E-Commerce] [           main] org.hibernate.SQL                        : 
    alter table if exists user_role 
       add constraint FKa68196081fvovjhkek5m97n3y 
       foreign key (role_id) 
       references role
Hibernate: 
    alter table if exists user_role 
       add constraint FKa68196081fvovjhkek5m97n3y 
       foreign key (role_id) 
       references role
2025-03-04T11:22:51.919+05:30 DEBUG 13672 --- [E-Commerce] [           main] org.hibernate.SQL                        : 
    alter table if exists user_role 
       add constraint FKj345gk1bovqvfame88rcx7yyx 
       foreign key (user_id) 
       references users
Hibernate: 
    alter table if exists user_role 
       add constraint FKj345gk1bovqvfame88rcx7yyx 
       foreign key (user_id) 
       references users
2025-03-04T11:22:51.922+05:30  INFO 13672 --- [E-Commerce] [           main] j.LocalContainerEntityManagerFactoryBean : Initialized JPA EntityManagerFactory for persistence unit 'default'
2025-03-04T11:22:51.926+05:30 DEBUG 13672 --- [E-Commerce] [           main] o.s.b.f.s.DefaultListableBeanFactory     : Creating shared instance of singleton bean 'ECommerceApplication'
2025-03-04T11:22:51.928+05:30 DEBUG 13672 --- [E-Commerce] [           main] o.s.b.f.s.DefaultListableBeanFactory     : Creating shared instance of singleton bean 'appConfig'
2025-03-04T11:22:51.929+05:30 DEBUG 13672 --- [E-Commerce] [           main] o.s.b.f.s.DefaultListableBeanFactory     : Creating shared instance of singleton bean 'authController'
2025-03-04T11:22:51.939+05:30 DEBUG 13672 --- [E-Commerce] [           main] o.s.b.f.s.DefaultListableBeanFactory     : Creating shared instance of singleton bean 'jwtUtils'
2025-03-04T11:22:51.942+05:30 DEBUG 13672 --- [E-Commerce] [           main] ySourcesPropertyResolver$DefaultResolver : Found key 'spring.app.jwtSecret' in PropertySource 'Config resource 'class path resource [application.properties]' via location 'optional:classpath:/'' with value of type String
2025-03-04T11:22:51.943+05:30 DEBUG 13672 --- [E-Commerce] [           main] o.s.c.e.PropertySourcesPropertyResolver  : Found key 'spring.app.jwtSecret' in PropertySource 'environmentProperties' with value of type String
2025-03-04T11:22:51.947+05:30 DEBUG 13672 --- [E-Commerce] [           main] ySourcesPropertyResolver$DefaultResolver : Found key 'spring.app.jwtExpirationMs' in PropertySource 'Config resource 'class path resource [application.properties]' via location 'optional:classpath:/'' with value of type String
2025-03-04T11:22:51.948+05:30 DEBUG 13672 --- [E-Commerce] [           main] o.s.c.e.PropertySourcesPropertyResolver  : Found key 'spring.app.jwtExpirationMs' in PropertySource 'environmentProperties' with value of type String
2025-03-04T11:22:51.957+05:30 DEBUG 13672 --- [E-Commerce] [           main] ySourcesPropertyResolver$DefaultResolver : Found key 'spring.ecom.app.jwtCookieName' in PropertySource 'Config resource 'class path resource [application.properties]' via location 'optional:classpath:/'' with value of type String
2025-03-04T11:22:51.957+05:30 DEBUG 13672 --- [E-Commerce] [           main] o.s.c.e.PropertySourcesPropertyResolver  : Found key 'spring.ecom.app.jwtCookieName' in PropertySource 'environmentProperties' with value of type String
2025-03-04T11:22:51.961+05:30 DEBUG 13672 --- [E-Commerce] [           main] o.s.b.f.s.DefaultListableBeanFactory     : Creating shared instance of singleton bean 'authenticationManager'
2025-03-04T11:22:51.961+05:30 DEBUG 13672 --- [E-Commerce] [           main] o.s.b.f.s.DefaultListableBeanFactory     : Creating shared instance of singleton bean 'webSecurityConfig'
2025-03-04T11:22:51.964+05:30 DEBUG 13672 --- [E-Commerce] [           main] o.s.b.f.s.DefaultListableBeanFactory     : Creating shared instance of singleton bean 'userDetailsServiceImpl'
2025-03-04T11:22:51.967+05:30 DEBUG 13672 --- [E-Commerce] [           main] o.s.b.f.s.DefaultListableBeanFactory     : Creating shared instance of singleton bean 'userRepository'
2025-03-04T11:22:51.980+05:30 DEBUG 13672 --- [E-Commerce] [           main] o.s.b.f.s.DefaultListableBeanFactory     : Creating shared instance of singleton bean 'jpa.named-queries#3'
2025-03-04T11:22:51.985+05:30 DEBUG 13672 --- [E-Commerce] [           main] o.s.b.f.s.DefaultListableBeanFactory     : Creating shared instance of singleton bean 'jpa.UserRepository.fragments#0'
2025-03-04T11:22:51.993+05:30 DEBUG 13672 --- [E-Commerce] [           main] o.s.b.f.s.DefaultListableBeanFactory     : Creating shared instance of singleton bean 'jpaSharedEM_entityManagerFactory'
2025-03-04T11:22:52.076+05:30 DEBUG 13672 --- [E-Commerce] [           main] o.s.b.f.s.DefaultListableBeanFactory     : Creating shared instance of singleton bean 'jpaMappingContext'
2025-03-04T11:22:52.078+05:30 DEBUG 13672 --- [E-Commerce] [           main] .c.JpaMetamodelMappingContextFactoryBean : Initializing JpaMetamodelMappingContext…
2025-03-04T11:22:52.134+05:30 DEBUG 13672 --- [E-Commerce] [           main] .c.JpaMetamodelMappingContextFactoryBean : Finished initializing JpaMetamodelMappingContext
2025-03-04T11:22:52.192+05:30 DEBUG 13672 --- [E-Commerce] [           main] tor$SharedEntityManagerInvocationHandler : Creating new EntityManager for shared EntityManager invocation
2025-03-04T11:22:52.252+05:30 DEBUG 13672 --- [E-Commerce] [           main] tor$SharedEntityManagerInvocationHandler : Creating new EntityManager for shared EntityManager invocation
2025-03-04T11:22:52.398+05:30 DEBUG 13672 --- [E-Commerce] [           main] o.s.d.r.c.s.RepositoryFactorySupport     : Initializing repository instance for com.joel.repository.UserRepository…
2025-03-04T11:22:52.420+05:30 DEBUG 13672 --- [E-Commerce] [           main] tor$SharedEntityManagerInvocationHandler : Creating new EntityManager for shared EntityManager invocation
2025-03-04T11:22:52.518+05:30 DEBUG 13672 --- [E-Commerce] [           main] o.s.d.jpa.repository.query.NamedQuery    : Looking up named query 'User.findByUserName'
2025-03-04T11:22:52.524+05:30 DEBUG 13672 --- [E-Commerce] [           main] o.s.d.jpa.repository.query.NamedQuery    : Did not find named query User.findByUserName
2025-03-04T11:22:52.532+05:30 DEBUG 13672 --- [E-Commerce] [           main] tor$SharedEntityManagerInvocationHandler : Creating new EntityManager for shared EntityManager invocation
2025-03-04T11:22:52.630+05:30 DEBUG 13672 --- [E-Commerce] [           main] o.s.d.jpa.repository.query.NamedQuery    : Looking up named query 'User.existsByUserName'
2025-03-04T11:22:52.631+05:30 DEBUG 13672 --- [E-Commerce] [           main] o.s.d.jpa.repository.query.NamedQuery    : Did not find named query User.existsByUserName
2025-03-04T11:22:52.631+05:30 DEBUG 13672 --- [E-Commerce] [           main] tor$SharedEntityManagerInvocationHandler : Creating new EntityManager for shared EntityManager invocation
2025-03-04T11:22:52.636+05:30 DEBUG 13672 --- [E-Commerce] [           main] o.s.d.jpa.repository.query.NamedQuery    : Looking up named query 'User.existsByUserEmail'
2025-03-04T11:22:52.637+05:30 DEBUG 13672 --- [E-Commerce] [           main] o.s.d.jpa.repository.query.NamedQuery    : Did not find named query User.existsByUserEmail
2025-03-04T11:22:52.637+05:30 DEBUG 13672 --- [E-Commerce] [           main] tor$SharedEntityManagerInvocationHandler : Creating new EntityManager for shared EntityManager invocation
2025-03-04T11:22:52.643+05:30 DEBUG 13672 --- [E-Commerce] [           main] o.s.d.r.c.s.RepositoryFactorySupport     : Finished creation of repository instance for com.joel.repository.UserRepository.
2025-03-04T11:22:52.689+05:30 DEBUG 13672 --- [E-Commerce] [           main] o.s.b.f.s.DefaultListableBeanFactory     : Creating shared instance of singleton bean 'authEntryPointJwt'
2025-03-04T11:22:52.692+05:30 DEBUG 13672 --- [E-Commerce] [           main] o.s.b.f.s.DefaultListableBeanFactory     : Creating shared instance of singleton bean 'org.springframework.security.config.annotation.authentication.configuration.AuthenticationConfiguration'
2025-03-04T11:22:52.696+05:30 DEBUG 13672 --- [E-Commerce] [           main] o.s.b.f.s.DefaultListableBeanFactory     : Creating shared instance of singleton bean 'enableGlobalAuthenticationAutowiredConfigurer'
2025-03-04T11:22:52.697+05:30 DEBUG 13672 --- [E-Commerce] [           main] o.s.b.f.s.DefaultListableBeanFactory     : Autowiring by type from bean name 'enableGlobalAuthenticationAutowiredConfigurer' via factory method to bean named 'org.springframework.web.context.support.GenericWebApplicationContext@36b6964d'
2025-03-04T11:22:52.700+05:30 DEBUG 13672 --- [E-Commerce] [           main] o.s.b.f.s.DefaultListableBeanFactory     : Creating shared instance of singleton bean 'initializeUserDetailsBeanManagerConfigurer'
2025-03-04T11:22:52.701+05:30 DEBUG 13672 --- [E-Commerce] [           main] o.s.b.f.s.DefaultListableBeanFactory     : Autowiring by type from bean name 'initializeUserDetailsBeanManagerConfigurer' via factory method to bean named 'org.springframework.web.context.support.GenericWebApplicationContext@36b6964d'
2025-03-04T11:22:52.703+05:30 DEBUG 13672 --- [E-Commerce] [           main] o.s.b.f.s.DefaultListableBeanFactory     : Creating shared instance of singleton bean 'initializeAuthenticationProviderBeanManagerConfigurer'
2025-03-04T11:22:52.704+05:30 DEBUG 13672 --- [E-Commerce] [           main] o.s.b.f.s.DefaultListableBeanFactory     : Autowiring by type from bean name 'initializeAuthenticationProviderBeanManagerConfigurer' via factory method to bean named 'org.springframework.web.context.support.GenericWebApplicationContext@36b6964d'
2025-03-04T11:22:52.708+05:30 DEBUG 13672 --- [E-Commerce] [           main] o.s.b.f.s.DefaultListableBeanFactory     : Creating shared instance of singleton bean 'objectPostProcessor'
2025-03-04T11:22:52.708+05:30 DEBUG 13672 --- [E-Commerce] [           main] o.s.b.f.s.DefaultListableBeanFactory     : Creating shared instance of singleton bean 'org.springframework.security.config.annotation.configuration.ObjectPostProcessorConfiguration'
2025-03-04T11:22:52.710+05:30 DEBUG 13672 --- [E-Commerce] [           main] o.s.b.f.s.DefaultListableBeanFactory     : Autowiring by type from bean name 'objectPostProcessor' via factory method to bean named 'org.springframework.beans.factory.support.DefaultListableBeanFactory@3aefae67'
2025-03-04T11:22:52.713+05:30 DEBUG 13672 --- [E-Commerce] [           main] o.s.b.f.s.DefaultListableBeanFactory     : Autowiring by type from bean name 'authenticationManager' via factory method to bean named 'org.springframework.security.config.annotation.authentication.configuration.AuthenticationConfiguration'
2025-03-04T11:22:52.714+05:30 DEBUG 13672 --- [E-Commerce] [           main] o.s.b.f.s.DefaultListableBeanFactory     : Creating shared instance of singleton bean 'authenticationManagerBuilder'
2025-03-04T11:22:52.715+05:30 DEBUG 13672 --- [E-Commerce] [           main] o.s.b.f.s.DefaultListableBeanFactory     : Autowiring by type from bean name 'authenticationManagerBuilder' via factory method to bean named 'objectPostProcessor'
2025-03-04T11:22:52.715+05:30 DEBUG 13672 --- [E-Commerce] [           main] o.s.b.f.s.DefaultListableBeanFactory     : Autowiring by type from bean name 'authenticationManagerBuilder' via factory method to bean named 'org.springframework.web.context.support.GenericWebApplicationContext@36b6964d'
2025-03-04T11:22:52.719+05:30 DEBUG 13672 --- [E-Commerce] [           main] o.s.b.f.s.DefaultListableBeanFactory     : Creating shared instance of singleton bean 'authenticationEventPublisher'
2025-03-04T11:22:52.719+05:30 DEBUG 13672 --- [E-Commerce] [           main] o.s.b.f.s.DefaultListableBeanFactory     : Creating shared instance of singleton bean 'org.springframework.boot.autoconfigure.security.servlet.SecurityAutoConfiguration'
2025-03-04T11:22:52.722+05:30 DEBUG 13672 --- [E-Commerce] [           main] o.s.b.f.s.DefaultListableBeanFactory     : Autowiring by type from bean name 'authenticationEventPublisher' via factory method to bean named 'org.springframework.web.context.support.GenericWebApplicationContext@36b6964d'
2025-03-04T11:22:52.766+05:30 DEBUG 13672 --- [E-Commerce] [           main] o.s.b.f.s.DefaultListableBeanFactory     : Creating shared instance of singleton bean 'authenticationProvider'
2025-03-04T11:22:52.813+05:30 DEBUG 13672 --- [E-Commerce] [           main] o.s.b.f.s.DefaultListableBeanFactory     : Creating shared instance of singleton bean 'passwordEncoder'
2025-03-04T11:22:52.818+05:30  INFO 13672 --- [E-Commerce] [           main] eAuthenticationProviderManagerConfigurer : Global AuthenticationManager configured with AuthenticationProvider bean with name authenticationProvider
2025-03-04T11:22:52.818+05:30  WARN 13672 --- [E-Commerce] [           main] r$InitializeUserDetailsManagerConfigurer : Global AuthenticationManager configured with an AuthenticationProvider bean. UserDetailsService beans will not be used by Spring Security for automatically configuring username/password login. Consider removing the AuthenticationProvider bean. Alternatively, consider using the UserDetailsService in a manually instantiated DaoAuthenticationProvider. If the current configuration is intentional, to turn off this warning, increase the logging level of 'org.springframework.security.config.annotation.authentication.configuration.InitializeUserDetailsBeanManagerConfigurer' to ERROR
2025-03-04T11:22:52.820+05:30 DEBUG 13672 --- [E-Commerce] [           main] o.s.b.f.s.DefaultListableBeanFactory     : Creating shared instance of singleton bean 'roleRepository'
2025-03-04T11:22:52.822+05:30 DEBUG 13672 --- [E-Commerce] [           main] o.s.b.f.s.DefaultListableBeanFactory     : Creating shared instance of singleton bean 'jpa.named-queries#0'
2025-03-04T11:22:52.824+05:30 DEBUG 13672 --- [E-Commerce] [           main] o.s.b.f.s.DefaultListableBeanFactory     : Creating shared instance of singleton bean 'jpa.RoleRepository.fragments#0'
2025-03-04T11:22:52.826+05:30 DEBUG 13672 --- [E-Commerce] [           main] tor$SharedEntityManagerInvocationHandler : Creating new EntityManager for shared EntityManager invocation
2025-03-04T11:22:52.826+05:30 DEBUG 13672 --- [E-Commerce] [           main] o.s.d.r.c.s.RepositoryFactorySupport     : Initializing repository instance for com.joel.repository.RoleRepository…
2025-03-04T11:22:52.827+05:30 DEBUG 13672 --- [E-Commerce] [           main] tor$SharedEntityManagerInvocationHandler : Creating new EntityManager for shared EntityManager invocation
2025-03-04T11:22:52.830+05:30 DEBUG 13672 --- [E-Commerce] [           main] o.s.d.jpa.repository.query.NamedQuery    : Looking up named query 'Role.findByRoleName'
2025-03-04T11:22:52.831+05:30 DEBUG 13672 --- [E-Commerce] [           main] o.s.d.jpa.repository.query.NamedQuery    : Did not find named query Role.findByRoleName
2025-03-04T11:22:52.831+05:30 DEBUG 13672 --- [E-Commerce] [           main] tor$SharedEntityManagerInvocationHandler : Creating new EntityManager for shared EntityManager invocation
2025-03-04T11:22:52.849+05:30 DEBUG 13672 --- [E-Commerce] [           main] o.s.d.r.c.s.RepositoryFactorySupport     : Finished creation of repository instance for com.joel.repository.RoleRepository.
2025-03-04T11:22:52.852+05:30 DEBUG 13672 --- [E-Commerce] [           main] o.s.b.f.s.DefaultListableBeanFactory     : Creating shared instance of singleton bean 'categoryController'
2025-03-04T11:22:52.858+05:30 DEBUG 13672 --- [E-Commerce] [           main] o.s.b.f.s.DefaultListableBeanFactory     : Creating shared instance of singleton bean 'categoryServiceImpl'
2025-03-04T11:22:52.860+05:30 DEBUG 13672 --- [E-Commerce] [           main] o.s.b.f.s.DefaultListableBeanFactory     : Creating shared instance of singleton bean 'categoryRepository'
2025-03-04T11:22:52.862+05:30 DEBUG 13672 --- [E-Commerce] [           main] o.s.b.f.s.DefaultListableBeanFactory     : Creating shared instance of singleton bean 'jpa.named-queries#1'
2025-03-04T11:22:52.863+05:30 DEBUG 13672 --- [E-Commerce] [           main] o.s.b.f.s.DefaultListableBeanFactory     : Creating shared instance of singleton bean 'jpa.CategoryRepository.fragments#0'
2025-03-04T11:22:52.864+05:30 DEBUG 13672 --- [E-Commerce] [           main] tor$SharedEntityManagerInvocationHandler : Creating new EntityManager for shared EntityManager invocation
2025-03-04T11:22:52.865+05:30 DEBUG 13672 --- [E-Commerce] [           main] o.s.d.r.c.s.RepositoryFactorySupport     : Initializing repository instance for com.joel.repository.CategoryRepository…
2025-03-04T11:22:52.865+05:30 DEBUG 13672 --- [E-Commerce] [           main] tor$SharedEntityManagerInvocationHandler : Creating new EntityManager for shared EntityManager invocation
2025-03-04T11:22:52.868+05:30 DEBUG 13672 --- [E-Commerce] [           main] o.s.d.jpa.repository.query.NamedQuery    : Looking up named query 'Category.findByCategoryName'
2025-03-04T11:22:52.868+05:30 DEBUG 13672 --- [E-Commerce] [           main] o.s.d.jpa.repository.query.NamedQuery    : Did not find named query Category.findByCategoryName
2025-03-04T11:22:52.869+05:30 DEBUG 13672 --- [E-Commerce] [           main] tor$SharedEntityManagerInvocationHandler : Creating new EntityManager for shared EntityManager invocation
2025-03-04T11:22:52.873+05:30 DEBUG 13672 --- [E-Commerce] [           main] o.s.d.r.c.s.RepositoryFactorySupport     : Finished creation of repository instance for com.joel.repository.CategoryRepository.
2025-03-04T11:22:52.875+05:30 DEBUG 13672 --- [E-Commerce] [           main] o.s.b.f.s.DefaultListableBeanFactory     : Creating shared instance of singleton bean 'modelMapper'
2025-03-04T11:22:52.916+05:30 DEBUG 13672 --- [E-Commerce] [           main] o.s.b.f.s.DefaultListableBeanFactory     : Autowiring by type from bean name 'categoryServiceImpl' via constructor to bean named 'categoryRepository'
2025-03-04T11:22:52.916+05:30 DEBUG 13672 --- [E-Commerce] [           main] o.s.b.f.s.DefaultListableBeanFactory     : Autowiring by type from bean name 'categoryServiceImpl' via constructor to bean named 'modelMapper'
2025-03-04T11:22:52.917+05:30 DEBUG 13672 --- [E-Commerce] [           main] o.s.b.f.s.DefaultListableBeanFactory     : Autowiring by type from bean name 'categoryController' via constructor to bean named 'categoryServiceImpl'
2025-03-04T11:22:52.919+05:30 DEBUG 13672 --- [E-Commerce] [           main] o.s.b.f.s.DefaultListableBeanFactory     : Creating shared instance of singleton bean 'productController'
2025-03-04T11:22:52.921+05:30 DEBUG 13672 --- [E-Commerce] [           main] o.s.b.f.s.DefaultListableBeanFactory     : Creating shared instance of singleton bean 'productServiceImpl'
2025-03-04T11:22:52.925+05:30 DEBUG 13672 --- [E-Commerce] [           main] o.s.b.f.s.DefaultListableBeanFactory     : Creating shared instance of singleton bean 'productRepository'
2025-03-04T11:22:52.928+05:30 DEBUG 13672 --- [E-Commerce] [           main] o.s.b.f.s.DefaultListableBeanFactory     : Creating shared instance of singleton bean 'jpa.named-queries#2'
2025-03-04T11:22:52.930+05:30 DEBUG 13672 --- [E-Commerce] [           main] o.s.b.f.s.DefaultListableBeanFactory     : Creating shared instance of singleton bean 'jpa.ProductRepository.fragments#0'
2025-03-04T11:22:52.932+05:30 DEBUG 13672 --- [E-Commerce] [           main] tor$SharedEntityManagerInvocationHandler : Creating new EntityManager for shared EntityManager invocation
2025-03-04T11:22:52.933+05:30 DEBUG 13672 --- [E-Commerce] [           main] o.s.d.r.c.s.RepositoryFactorySupport     : Initializing repository instance for com.joel.repository.ProductRepository…
2025-03-04T11:22:52.934+05:30 DEBUG 13672 --- [E-Commerce] [           main] tor$SharedEntityManagerInvocationHandler : Creating new EntityManager for shared EntityManager invocation
2025-03-04T11:22:52.948+05:30 DEBUG 13672 --- [E-Commerce] [           main] o.s.d.jpa.repository.query.NamedQuery    : Looking up named query 'Product.findByCategoryOrderByProductPriceAsc'
2025-03-04T11:22:52.950+05:30 DEBUG 13672 --- [E-Commerce] [           main] o.s.d.jpa.repository.query.NamedQuery    : Did not find named query Product.findByCategoryOrderByProductPriceAsc
2025-03-04T11:22:52.950+05:30 DEBUG 13672 --- [E-Commerce] [           main] tor$SharedEntityManagerInvocationHandler : Creating new EntityManager for shared EntityManager invocation
2025-03-04T11:22:52.958+05:30 DEBUG 13672 --- [E-Commerce] [           main] o.s.d.jpa.repository.query.NamedQuery    : Looking up named query 'Product.findByProductNameContainingIgnoreCase'
2025-03-04T11:22:52.959+05:30 DEBUG 13672 --- [E-Commerce] [           main] o.s.d.jpa.repository.query.NamedQuery    : Did not find named query Product.findByProductNameContainingIgnoreCase
2025-03-04T11:22:52.959+05:30 DEBUG 13672 --- [E-Commerce] [           main] tor$SharedEntityManagerInvocationHandler : Creating new EntityManager for shared EntityManager invocation
2025-03-04T11:22:52.962+05:30 DEBUG 13672 --- [E-Commerce] [           main] o.s.d.jpa.repository.query.NamedQuery    : Looking up named query 'Product.findByProductName'
2025-03-04T11:22:52.964+05:30 DEBUG 13672 --- [E-Commerce] [           main] o.s.d.jpa.repository.query.NamedQuery    : Did not find named query Product.findByProductName
2025-03-04T11:22:52.964+05:30 DEBUG 13672 --- [E-Commerce] [           main] tor$SharedEntityManagerInvocationHandler : Creating new EntityManager for shared EntityManager invocation
2025-03-04T11:22:52.972+05:30 DEBUG 13672 --- [E-Commerce] [           main] o.s.d.r.c.s.RepositoryFactorySupport     : Finished creation of repository instance for com.joel.repository.ProductRepository.
2025-03-04T11:22:52.975+05:30 DEBUG 13672 --- [E-Commerce] [           main] o.s.b.f.s.DefaultListableBeanFactory     : Creating shared instance of singleton bean 'fileServiceImpl'
2025-03-04T11:22:52.976+05:30 DEBUG 13672 --- [E-Commerce] [           main] o.s.b.f.s.DefaultListableBeanFactory     : Autowiring by type from bean name 'productServiceImpl' via constructor to bean named 'productRepository'
2025-03-04T11:22:52.976+05:30 DEBUG 13672 --- [E-Commerce] [           main] o.s.b.f.s.DefaultListableBeanFactory     : Autowiring by type from bean name 'productServiceImpl' via constructor to bean named 'categoryRepository'
2025-03-04T11:22:52.977+05:30 DEBUG 13672 --- [E-Commerce] [           main] o.s.b.f.s.DefaultListableBeanFactory     : Autowiring by type from bean name 'productServiceImpl' via constructor to bean named 'modelMapper'
2025-03-04T11:22:52.977+05:30 DEBUG 13672 --- [E-Commerce] [           main] o.s.b.f.s.DefaultListableBeanFactory     : Autowiring by type from bean name 'productServiceImpl' via constructor to bean named 'fileServiceImpl'
2025-03-04T11:22:52.983+05:30 DEBUG 13672 --- [E-Commerce] [           main] o.s.c.e.PropertySourcesPropertyResolver  : Found key 'project.image' in PropertySource 'environmentProperties' with value of type String
2025-03-04T11:22:52.986+05:30 DEBUG 13672 --- [E-Commerce] [           main] o.s.b.f.s.DefaultListableBeanFactory     : Autowiring by type from bean name 'productController' via constructor to bean named 'productServiceImpl'
2025-03-04T11:22:52.987+05:30 DEBUG 13672 --- [E-Commerce] [           main] o.s.b.f.s.DefaultListableBeanFactory     : Creating shared instance of singleton bean 'globalExceptionHandler'
2025-03-04T11:22:52.991+05:30 DEBUG 13672 --- [E-Commerce] [           main] o.s.b.f.s.DefaultListableBeanFactory     : Creating shared instance of singleton bean 'authTokenFilter'
2025-03-04T11:22:52.997+05:30 DEBUG 13672 --- [E-Commerce] [           main] o.s.b.f.s.DefaultListableBeanFactory     : Creating shared instance of singleton bean 'org.springframework.security.config.annotation.web.configuration.WebSecurityConfiguration'
2025-03-04T11:22:53.002+05:30 DEBUG 13672 --- [E-Commerce] [           main] o.s.b.f.s.DefaultListableBeanFactory     : Creating shared instance of singleton bean 'org.springframework.security.config.annotation.web.configuration.HttpSecurityConfiguration'
2025-03-04T11:22:53.019+05:30 DEBUG 13672 --- [E-Commerce] [           main] o.s.b.f.s.DefaultListableBeanFactory     : Creating shared instance of singleton bean 'mvcContentNegotiationManager'
2025-03-04T11:22:53.019+05:30 DEBUG 13672 --- [E-Commerce] [           main] o.s.b.f.s.DefaultListableBeanFactory     : Creating shared instance of singleton bean 'org.springframework.boot.autoconfigure.web.servlet.WebMvcAutoConfiguration$EnableWebMvcConfiguration'
2025-03-04T11:22:53.022+05:30 DEBUG 13672 --- [E-Commerce] [           main] o.s.b.f.s.DefaultListableBeanFactory     : Creating shared instance of singleton bean 'spring.mvc-org.springframework.boot.autoconfigure.web.servlet.WebMvcProperties'
2025-03-04T11:22:53.034+05:30 DEBUG 13672 --- [E-Commerce] [           main] o.s.b.f.s.DefaultListableBeanFactory     : Creating shared instance of singleton bean 'spring.web-org.springframework.boot.autoconfigure.web.WebProperties'
2025-03-04T11:22:53.045+05:30 DEBUG 13672 --- [E-Commerce] [           main] o.s.b.f.s.DefaultListableBeanFactory     : Autowiring by type from bean name 'org.springframework.boot.autoconfigure.web.servlet.WebMvcAutoConfiguration$EnableWebMvcConfiguration' via constructor to bean named 'spring.mvc-org.springframework.boot.autoconfigure.web.servlet.WebMvcProperties'
2025-03-04T11:22:53.046+05:30 DEBUG 13672 --- [E-Commerce] [           main] o.s.b.f.s.DefaultListableBeanFactory     : Autowiring by type from bean name 'org.springframework.boot.autoconfigure.web.servlet.WebMvcAutoConfiguration$EnableWebMvcConfiguration' via constructor to bean named 'spring.web-org.springframework.boot.autoconfigure.web.WebProperties'
2025-03-04T11:22:53.047+05:30 DEBUG 13672 --- [E-Commerce] [           main] o.s.b.f.s.DefaultListableBeanFactory     : Autowiring by type from bean name 'org.springframework.boot.autoconfigure.web.servlet.WebMvcAutoConfiguration$EnableWebMvcConfiguration' via constructor to bean named 'org.springframework.beans.factory.support.DefaultListableBeanFactory@3aefae67'
2025-03-04T11:22:53.059+05:30 DEBUG 13672 --- [E-Commerce] [           main] o.s.b.f.s.DefaultListableBeanFactory     : Creating shared instance of singleton bean 'org.springframework.security.config.annotation.web.configuration.WebMvcSecurityConfiguration'
2025-03-04T11:22:53.062+05:30 DEBUG 13672 --- [E-Commerce] [           main] o.s.b.f.s.DefaultListableBeanFactory     : Creating shared instance of singleton bean 'org.springframework.boot.autoconfigure.web.servlet.WebMvcAutoConfiguration$WebMvcAutoConfigurationAdapter'
2025-03-04T11:22:53.063+05:30 DEBUG 13672 --- [E-Commerce] [           main] o.s.b.f.s.DefaultListableBeanFactory     : Autowiring by type from bean name 'org.springframework.boot.autoconfigure.web.servlet.WebMvcAutoConfiguration$WebMvcAutoConfigurationAdapter' via constructor to bean named 'spring.web-org.springframework.boot.autoconfigure.web.WebProperties'
2025-03-04T11:22:53.064+05:30 DEBUG 13672 --- [E-Commerce] [           main] o.s.b.f.s.DefaultListableBeanFactory     : Autowiring by type from bean name 'org.springframework.boot.autoconfigure.web.servlet.WebMvcAutoConfiguration$WebMvcAutoConfigurationAdapter' via constructor to bean named 'spring.mvc-org.springframework.boot.autoconfigure.web.servlet.WebMvcProperties'
2025-03-04T11:22:53.064+05:30 DEBUG 13672 --- [E-Commerce] [           main] o.s.b.f.s.DefaultListableBeanFactory     : Autowiring by type from bean name 'org.springframework.boot.autoconfigure.web.servlet.WebMvcAutoConfiguration$WebMvcAutoConfigurationAdapter' via constructor to bean named 'org.springframework.beans.factory.support.DefaultListableBeanFactory@3aefae67'
2025-03-04T11:22:53.067+05:30 DEBUG 13672 --- [E-Commerce] [           main] o.s.b.f.s.DefaultListableBeanFactory     : Creating shared instance of singleton bean 'resourceHandlerRegistrationCustomizer'
2025-03-04T11:22:53.067+05:30 DEBUG 13672 --- [E-Commerce] [           main] o.s.b.f.s.DefaultListableBeanFactory     : Creating shared instance of singleton bean 'org.springframework.boot.autoconfigure.web.servlet.WebMvcAutoConfiguration$ResourceChainCustomizerConfiguration'
2025-03-04T11:22:53.068+05:30 DEBUG 13672 --- [E-Commerce] [           main] o.s.b.f.s.DefaultListableBeanFactory     : Autowiring by type from bean name 'resourceHandlerRegistrationCustomizer' via factory method to bean named 'spring.web-org.springframework.boot.autoconfigure.web.WebProperties'
2025-03-04T11:22:53.071+05:30 DEBUG 13672 --- [E-Commerce] [           main] o.s.b.f.s.DefaultListableBeanFactory     : Creating shared instance of singleton bean 'swaggerWebMvcConfigurer'
2025-03-04T11:22:53.072+05:30 DEBUG 13672 --- [E-Commerce] [           main] o.s.b.f.s.DefaultListableBeanFactory     : Creating shared instance of singleton bean 'org.springdoc.webmvc.ui.SwaggerConfig'
2025-03-04T11:22:53.074+05:30 DEBUG 13672 --- [E-Commerce] [           main] o.s.b.f.s.DefaultListableBeanFactory     : Creating shared instance of singleton bean 'org.springdoc.core.properties.SwaggerUiConfigProperties'
2025-03-04T11:22:53.082+05:30 DEBUG 13672 --- [E-Commerce] [           main] o.s.b.f.s.DefaultListableBeanFactory     : Creating shared instance of singleton bean 'indexPageTransformer'
2025-03-04T11:22:53.084+05:30 DEBUG 13672 --- [E-Commerce] [           main] o.s.b.f.s.DefaultListableBeanFactory     : Creating shared instance of singleton bean 'org.springdoc.core.properties.SwaggerUiOAuthProperties'
2025-03-04T11:22:53.087+05:30 DEBUG 13672 --- [E-Commerce] [           main] o.s.b.f.s.DefaultListableBeanFactory     : Creating shared instance of singleton bean 'swaggerWelcome'
2025-03-04T11:22:53.088+05:30 DEBUG 13672 --- [E-Commerce] [           main] o.s.b.f.s.DefaultListableBeanFactory     : Creating shared instance of singleton bean 'org.springdoc.core.properties.SpringDocConfigProperties'
2025-03-04T11:22:53.097+05:30 DEBUG 13672 --- [E-Commerce] [           main] o.s.b.f.s.DefaultListableBeanFactory     : Creating shared instance of singleton bean 'springWebProvider'
2025-03-04T11:22:53.097+05:30 DEBUG 13672 --- [E-Commerce] [           main] o.s.b.f.s.DefaultListableBeanFactory     : Creating shared instance of singleton bean 'org.springdoc.webmvc.core.configuration.SpringDocWebMvcConfiguration'
2025-03-04T11:22:53.108+05:30 DEBUG 13672 --- [E-Commerce] [           main] o.s.b.f.s.DefaultListableBeanFactory     : Autowiring by type from bean name 'swaggerWelcome' via factory method to bean named 'org.springdoc.core.properties.SwaggerUiConfigProperties'
2025-03-04T11:22:53.109+05:30 DEBUG 13672 --- [E-Commerce] [           main] o.s.b.f.s.DefaultListableBeanFactory     : Autowiring by type from bean name 'swaggerWelcome' via factory method to bean named 'org.springdoc.core.properties.SpringDocConfigProperties'
2025-03-04T11:22:53.109+05:30 DEBUG 13672 --- [E-Commerce] [           main] o.s.b.f.s.DefaultListableBeanFactory     : Autowiring by type from bean name 'swaggerWelcome' via factory method to bean named 'springWebProvider'
2025-03-04T11:22:53.147+05:30 DEBUG 13672 --- [E-Commerce] [           main] o.s.b.f.s.DefaultListableBeanFactory     : Creating shared instance of singleton bean 'springdocObjectMapperProvider'
2025-03-04T11:22:53.147+05:30 DEBUG 13672 --- [E-Commerce] [           main] o.s.b.f.s.DefaultListableBeanFactory     : Creating shared instance of singleton bean 'org.springdoc.core.configuration.SpringDocConfiguration'
2025-03-04T11:22:53.153+05:30 DEBUG 13672 --- [E-Commerce] [           main] o.s.b.f.s.DefaultListableBeanFactory     : Autowiring by type from bean name 'springdocObjectMapperProvider' via factory method to bean named 'org.springdoc.core.properties.SpringDocConfigProperties'
2025-03-04T11:22:53.251+05:30 DEBUG 13672 --- [E-Commerce] [           main] o.s.b.f.s.DefaultListableBeanFactory     : Autowiring by type from bean name 'indexPageTransformer' via factory method to bean named 'org.springdoc.core.properties.SwaggerUiConfigProperties'
2025-03-04T11:22:53.252+05:30 DEBUG 13672 --- [E-Commerce] [           main] o.s.b.f.s.DefaultListableBeanFactory     : Autowiring by type from bean name 'indexPageTransformer' via factory method to bean named 'org.springdoc.core.properties.SwaggerUiOAuthProperties'
2025-03-04T11:22:53.252+05:30 DEBUG 13672 --- [E-Commerce] [           main] o.s.b.f.s.DefaultListableBeanFactory     : Autowiring by type from bean name 'indexPageTransformer' via factory method to bean named 'swaggerWelcome'
2025-03-04T11:22:53.252+05:30 DEBUG 13672 --- [E-Commerce] [           main] o.s.b.f.s.DefaultListableBeanFactory     : Autowiring by type from bean name 'indexPageTransformer' via factory method to bean named 'springdocObjectMapperProvider'
2025-03-04T11:22:53.260+05:30 DEBUG 13672 --- [E-Commerce] [           main] o.s.b.f.s.DefaultListableBeanFactory     : Creating shared instance of singleton bean 'swaggerResourceResolver'
2025-03-04T11:22:53.261+05:30 DEBUG 13672 --- [E-Commerce] [           main] o.s.b.f.s.DefaultListableBeanFactory     : Autowiring by type from bean name 'swaggerResourceResolver' via factory method to bean named 'org.springdoc.core.properties.SwaggerUiConfigProperties'
2025-03-04T11:22:53.268+05:30 DEBUG 13672 --- [E-Commerce] [           main] o.s.b.f.s.DefaultListableBeanFactory     : Autowiring by type from bean name 'swaggerWebMvcConfigurer' via factory method to bean named 'org.springdoc.core.properties.SwaggerUiConfigProperties'
2025-03-04T11:22:53.268+05:30 DEBUG 13672 --- [E-Commerce] [           main] o.s.b.f.s.DefaultListableBeanFactory     : Autowiring by type from bean name 'swaggerWebMvcConfigurer' via factory method to bean named 'indexPageTransformer'
2025-03-04T11:22:53.268+05:30 DEBUG 13672 --- [E-Commerce] [           main] o.s.b.f.s.DefaultListableBeanFactory     : Autowiring by type from bean name 'swaggerWebMvcConfigurer' via factory method to bean named 'swaggerResourceResolver'
2025-03-04T11:22:53.273+05:30 DEBUG 13672 --- [E-Commerce] [           main] o.s.b.f.s.DefaultListableBeanFactory     : Creating shared instance of singleton bean 'openEntityManagerInViewInterceptorConfigurer'
2025-03-04T11:22:53.274+05:30 DEBUG 13672 --- [E-Commerce] [           main] o.s.b.f.s.DefaultListableBeanFactory     : Creating shared instance of singleton bean 'org.springframework.boot.autoconfigure.orm.jpa.JpaBaseConfiguration$JpaWebConfiguration'
2025-03-04T11:22:53.275+05:30 DEBUG 13672 --- [E-Commerce] [           main] o.s.b.f.s.DefaultListableBeanFactory     : Autowiring by type from bean name 'org.springframework.boot.autoconfigure.orm.jpa.JpaBaseConfiguration$JpaWebConfiguration' via constructor to bean named 'spring.jpa-org.springframework.boot.autoconfigure.orm.jpa.JpaProperties'
2025-03-04T11:22:53.276+05:30 DEBUG 13672 --- [E-Commerce] [           main] o.s.b.f.s.DefaultListableBeanFactory     : Creating shared instance of singleton bean 'openEntityManagerInViewInterceptor'
2025-03-04T11:22:53.276+05:30  WARN 13672 --- [E-Commerce] [           main] JpaBaseConfiguration$JpaWebConfiguration : spring.jpa.open-in-view is enabled by default. Therefore, database queries may be performed during view rendering. Explicitly configure spring.jpa.open-in-view to disable this warning
2025-03-04T11:22:53.282+05:30 DEBUG 13672 --- [E-Commerce] [           main] o.s.b.f.s.DefaultListableBeanFactory     : Autowiring by type from bean name 'openEntityManagerInViewInterceptorConfigurer' via factory method to bean named 'openEntityManagerInViewInterceptor'
2025-03-04T11:22:53.283+05:30 DEBUG 13672 --- [E-Commerce] [           main] o.s.b.f.s.DefaultListableBeanFactory     : Creating shared instance of singleton bean 'org.springframework.data.web.config.SpringDataWebConfiguration'
2025-03-04T11:22:53.284+05:30 DEBUG 13672 --- [E-Commerce] [           main] o.s.b.f.s.DefaultListableBeanFactory     : Autowiring by type from bean name 'org.springframework.data.web.config.SpringDataWebConfiguration' via constructor to bean named 'org.springframework.web.context.support.GenericWebApplicationContext@36b6964d'
2025-03-04T11:22:53.420+05:30 DEBUG 13672 --- [E-Commerce] [           main] o.s.b.f.s.DefaultListableBeanFactory     : Creating shared instance of singleton bean 'filterChainDecoratorPostProcessor'
2025-03-04T11:22:53.424+05:30 DEBUG 13672 --- [E-Commerce] [           main] o.s.b.f.s.DefaultListableBeanFactory     : Creating shared instance of singleton bean 'mvcHandlerMappingIntrospectorRequestTransformer'
2025-03-04T11:22:53.425+05:30 DEBUG 13672 --- [E-Commerce] [           main] o.s.b.f.s.DefaultListableBeanFactory     : Creating shared instance of singleton bean 'mvcHandlerMappingIntrospector'
2025-03-04T11:22:53.438+05:30 DEBUG 13672 --- [E-Commerce] [           main] o.s.b.f.s.DefaultListableBeanFactory     : Creating shared instance of singleton bean 'welcomePageHandlerMapping'
2025-03-04T11:22:53.439+05:30 DEBUG 13672 --- [E-Commerce] [           main] o.s.b.f.s.DefaultListableBeanFactory     : Creating shared instance of singleton bean 'mvcConversionService'
2025-03-04T11:22:53.454+05:30 DEBUG 13672 --- [E-Commerce] [           main] o.s.b.f.s.DefaultListableBeanFactory     : Creating shared instance of singleton bean 'mvcResourceUrlProvider'
2025-03-04T11:22:53.457+05:30 DEBUG 13672 --- [E-Commerce] [           main] o.s.b.f.s.DefaultListableBeanFactory     : Autowiring by type from bean name 'welcomePageHandlerMapping' via factory method to bean named 'org.springframework.web.context.support.GenericWebApplicationContext@36b6964d'
2025-03-04T11:22:53.457+05:30 DEBUG 13672 --- [E-Commerce] [           main] o.s.b.f.s.DefaultListableBeanFactory     : Autowiring by type from bean name 'welcomePageHandlerMapping' via factory method to bean named 'mvcConversionService'
2025-03-04T11:22:53.457+05:30 DEBUG 13672 --- [E-Commerce] [           main] o.s.b.f.s.DefaultListableBeanFactory     : Autowiring by type from bean name 'welcomePageHandlerMapping' via factory method to bean named 'mvcResourceUrlProvider'
2025-03-04T11:22:53.487+05:30 DEBUG 13672 --- [E-Commerce] [           main] o.s.b.f.s.DefaultListableBeanFactory     : Creating shared instance of singleton bean 'welcomePageNotAcceptableHandlerMapping'
2025-03-04T11:22:53.488+05:30 DEBUG 13672 --- [E-Commerce] [           main] o.s.b.f.s.DefaultListableBeanFactory     : Autowiring by type from bean name 'welcomePageNotAcceptableHandlerMapping' via factory method to bean named 'org.springframework.web.context.support.GenericWebApplicationContext@36b6964d'
2025-03-04T11:22:53.488+05:30 DEBUG 13672 --- [E-Commerce] [           main] o.s.b.f.s.DefaultListableBeanFactory     : Autowiring by type from bean name 'welcomePageNotAcceptableHandlerMapping' via factory method to bean named 'mvcConversionService'
2025-03-04T11:22:53.488+05:30 DEBUG 13672 --- [E-Commerce] [           main] o.s.b.f.s.DefaultListableBeanFactory     : Autowiring by type from bean name 'welcomePageNotAcceptableHandlerMapping' via factory method to bean named 'mvcResourceUrlProvider'
2025-03-04T11:22:53.494+05:30 DEBUG 13672 --- [E-Commerce] [           main] o.s.b.f.s.DefaultListableBeanFactory     : Creating shared instance of singleton bean 'requestMappingHandlerMapping'
2025-03-04T11:22:53.497+05:30 DEBUG 13672 --- [E-Commerce] [           main] o.s.b.f.s.DefaultListableBeanFactory     : Autowiring by type from bean name 'requestMappingHandlerMapping' via factory method to bean named 'mvcContentNegotiationManager'
2025-03-04T11:22:53.497+05:30 DEBUG 13672 --- [E-Commerce] [           main] o.s.b.f.s.DefaultListableBeanFactory     : Autowiring by type from bean name 'requestMappingHandlerMapping' via factory method to bean named 'mvcConversionService'
2025-03-04T11:22:53.497+05:30 DEBUG 13672 --- [E-Commerce] [           main] o.s.b.f.s.DefaultListableBeanFactory     : Autowiring by type from bean name 'requestMappingHandlerMapping' via factory method to bean named 'mvcResourceUrlProvider'
2025-03-04T11:22:53.604+05:30 DEBUG 13672 --- [E-Commerce] [           main] s.w.s.m.m.a.RequestMappingHandlerMapping : 22 mappings in 'requestMappingHandlerMapping'
2025-03-04T11:22:53.609+05:30 DEBUG 13672 --- [E-Commerce] [           main] o.s.b.f.s.DefaultListableBeanFactory     : Creating shared instance of singleton bean 'viewControllerHandlerMapping'
2025-03-04T11:22:53.611+05:30 DEBUG 13672 --- [E-Commerce] [           main] o.s.b.f.s.DefaultListableBeanFactory     : Autowiring by type from bean name 'viewControllerHandlerMapping' via factory method to bean named 'mvcConversionService'
2025-03-04T11:22:53.611+05:30 DEBUG 13672 --- [E-Commerce] [           main] o.s.b.f.s.DefaultListableBeanFactory     : Autowiring by type from bean name 'viewControllerHandlerMapping' via factory method to bean named 'mvcResourceUrlProvider'
2025-03-04T11:22:53.613+05:30 DEBUG 13672 --- [E-Commerce] [           main] o.s.b.f.s.DefaultListableBeanFactory     : Creating shared instance of singleton bean 'beanNameHandlerMapping'
2025-03-04T11:22:53.614+05:30 DEBUG 13672 --- [E-Commerce] [           main] o.s.b.f.s.DefaultListableBeanFactory     : Autowiring by type from bean name 'beanNameHandlerMapping' via factory method to bean named 'mvcConversionService'
2025-03-04T11:22:53.615+05:30 DEBUG 13672 --- [E-Commerce] [           main] o.s.b.f.s.DefaultListableBeanFactory     : Autowiring by type from bean name 'beanNameHandlerMapping' via factory method to bean named 'mvcResourceUrlProvider'
2025-03-04T11:22:53.621+05:30 DEBUG 13672 --- [E-Commerce] [           main] o.s.b.f.s.DefaultListableBeanFactory     : Creating shared instance of singleton bean 'routerFunctionMapping'
2025-03-04T11:22:53.621+05:30 DEBUG 13672 --- [E-Commerce] [           main] o.s.b.f.s.DefaultListableBeanFactory     : Autowiring by type from bean name 'routerFunctionMapping' via factory method to bean named 'mvcConversionService'
2025-03-04T11:22:53.622+05:30 DEBUG 13672 --- [E-Commerce] [           main] o.s.b.f.s.DefaultListableBeanFactory     : Autowiring by type from bean name 'routerFunctionMapping' via factory method to bean named 'mvcResourceUrlProvider'
2025-03-04T11:22:53.624+05:30 DEBUG 13672 --- [E-Commerce] [           main] o.s.b.f.s.DefaultListableBeanFactory     : Creating shared instance of singleton bean 'messageConverters'
2025-03-04T11:22:53.624+05:30 DEBUG 13672 --- [E-Commerce] [           main] o.s.b.f.s.DefaultListableBeanFactory     : Creating shared instance of singleton bean 'org.springframework.boot.autoconfigure.http.HttpMessageConvertersAutoConfiguration'
2025-03-04T11:22:53.631+05:30 DEBUG 13672 --- [E-Commerce] [           main] o.s.b.f.s.DefaultListableBeanFactory     : Creating shared instance of singleton bean 'stringHttpMessageConverter'
2025-03-04T11:22:53.631+05:30 DEBUG 13672 --- [E-Commerce] [           main] o.s.b.f.s.DefaultListableBeanFactory     : Creating shared instance of singleton bean 'org.springframework.boot.autoconfigure.http.HttpMessageConvertersAutoConfiguration$StringHttpMessageConverterConfiguration'
2025-03-04T11:22:53.632+05:30 DEBUG 13672 --- [E-Commerce] [           main] o.s.b.f.s.DefaultListableBeanFactory     : Autowiring by type from bean name 'stringHttpMessageConverter' via factory method to bean named 'environment'
2025-03-04T11:22:53.639+05:30 DEBUG 13672 --- [E-Commerce] [           main] o.s.b.f.s.DefaultListableBeanFactory     : Creating shared instance of singleton bean 'mappingJackson2HttpMessageConverter'
2025-03-04T11:22:53.639+05:30 DEBUG 13672 --- [E-Commerce] [           main] o.s.b.f.s.DefaultListableBeanFactory     : Creating shared instance of singleton bean 'org.springframework.boot.autoconfigure.http.JacksonHttpMessageConvertersConfiguration$MappingJackson2HttpMessageConverterConfiguration'
2025-03-04T11:22:53.640+05:30 DEBUG 13672 --- [E-Commerce] [           main] o.s.b.f.s.DefaultListableBeanFactory     : Creating shared instance of singleton bean 'jacksonObjectMapper'
2025-03-04T11:22:53.641+05:30 DEBUG 13672 --- [E-Commerce] [           main] o.s.b.f.s.DefaultListableBeanFactory     : Creating shared instance of singleton bean 'org.springframework.boot.autoconfigure.jackson.JacksonAutoConfiguration$JacksonObjectMapperConfiguration'
2025-03-04T11:22:53.644+05:30 DEBUG 13672 --- [E-Commerce] [           main] o.s.b.f.s.DefaultListableBeanFactory     : Creating shared instance of singleton bean 'org.springframework.boot.autoconfigure.jackson.JacksonAutoConfiguration$JacksonObjectMapperBuilderConfiguration'
2025-03-04T11:22:53.648+05:30 DEBUG 13672 --- [E-Commerce] [           main] o.s.b.f.s.DefaultListableBeanFactory     : Creating shared instance of singleton bean 'standardJacksonObjectMapperBuilderCustomizer'
2025-03-04T11:22:53.648+05:30 DEBUG 13672 --- [E-Commerce] [           main] o.s.b.f.s.DefaultListableBeanFactory     : Creating shared instance of singleton bean 'org.springframework.boot.autoconfigure.jackson.JacksonAutoConfiguration$Jackson2ObjectMapperBuilderCustomizerConfiguration'
2025-03-04T11:22:53.650+05:30 DEBUG 13672 --- [E-Commerce] [           main] o.s.b.f.s.DefaultListableBeanFactory     : Creating shared instance of singleton bean 'spring.jackson-org.springframework.boot.autoconfigure.jackson.JacksonProperties'
2025-03-04T11:22:53.655+05:30 DEBUG 13672 --- [E-Commerce] [           main] o.s.b.f.s.DefaultListableBeanFactory     : Autowiring by type from bean name 'standardJacksonObjectMapperBuilderCustomizer' via factory method to bean named 'spring.jackson-org.springframework.boot.autoconfigure.jackson.JacksonProperties'
2025-03-04T11:22:53.656+05:30 DEBUG 13672 --- [E-Commerce] [           main] o.s.b.f.s.DefaultListableBeanFactory     : Creating shared instance of singleton bean 'parameterNamesModule'
2025-03-04T11:22:53.657+05:30 DEBUG 13672 --- [E-Commerce] [           main] o.s.b.f.s.DefaultListableBeanFactory     : Creating shared instance of singleton bean 'org.springframework.boot.autoconfigure.jackson.JacksonAutoConfiguration$ParameterNamesModuleConfiguration'
2025-03-04T11:22:53.664+05:30 DEBUG 13672 --- [E-Commerce] [           main] o.s.b.f.s.DefaultListableBeanFactory     : Creating shared instance of singleton bean 'jsonMixinModule'
2025-03-04T11:22:53.665+05:30 DEBUG 13672 --- [E-Commerce] [           main] o.s.b.f.s.DefaultListableBeanFactory     : Creating shared instance of singleton bean 'org.springframework.boot.autoconfigure.jackson.JacksonAutoConfiguration$JacksonMixinConfiguration'
2025-03-04T11:22:53.666+05:30 DEBUG 13672 --- [E-Commerce] [           main] o.s.b.f.s.DefaultListableBeanFactory     : Creating shared instance of singleton bean 'jsonMixinModuleEntries'
2025-03-04T11:22:53.667+05:30 DEBUG 13672 --- [E-Commerce] [           main] o.s.b.f.s.DefaultListableBeanFactory     : Autowiring by type from bean name 'jsonMixinModuleEntries' via factory method to bean named 'org.springframework.web.context.support.GenericWebApplicationContext@36b6964d'
2025-03-04T11:22:53.684+05:30 DEBUG 13672 --- [E-Commerce] [           main] o.s.b.f.s.DefaultListableBeanFactory     : Autowiring by type from bean name 'jsonMixinModule' via factory method to bean named 'org.springframework.web.context.support.GenericWebApplicationContext@36b6964d'
2025-03-04T11:22:53.684+05:30 DEBUG 13672 --- [E-Commerce] [           main] o.s.b.f.s.DefaultListableBeanFactory     : Autowiring by type from bean name 'jsonMixinModule' via factory method to bean named 'jsonMixinModuleEntries'
2025-03-04T11:22:53.687+05:30 DEBUG 13672 --- [E-Commerce] [           main] o.s.b.f.s.DefaultListableBeanFactory     : Creating shared instance of singleton bean 'jsonComponentModule'
2025-03-04T11:22:53.687+05:30 DEBUG 13672 --- [E-Commerce] [           main] o.s.b.f.s.DefaultListableBeanFactory     : Creating shared instance of singleton bean 'org.springframework.boot.autoconfigure.jackson.JacksonAutoConfiguration'
2025-03-04T11:22:53.695+05:30 DEBUG 13672 --- [E-Commerce] [           main] o.s.b.f.s.DefaultListableBeanFactory     : Creating shared instance of singleton bean 'jacksonGeoModule'
2025-03-04T11:22:53.696+05:30 DEBUG 13672 --- [E-Commerce] [           main] o.s.b.f.s.DefaultListableBeanFactory     : Creating shared instance of singleton bean 'org.springframework.data.web.config.SpringDataJacksonConfiguration'
2025-03-04T11:22:53.699+05:30 DEBUG 13672 --- [E-Commerce] [           main] o.s.b.f.s.DefaultListableBeanFactory     : Creating shared instance of singleton bean 'springDataWebSettings'
2025-03-04T11:22:53.699+05:30 DEBUG 13672 --- [E-Commerce] [           main] o.s.b.f.s.DefaultListableBeanFactory     : Creating shared instance of singleton bean 'org.springframework.boot.autoconfigure.data.web.SpringDataWebAutoConfiguration'
2025-03-04T11:22:53.700+05:30 DEBUG 13672 --- [E-Commerce] [           main] o.s.b.f.s.DefaultListableBeanFactory     : Creating shared instance of singleton bean 'spring.data.web-org.springframework.boot.autoconfigure.data.web.SpringDataWebProperties'
2025-03-04T11:22:53.703+05:30 DEBUG 13672 --- [E-Commerce] [           main] o.s.b.f.s.DefaultListableBeanFactory     : Autowiring by type from bean name 'org.springframework.boot.autoconfigure.data.web.SpringDataWebAutoConfiguration' via constructor to bean named 'spring.data.web-org.springframework.boot.autoconfigure.data.web.SpringDataWebProperties'
2025-03-04T11:22:53.720+05:30 DEBUG 13672 --- [E-Commerce] [           main] o.s.b.f.s.DefaultListableBeanFactory     : Creating shared instance of singleton bean 'pageModule'
2025-03-04T11:22:53.723+05:30 DEBUG 13672 --- [E-Commerce] [           main] o.s.b.f.s.DefaultListableBeanFactory     : Autowiring by type from bean name 'jacksonObjectMapperBuilder' via factory method to bean named 'org.springframework.web.context.support.GenericWebApplicationContext@36b6964d'
2025-03-04T11:22:53.724+05:30 DEBUG 13672 --- [E-Commerce] [           main] o.s.b.f.s.DefaultListableBeanFactory     : Autowiring by type from bean name 'jacksonObjectMapperBuilder' via factory method to bean named 'standardJacksonObjectMapperBuilderCustomizer'
2025-03-04T11:22:53.728+05:30 DEBUG 13672 --- [E-Commerce] [           main] o.s.b.f.s.DefaultListableBeanFactory     : Autowiring by type from bean name 'jacksonObjectMapper' via factory method to bean named 'jacksonObjectMapperBuilder'
2025-03-04T11:22:53.742+05:30 DEBUG 13672 --- [E-Commerce] [           main] o.s.b.f.s.DefaultListableBeanFactory     : Autowiring by type from bean name 'mappingJackson2HttpMessageConverter' via factory method to bean named 'jacksonObjectMapper'
2025-03-04T11:22:53.826+05:30 DEBUG 13672 --- [E-Commerce] [           main] o.s.b.f.s.DefaultListableBeanFactory     : Creating shared instance of singleton bean 'resourceHandlerMapping'
2025-03-04T11:22:53.829+05:30 DEBUG 13672 --- [E-Commerce] [           main] o.s.b.f.s.DefaultListableBeanFactory     : Autowiring by type from bean name 'resourceHandlerMapping' via factory method to bean named 'mvcContentNegotiationManager'
2025-03-04T11:22:53.829+05:30 DEBUG 13672 --- [E-Commerce] [           main] o.s.b.f.s.DefaultListableBeanFactory     : Autowiring by type from bean name 'resourceHandlerMapping' via factory method to bean named 'mvcConversionService'
2025-03-04T11:22:53.829+05:30 DEBUG 13672 --- [E-Commerce] [           main] o.s.b.f.s.DefaultListableBeanFactory     : Autowiring by type from bean name 'resourceHandlerMapping' via factory method to bean named 'mvcResourceUrlProvider'
2025-03-04T11:22:53.871+05:30 DEBUG 13672 --- [E-Commerce] [           main] o.s.w.s.handler.SimpleUrlHandlerMapping  : Patterns [/webjars/**, /**, /swagger-ui*/*swagger-initializer.js, /swagger-ui*/**] in 'resourceHandlerMapping'
2025-03-04T11:22:53.873+05:30 DEBUG 13672 --- [E-Commerce] [           main] o.s.b.f.s.DefaultListableBeanFactory     : Creating shared instance of singleton bean 'defaultServletHandlerMapping'
2025-03-04T11:22:53.888+05:30 DEBUG 13672 --- [E-Commerce] [           main] o.s.b.f.s.DefaultListableBeanFactory     : Creating shared instance of singleton bean 'filterChain'
2025-03-04T11:22:53.889+05:30 DEBUG 13672 --- [E-Commerce] [           main] o.s.b.f.s.DefaultListableBeanFactory     : Autowiring by type from bean name 'filterChain' via factory method to bean named 'org.springframework.security.config.annotation.web.configuration.HttpSecurityConfiguration.httpSecurity'
2025-03-04T11:22:53.906+05:30 DEBUG 13672 --- [E-Commerce] [           main] o.s.b.f.s.DefaultListableBeanFactory     : Creating shared instance of singleton bean 'webAuthorizationManagerPostProcessor'
2025-03-04T11:22:53.935+05:30 DEBUG 13672 --- [E-Commerce] [           main] o.s.b.f.s.DefaultListableBeanFactory     : Creating shared instance of singleton bean 'authenticationJwtTokenFilter'
2025-03-04T11:22:53.945+05:30 DEBUG 13672 --- [E-Commerce] [           main] o.s.b.f.s.DefaultListableBeanFactory     : Creating shared instance of singleton bean 'authenticationManagerPostProcessor'
2025-03-04T11:22:53.969+05:30 DEBUG 13672 --- [E-Commerce] [           main] o.s.s.web.DefaultSecurityFilterChain     : Will secure any request with filters: DisableEncodeUrlFilter, WebAsyncManagerIntegrationFilter, SecurityContextHolderFilter, HeaderWriterFilter, LogoutFilter, AuthTokenFilter, RequestCacheAwareFilter, SecurityContextHolderAwareRequestFilter, AnonymousAuthenticationFilter, SessionManagementFilter, ExceptionTranslationFilter, AuthorizationFilter
2025-03-04T11:22:53.971+05:30 DEBUG 13672 --- [E-Commerce] [           main] o.s.b.f.s.DefaultListableBeanFactory     : Creating shared instance of singleton bean 'webSecurityCustomizer'
2025-03-04T11:22:53.972+05:30 DEBUG 13672 --- [E-Commerce] [           main] o.s.b.f.s.DefaultListableBeanFactory     : Creating shared instance of singleton bean 'delegatingApplicationListener'
2025-03-04T11:22:53.973+05:30 DEBUG 13672 --- [E-Commerce] [           main] o.s.b.f.s.DefaultListableBeanFactory     : Creating shared instance of singleton bean 'springSecurityFilterChain'
2025-03-04T11:22:53.986+05:30  WARN 13672 --- [E-Commerce] [           main] o.s.s.c.a.web.builders.WebSecurity       : You are asking Spring Security to ignore Deferred [Mvc [pattern='/v2/api-docs'], Ant [pattern='/v2/api-docs']]. This is not recommended -- please use permitAll via HttpSecurity#authorizeHttpRequests instead.
2025-03-04T11:22:53.986+05:30 DEBUG 13672 --- [E-Commerce] [           main] o.s.s.web.DefaultSecurityFilterChain     : Will not secure Deferred [Mvc [pattern='/v2/api-docs'], Ant [pattern='/v2/api-docs']]
2025-03-04T11:22:53.987+05:30  WARN 13672 --- [E-Commerce] [           main] o.s.s.c.a.web.builders.WebSecurity       : You are asking Spring Security to ignore Deferred [Mvc [pattern='/configuration/ui'], Ant [pattern='/configuration/ui']]. This is not recommended -- please use permitAll via HttpSecurity#authorizeHttpRequests instead.
2025-03-04T11:22:53.987+05:30 DEBUG 13672 --- [E-Commerce] [           main] o.s.s.web.DefaultSecurityFilterChain     : Will not secure Deferred [Mvc [pattern='/configuration/ui'], Ant [pattern='/configuration/ui']]
2025-03-04T11:22:53.987+05:30  WARN 13672 --- [E-Commerce] [           main] o.s.s.c.a.web.builders.WebSecurity       : You are asking Spring Security to ignore Deferred [Mvc [pattern='/swagger-resources/**'], Ant [pattern='/swagger-resources/**']]. This is not recommended -- please use permitAll via HttpSecurity#authorizeHttpRequests instead.
2025-03-04T11:22:53.987+05:30 DEBUG 13672 --- [E-Commerce] [           main] o.s.s.web.DefaultSecurityFilterChain     : Will not secure Deferred [Mvc [pattern='/swagger-resources/**'], Ant [pattern='/swagger-resources/**']]
2025-03-04T11:22:53.987+05:30  WARN 13672 --- [E-Commerce] [           main] o.s.s.c.a.web.builders.WebSecurity       : You are asking Spring Security to ignore Deferred [Mvc [pattern='/configuration/security'], Ant [pattern='/configuration/security']]. This is not recommended -- please use permitAll via HttpSecurity#authorizeHttpRequests instead.
2025-03-04T11:22:53.987+05:30 DEBUG 13672 --- [E-Commerce] [           main] o.s.s.web.DefaultSecurityFilterChain     : Will not secure Deferred [Mvc [pattern='/configuration/security'], Ant [pattern='/configuration/security']]
2025-03-04T11:22:53.987+05:30  WARN 13672 --- [E-Commerce] [           main] o.s.s.c.a.web.builders.WebSecurity       : You are asking Spring Security to ignore Deferred [Mvc [pattern='/swagger-ui.html'], Ant [pattern='/swagger-ui.html']]. This is not recommended -- please use permitAll via HttpSecurity#authorizeHttpRequests instead.
2025-03-04T11:22:53.987+05:30 DEBUG 13672 --- [E-Commerce] [           main] o.s.s.web.DefaultSecurityFilterChain     : Will not secure Deferred [Mvc [pattern='/swagger-ui.html'], Ant [pattern='/swagger-ui.html']]
2025-03-04T11:22:53.987+05:30  WARN 13672 --- [E-Commerce] [           main] o.s.s.c.a.web.builders.WebSecurity       : You are asking Spring Security to ignore Deferred [Mvc [pattern='/webjars/**'], Ant [pattern='/webjars/**']]. This is not recommended -- please use permitAll via HttpSecurity#authorizeHttpRequests instead.
2025-03-04T11:22:53.987+05:30 DEBUG 13672 --- [E-Commerce] [           main] o.s.s.web.DefaultSecurityFilterChain     : Will not secure Deferred [Mvc [pattern='/webjars/**'], Ant [pattern='/webjars/**']]
2025-03-04T11:22:54.000+05:30 DEBUG 13672 --- [E-Commerce] [           main] o.s.b.f.s.DefaultListableBeanFactory     : Creating shared instance of singleton bean 'webSecurityExpressionHandler'
2025-03-04T11:22:54.002+05:30 DEBUG 13672 --- [E-Commerce] [           main] o.s.b.f.s.DefaultListableBeanFactory     : Creating shared instance of singleton bean 'privilegeEvaluator'
2025-03-04T11:22:54.003+05:30 DEBUG 13672 --- [E-Commerce] [           main] o.s.b.f.s.DefaultListableBeanFactory     : Creating shared instance of singleton bean 'requestDataValueProcessor'
2025-03-04T11:22:54.006+05:30 DEBUG 13672 --- [E-Commerce] [           main] o.s.b.f.s.DefaultListableBeanFactory     : Creating shared instance of singleton bean 'org.springframework.security.config.annotation.web.configuration.ObservationConfiguration'
2025-03-04T11:22:54.007+05:30 DEBUG 13672 --- [E-Commerce] [           main] o.s.b.f.s.DefaultListableBeanFactory     : Creating shared instance of singleton bean 'initData'
2025-03-04T11:22:54.007+05:30 DEBUG 13672 --- [E-Commerce] [           main] o.s.b.f.s.DefaultListableBeanFactory     : Autowiring by type from bean name 'initData' via factory method to bean named 'roleRepository'
2025-03-04T11:22:54.007+05:30 DEBUG 13672 --- [E-Commerce] [           main] o.s.b.f.s.DefaultListableBeanFactory     : Autowiring by type from bean name 'initData' via factory method to bean named 'userRepository'
2025-03-04T11:22:54.007+05:30 DEBUG 13672 --- [E-Commerce] [           main] o.s.b.f.s.DefaultListableBeanFactory     : Autowiring by type from bean name 'initData' via factory method to bean named 'passwordEncoder'
2025-03-04T11:22:54.011+05:30 DEBUG 13672 --- [E-Commerce] [           main] o.s.b.f.s.DefaultListableBeanFactory     : Creating shared instance of singleton bean 'org.springframework.boot.autoconfigure.context.PropertyPlaceholderAutoConfiguration'
2025-03-04T11:22:54.012+05:30 DEBUG 13672 --- [E-Commerce] [           main] o.s.b.f.s.DefaultListableBeanFactory     : Creating shared instance of singleton bean 'org.springframework.boot.autoconfigure.ssl.SslAutoConfiguration'
2025-03-04T11:22:54.014+05:30 DEBUG 13672 --- [E-Commerce] [           main] o.s.b.f.s.DefaultListableBeanFactory     : Creating shared instance of singleton bean 'spring.ssl-org.springframework.boot.autoconfigure.ssl.SslProperties'
2025-03-04T11:22:54.017+05:30 DEBUG 13672 --- [E-Commerce] [           main] o.s.b.f.s.DefaultListableBeanFactory     : Autowiring by type from bean name 'org.springframework.boot.autoconfigure.ssl.SslAutoConfiguration' via constructor to bean named 'org.springframework.web.context.support.GenericWebApplicationContext@36b6964d'
2025-03-04T11:22:54.017+05:30 DEBUG 13672 --- [E-Commerce] [           main] o.s.b.f.s.DefaultListableBeanFactory     : Autowiring by type from bean name 'org.springframework.boot.autoconfigure.ssl.SslAutoConfiguration' via constructor to bean named 'spring.ssl-org.springframework.boot.autoconfigure.ssl.SslProperties'
2025-03-04T11:22:54.020+05:30 DEBUG 13672 --- [E-Commerce] [           main] o.s.b.f.s.DefaultListableBeanFactory     : Creating shared instance of singleton bean 'fileWatcher'
2025-03-04T11:22:54.022+05:30 DEBUG 13672 --- [E-Commerce] [           main] o.s.b.f.s.DefaultListableBeanFactory     : Creating shared instance of singleton bean 'sslPropertiesSslBundleRegistrar'
2025-03-04T11:22:54.022+05:30 DEBUG 13672 --- [E-Commerce] [           main] o.s.b.f.s.DefaultListableBeanFactory     : Autowiring by type from bean name 'sslPropertiesSslBundleRegistrar' via factory method to bean named 'fileWatcher'
2025-03-04T11:22:54.025+05:30 DEBUG 13672 --- [E-Commerce] [           main] o.s.b.f.s.DefaultListableBeanFactory     : Creating shared instance of singleton bean 'sslBundleRegistry'
2025-03-04T11:22:54.032+05:30 DEBUG 13672 --- [E-Commerce] [           main] o.s.b.f.s.DefaultListableBeanFactory     : Creating shared instance of singleton bean 'org.springframework.boot.autoconfigure.websocket.servlet.WebSocketServletAutoConfiguration$TomcatWebSocketConfiguration'
2025-03-04T11:22:54.033+05:30 DEBUG 13672 --- [E-Commerce] [           main] o.s.b.f.s.DefaultListableBeanFactory     : Creating shared instance of singleton bean 'websocketServletWebServerCustomizer'
2025-03-04T11:22:54.036+05:30 DEBUG 13672 --- [E-Commerce] [           main] o.s.b.f.s.DefaultListableBeanFactory     : Creating shared instance of singleton bean 'org.springframework.boot.autoconfigure.websocket.servlet.WebSocketServletAutoConfiguration'
2025-03-04T11:22:54.036+05:30 DEBUG 13672 --- [E-Commerce] [           main] o.s.b.f.s.DefaultListableBeanFactory     : Creating shared instance of singleton bean 'org.springframework.boot.autoconfigure.web.servlet.ServletWebServerFactoryConfiguration$EmbeddedTomcat'
2025-03-04T11:22:54.037+05:30 DEBUG 13672 --- [E-Commerce] [           main] o.s.b.f.s.DefaultListableBeanFactory     : Creating shared instance of singleton bean 'tomcatServletWebServerFactory'
2025-03-04T11:22:54.121+05:30 DEBUG 13672 --- [E-Commerce] [           main] o.s.b.f.s.DefaultListableBeanFactory     : Creating shared instance of singleton bean 'servletWebServerFactoryCustomizer'
2025-03-04T11:22:54.121+05:30 DEBUG 13672 --- [E-Commerce] [           main] o.s.b.f.s.DefaultListableBeanFactory     : Creating shared instance of singleton bean 'org.springframework.boot.autoconfigure.web.servlet.ServletWebServerFactoryAutoConfiguration'
2025-03-04T11:22:54.124+05:30 DEBUG 13672 --- [E-Commerce] [           main] o.s.b.f.s.DefaultListableBeanFactory     : Creating shared instance of singleton bean 'server-org.springframework.boot.autoconfigure.web.ServerProperties'
2025-03-04T11:22:54.148+05:30 DEBUG 13672 --- [E-Commerce] [           main] o.s.b.f.s.DefaultListableBeanFactory     : Autowiring by type from bean name 'servletWebServerFactoryCustomizer' via factory method to bean named 'server-org.springframework.boot.autoconfigure.web.ServerProperties'
2025-03-04T11:22:54.151+05:30 DEBUG 13672 --- [E-Commerce] [           main] o.s.b.f.s.DefaultListableBeanFactory     : Creating shared instance of singleton bean 'tomcatServletWebServerFactoryCustomizer'
2025-03-04T11:22:54.152+05:30 DEBUG 13672 --- [E-Commerce] [           main] o.s.b.f.s.DefaultListableBeanFactory     : Autowiring by type from bean name 'tomcatServletWebServerFactoryCustomizer' via factory method to bean named 'server-org.springframework.boot.autoconfigure.web.ServerProperties'
2025-03-04T11:22:54.153+05:30 DEBUG 13672 --- [E-Commerce] [           main] o.s.b.f.s.DefaultListableBeanFactory     : Creating shared instance of singleton bean 'localeCharsetMappingsCustomizer'
2025-03-04T11:22:54.153+05:30 DEBUG 13672 --- [E-Commerce] [           main] o.s.b.f.s.DefaultListableBeanFactory     : Creating shared instance of singleton bean 'org.springframework.boot.autoconfigure.web.servlet.HttpEncodingAutoConfiguration'
2025-03-04T11:22:54.154+05:30 DEBUG 13672 --- [E-Commerce] [           main] o.s.b.f.s.DefaultListableBeanFactory     : Autowiring by type from bean name 'org.springframework.boot.autoconfigure.web.servlet.HttpEncodingAutoConfiguration' via constructor to bean named 'server-org.springframework.boot.autoconfigure.web.ServerProperties'
2025-03-04T11:22:54.182+05:30 DEBUG 13672 --- [E-Commerce] [           main] o.s.b.f.s.DefaultListableBeanFactory     : Creating shared instance of singleton bean 'errorPageCustomizer'
2025-03-04T11:22:54.182+05:30 DEBUG 13672 --- [E-Commerce] [           main] o.s.b.f.s.DefaultListableBeanFactory     : Creating shared instance of singleton bean 'org.springframework.boot.autoconfigure.web.servlet.error.ErrorMvcAutoConfiguration'
2025-03-04T11:22:54.183+05:30 DEBUG 13672 --- [E-Commerce] [           main] o.s.b.f.s.DefaultListableBeanFactory     : Autowiring by type from bean name 'org.springframework.boot.autoconfigure.web.servlet.error.ErrorMvcAutoConfiguration' via constructor to bean named 'server-org.springframework.boot.autoconfigure.web.ServerProperties'
2025-03-04T11:22:54.184+05:30 DEBUG 13672 --- [E-Commerce] [           main] o.s.b.f.s.DefaultListableBeanFactory     : Creating shared instance of singleton bean 'dispatcherServletRegistration'
2025-03-04T11:22:54.184+05:30 DEBUG 13672 --- [E-Commerce] [           main] o.s.b.f.s.DefaultListableBeanFactory     : Creating shared instance of singleton bean 'org.springframework.boot.autoconfigure.web.servlet.DispatcherServletAutoConfiguration$DispatcherServletRegistrationConfiguration'
2025-03-04T11:22:54.186+05:30 DEBUG 13672 --- [E-Commerce] [           main] o.s.b.f.s.DefaultListableBeanFactory     : Creating shared instance of singleton bean 'dispatcherServlet'
2025-03-04T11:22:54.186+05:30 DEBUG 13672 --- [E-Commerce] [           main] o.s.b.f.s.DefaultListableBeanFactory     : Creating shared instance of singleton bean 'org.springframework.boot.autoconfigure.web.servlet.DispatcherServletAutoConfiguration$DispatcherServletConfiguration'
2025-03-04T11:22:54.187+05:30 DEBUG 13672 --- [E-Commerce] [           main] o.s.b.f.s.DefaultListableBeanFactory     : Autowiring by type from bean name 'dispatcherServlet' via factory method to bean named 'spring.mvc-org.springframework.boot.autoconfigure.web.servlet.WebMvcProperties'
2025-03-04T11:22:54.205+05:30 DEBUG 13672 --- [E-Commerce] [           main] o.s.b.f.s.DefaultListableBeanFactory     : Autowiring by type from bean name 'dispatcherServletRegistration' via factory method to bean named 'dispatcherServlet'
2025-03-04T11:22:54.206+05:30 DEBUG 13672 --- [E-Commerce] [           main] o.s.b.f.s.DefaultListableBeanFactory     : Autowiring by type from bean name 'dispatcherServletRegistration' via factory method to bean named 'spring.mvc-org.springframework.boot.autoconfigure.web.servlet.WebMvcProperties'
2025-03-04T11:22:54.210+05:30 DEBUG 13672 --- [E-Commerce] [           main] o.s.b.f.s.DefaultListableBeanFactory     : Creating shared instance of singleton bean 'multipartConfigElement'
2025-03-04T11:22:54.210+05:30 DEBUG 13672 --- [E-Commerce] [           main] o.s.b.f.s.DefaultListableBeanFactory     : Creating shared instance of singleton bean 'org.springframework.boot.autoconfigure.web.servlet.MultipartAutoConfiguration'
2025-03-04T11:22:54.211+05:30 DEBUG 13672 --- [E-Commerce] [           main] o.s.b.f.s.DefaultListableBeanFactory     : Creating shared instance of singleton bean 'spring.servlet.multipart-org.springframework.boot.autoconfigure.web.servlet.MultipartProperties'
2025-03-04T11:22:54.216+05:30 DEBUG 13672 --- [E-Commerce] [           main] o.s.b.f.s.DefaultListableBeanFactory     : Autowiring by type from bean name 'org.springframework.boot.autoconfigure.web.servlet.MultipartAutoConfiguration' via constructor to bean named 'spring.servlet.multipart-org.springframework.boot.autoconfigure.web.servlet.MultipartProperties'
2025-03-04T11:22:54.222+05:30 DEBUG 13672 --- [E-Commerce] [           main] o.s.b.f.s.DefaultListableBeanFactory     : Autowiring by type from bean name 'errorPageCustomizer' via factory method to bean named 'dispatcherServletRegistration'
2025-03-04T11:22:54.225+05:30 DEBUG 13672 --- [E-Commerce] [           main] o.s.b.f.s.DefaultListableBeanFactory     : Creating shared instance of singleton bean 'org.springframework.boot.autoconfigure.web.servlet.DispatcherServletAutoConfiguration'
2025-03-04T11:22:54.226+05:30 DEBUG 13672 --- [E-Commerce] [           main] o.s.b.f.s.DefaultListableBeanFactory     : Creating shared instance of singleton bean 'org.springframework.boot.autoconfigure.task.TaskExecutorConfigurations$ThreadPoolTaskExecutorBuilderConfiguration'
2025-03-04T11:22:54.227+05:30 DEBUG 13672 --- [E-Commerce] [           main] o.s.b.f.s.DefaultListableBeanFactory     : Creating shared instance of singleton bean 'threadPoolTaskExecutorBuilder'
2025-03-04T11:22:54.229+05:30 DEBUG 13672 --- [E-Commerce] [           main] o.s.b.f.s.DefaultListableBeanFactory     : Creating shared instance of singleton bean 'spring.task.execution-org.springframework.boot.autoconfigure.task.TaskExecutionProperties'
2025-03-04T11:22:54.231+05:30 DEBUG 13672 --- [E-Commerce] [           main] o.s.b.f.s.DefaultListableBeanFactory     : Autowiring by type from bean name 'threadPoolTaskExecutorBuilder' via factory method to bean named 'spring.task.execution-org.springframework.boot.autoconfigure.task.TaskExecutionProperties'
2025-03-04T11:22:54.236+05:30 DEBUG 13672 --- [E-Commerce] [           main] o.s.b.f.s.DefaultListableBeanFactory     : Creating shared instance of singleton bean 'org.springframework.boot.autoconfigure.task.TaskExecutorConfigurations$SimpleAsyncTaskExecutorBuilderConfiguration'
2025-03-04T11:22:54.237+05:30 DEBUG 13672 --- [E-Commerce] [           main] o.s.b.f.s.DefaultListableBeanFactory     : Autowiring by type from bean name 'org.springframework.boot.autoconfigure.task.TaskExecutorConfigurations$SimpleAsyncTaskExecutorBuilderConfiguration' via constructor to bean named 'spring.task.execution-org.springframework.boot.autoconfigure.task.TaskExecutionProperties'
2025-03-04T11:22:54.238+05:30 DEBUG 13672 --- [E-Commerce] [           main] o.s.b.f.s.DefaultListableBeanFactory     : Creating shared instance of singleton bean 'simpleAsyncTaskExecutorBuilder'
2025-03-04T11:22:54.241+05:30 DEBUG 13672 --- [E-Commerce] [           main] o.s.b.f.s.DefaultListableBeanFactory     : Creating shared instance of singleton bean 'org.springframework.boot.autoconfigure.task.TaskExecutorConfigurations$TaskExecutorConfiguration'
2025-03-04T11:22:54.242+05:30 DEBUG 13672 --- [E-Commerce] [           main] o.s.b.f.s.DefaultListableBeanFactory     : Creating shared instance of singleton bean 'org.springframework.boot.autoconfigure.task.TaskExecutionAutoConfiguration'
2025-03-04T11:22:54.243+05:30 DEBUG 13672 --- [E-Commerce] [           main] o.s.b.f.s.DefaultListableBeanFactory     : Creating shared instance of singleton bean 'org.springframework.boot.autoconfigure.validation.ValidationAutoConfiguration'
2025-03-04T11:22:54.244+05:30 DEBUG 13672 --- [E-Commerce] [           main] o.s.b.f.s.DefaultListableBeanFactory     : Creating shared instance of singleton bean 'defaultValidator'
2025-03-04T11:22:54.244+05:30 DEBUG 13672 --- [E-Commerce] [           main] o.s.b.f.s.DefaultListableBeanFactory     : Autowiring by type from bean name 'defaultValidator' via factory method to bean named 'org.springframework.web.context.support.GenericWebApplicationContext@36b6964d'
2025-03-04T11:22:54.260+05:30 DEBUG 13672 --- [E-Commerce] [           main] o.s.b.f.s.DefaultListableBeanFactory     : Creating shared instance of singleton bean 'org.springframework.boot.autoconfigure.web.servlet.error.ErrorMvcAutoConfiguration$WhitelabelErrorViewConfiguration'
2025-03-04T11:22:54.261+05:30 DEBUG 13672 --- [E-Commerce] [           main] o.s.b.f.s.DefaultListableBeanFactory     : Creating shared instance of singleton bean 'error'
2025-03-04T11:22:54.262+05:30 DEBUG 13672 --- [E-Commerce] [           main] o.s.b.f.s.DefaultListableBeanFactory     : Creating shared instance of singleton bean 'beanNameViewResolver'
2025-03-04T11:22:54.264+05:30 DEBUG 13672 --- [E-Commerce] [           main] o.s.b.f.s.DefaultListableBeanFactory     : Creating shared instance of singleton bean 'org.springframework.boot.autoconfigure.web.servlet.error.ErrorMvcAutoConfiguration$DefaultErrorViewResolverConfiguration'
2025-03-04T11:22:54.265+05:30 DEBUG 13672 --- [E-Commerce] [           main] o.s.b.f.s.DefaultListableBeanFactory     : Autowiring by type from bean name 'org.springframework.boot.autoconfigure.web.servlet.error.ErrorMvcAutoConfiguration$DefaultErrorViewResolverConfiguration' via constructor to bean named 'org.springframework.web.context.support.GenericWebApplicationContext@36b6964d'
2025-03-04T11:22:54.265+05:30 DEBUG 13672 --- [E-Commerce] [           main] o.s.b.f.s.DefaultListableBeanFactory     : Autowiring by type from bean name 'org.springframework.boot.autoconfigure.web.servlet.error.ErrorMvcAutoConfiguration$DefaultErrorViewResolverConfiguration' via constructor to bean named 'spring.web-org.springframework.boot.autoconfigure.web.WebProperties'
2025-03-04T11:22:54.266+05:30 DEBUG 13672 --- [E-Commerce] [           main] o.s.b.f.s.DefaultListableBeanFactory     : Creating shared instance of singleton bean 'conventionErrorViewResolver'
2025-03-04T11:22:54.269+05:30 DEBUG 13672 --- [E-Commerce] [           main] o.s.b.f.s.DefaultListableBeanFactory     : Creating shared instance of singleton bean 'errorAttributes'
2025-03-04T11:22:54.271+05:30 DEBUG 13672 --- [E-Commerce] [           main] o.s.b.f.s.DefaultListableBeanFactory     : Creating shared instance of singleton bean 'basicErrorController'
2025-03-04T11:22:54.271+05:30 DEBUG 13672 --- [E-Commerce] [           main] o.s.b.f.s.DefaultListableBeanFactory     : Autowiring by type from bean name 'basicErrorController' via factory method to bean named 'errorAttributes'
2025-03-04T11:22:54.273+05:30 DEBUG 13672 --- [E-Commerce] [           main] o.s.b.f.s.DefaultListableBeanFactory     : Creating shared instance of singleton bean 'localeResolver'
2025-03-04T11:22:54.275+05:30 DEBUG 13672 --- [E-Commerce] [           main] o.s.b.f.s.DefaultListableBeanFactory     : Creating shared instance of singleton bean 'themeResolver'
2025-03-04T11:22:54.277+05:30 DEBUG 13672 --- [E-Commerce] [           main] o.s.b.f.s.DefaultListableBeanFactory     : Creating shared instance of singleton bean 'flashMapManager'
2025-03-04T11:22:54.283+05:30 DEBUG 13672 --- [E-Commerce] [           main] o.s.b.f.s.DefaultListableBeanFactory     : Creating shared instance of singleton bean 'viewNameTranslator'
2025-03-04T11:22:54.285+05:30 DEBUG 13672 --- [E-Commerce] [           main] o.s.b.f.s.DefaultListableBeanFactory     : Creating shared instance of singleton bean 'mvcValidator'
2025-03-04T11:22:54.288+05:30 DEBUG 13672 --- [E-Commerce] [           main] o.s.b.f.s.DefaultListableBeanFactory     : Creating shared instance of singleton bean 'mvcPatternParser'
2025-03-04T11:22:54.289+05:30 DEBUG 13672 --- [E-Commerce] [           main] o.s.b.f.s.DefaultListableBeanFactory     : Creating shared instance of singleton bean 'mvcUrlPathHelper'
2025-03-04T11:22:54.290+05:30 DEBUG 13672 --- [E-Commerce] [           main] o.s.b.f.s.DefaultListableBeanFactory     : Creating shared instance of singleton bean 'mvcPathMatcher'
2025-03-04T11:22:54.292+05:30 DEBUG 13672 --- [E-Commerce] [           main] o.s.b.f.s.DefaultListableBeanFactory     : Creating shared instance of singleton bean 'requestMappingHandlerAdapter'
2025-03-04T11:22:54.295+05:30 DEBUG 13672 --- [E-Commerce] [           main] o.s.b.f.s.DefaultListableBeanFactory     : Autowiring by type from bean name 'requestMappingHandlerAdapter' via factory method to bean named 'mvcContentNegotiationManager'
2025-03-04T11:22:54.296+05:30 DEBUG 13672 --- [E-Commerce] [           main] o.s.b.f.s.DefaultListableBeanFactory     : Autowiring by type from bean name 'requestMappingHandlerAdapter' via factory method to bean named 'mvcConversionService'
2025-03-04T11:22:54.296+05:30 DEBUG 13672 --- [E-Commerce] [           main] o.s.b.f.s.DefaultListableBeanFactory     : Autowiring by type from bean name 'requestMappingHandlerAdapter' via factory method to bean named 'mvcValidator'
2025-03-04T11:22:54.329+05:30 DEBUG 13672 --- [E-Commerce] [           main] o.s.b.f.s.DefaultListableBeanFactory     : Creating shared instance of singleton bean 'sortResolver'
2025-03-04T11:22:54.333+05:30 DEBUG 13672 --- [E-Commerce] [           main] o.s.b.f.s.DefaultListableBeanFactory     : Creating shared instance of singleton bean 'sortCustomizer'
2025-03-04T11:22:54.338+05:30 DEBUG 13672 --- [E-Commerce] [           main] o.s.b.f.s.DefaultListableBeanFactory     : Creating shared instance of singleton bean 'pageableResolver'
2025-03-04T11:22:54.341+05:30 DEBUG 13672 --- [E-Commerce] [           main] o.s.b.f.s.DefaultListableBeanFactory     : Creating shared instance of singleton bean 'pageableCustomizer'
2025-03-04T11:22:54.352+05:30 DEBUG 13672 --- [E-Commerce] [           main] o.s.b.f.s.DefaultListableBeanFactory     : Creating shared instance of singleton bean 'applicationTaskExecutor'
2025-03-04T11:22:54.353+05:30 DEBUG 13672 --- [E-Commerce] [           main] o.s.b.f.s.DefaultListableBeanFactory     : Autowiring by type from bean name 'applicationTaskExecutor' via factory method to bean named 'threadPoolTaskExecutorBuilder'
2025-03-04T11:22:54.365+05:30 DEBUG 13672 --- [E-Commerce] [           main] o.s.s.concurrent.ThreadPoolTaskExecutor  : Initializing ExecutorService 'applicationTaskExecutor'
2025-03-04T11:22:54.384+05:30 DEBUG 13672 --- [E-Commerce] [           main] o.s.b.f.s.DefaultListableBeanFactory     : Creating shared instance of singleton bean 'org.springdoc.core.configuration.SpringDocConfiguration$OpenApiResourceAdvice'
2025-03-04T11:22:54.389+05:30 DEBUG 13672 --- [E-Commerce] [           main] o.s.b.f.s.DefaultListableBeanFactory     : Autowiring by type from bean name 'org.springdoc.core.configuration.SpringDocConfiguration$OpenApiResourceAdvice' via constructor to bean named 'org.springdoc.core.configuration.SpringDocConfiguration'
2025-03-04T11:22:54.399+05:30 DEBUG 13672 --- [E-Commerce] [           main] s.w.s.m.m.a.RequestMappingHandlerAdapter : ControllerAdvice beans: 0 @ModelAttribute, 0 @InitBinder, 1 RequestBodyAdvice, 1 ResponseBodyAdvice
2025-03-04T11:22:54.441+05:30 DEBUG 13672 --- [E-Commerce] [           main] o.s.b.f.s.DefaultListableBeanFactory     : Creating shared instance of singleton bean 'mvcViewResolver'
2025-03-04T11:22:54.441+05:30 DEBUG 13672 --- [E-Commerce] [           main] o.s.b.f.s.DefaultListableBeanFactory     : Autowiring by type from bean name 'mvcViewResolver' via factory method to bean named 'mvcContentNegotiationManager'
2025-03-04T11:22:54.444+05:30 DEBUG 13672 --- [E-Commerce] [           main] o.s.b.f.s.DefaultListableBeanFactory     : Creating shared instance of singleton bean 'defaultViewResolver'
2025-03-04T11:22:54.452+05:30 DEBUG 13672 --- [E-Commerce] [           main] o.s.b.f.s.DefaultListableBeanFactory     : Creating shared instance of singleton bean 'viewResolver'
2025-03-04T11:22:54.453+05:30 DEBUG 13672 --- [E-Commerce] [           main] o.s.b.f.s.DefaultListableBeanFactory     : Autowiring by type from bean name 'viewResolver' via factory method to bean named 'org.springframework.beans.factory.support.DefaultListableBeanFactory@3aefae67'
2025-03-04T11:22:54.455+05:30 DEBUG 13672 --- [E-Commerce] [           main] o.s.b.f.s.DefaultListableBeanFactory     : Creating shared instance of singleton bean 'viewResolver'
2025-03-04T11:22:54.468+05:30 DEBUG 13672 --- [E-Commerce] [           main] o.s.b.f.s.DefaultListableBeanFactory     : Creating shared instance of singleton bean 'handlerFunctionAdapter'
2025-03-04T11:22:54.471+05:30 DEBUG 13672 --- [E-Commerce] [           main] o.s.b.f.s.DefaultListableBeanFactory     : Creating shared instance of singleton bean 'mvcUriComponentsContributor'
2025-03-04T11:22:54.472+05:30 DEBUG 13672 --- [E-Commerce] [           main] o.s.b.f.s.DefaultListableBeanFactory     : Autowiring by type from bean name 'mvcUriComponentsContributor' via factory method to bean named 'mvcConversionService'
2025-03-04T11:22:54.472+05:30 DEBUG 13672 --- [E-Commerce] [           main] o.s.b.f.s.DefaultListableBeanFactory     : Autowiring by type from bean name 'mvcUriComponentsContributor' via factory method to bean named 'requestMappingHandlerAdapter'
2025-03-04T11:22:54.473+05:30 DEBUG 13672 --- [E-Commerce] [           main] o.s.b.f.s.DefaultListableBeanFactory     : Creating shared instance of singleton bean 'httpRequestHandlerAdapter'
2025-03-04T11:22:54.474+05:30 DEBUG 13672 --- [E-Commerce] [           main] o.s.b.f.s.DefaultListableBeanFactory     : Creating shared instance of singleton bean 'simpleControllerHandlerAdapter'
2025-03-04T11:22:54.475+05:30 DEBUG 13672 --- [E-Commerce] [           main] o.s.b.f.s.DefaultListableBeanFactory     : Creating shared instance of singleton bean 'handlerExceptionResolver'
2025-03-04T11:22:54.475+05:30 DEBUG 13672 --- [E-Commerce] [           main] o.s.b.f.s.DefaultListableBeanFactory     : Autowiring by type from bean name 'handlerExceptionResolver' via factory method to bean named 'mvcContentNegotiationManager'
2025-03-04T11:22:54.485+05:30 DEBUG 13672 --- [E-Commerce] [           main] .m.m.a.ExceptionHandlerExceptionResolver : ControllerAdvice beans: 2 @ExceptionHandler, 1 ResponseBodyAdvice
2025-03-04T11:22:54.488+05:30 DEBUG 13672 --- [E-Commerce] [           main] o.s.b.f.s.DefaultListableBeanFactory     : Creating shared instance of singleton bean 'requestContextFilter'
2025-03-04T11:22:54.489+05:30 DEBUG 13672 --- [E-Commerce] [           main] o.s.b.f.s.DefaultListableBeanFactory     : Creating shared instance of singleton bean 'org.springframework.boot.autoconfigure.web.servlet.WebMvcAutoConfiguration'
2025-03-04T11:22:54.490+05:30 DEBUG 13672 --- [E-Commerce] [           main] o.s.b.f.s.DefaultListableBeanFactory     : Creating shared instance of singleton bean 'formContentFilter'
2025-03-04T11:22:54.493+05:30 DEBUG 13672 --- [E-Commerce] [           main] o.s.b.f.s.DefaultListableBeanFactory     : Creating shared instance of singleton bean 'org.springdoc.core.configuration.SpringDocConfiguration$QuerydslProvider'
2025-03-04T11:22:54.494+05:30 DEBUG 13672 --- [E-Commerce] [           main] o.s.b.f.s.DefaultListableBeanFactory     : Creating shared instance of singleton bean 'queryDslQuerydslPredicateOperationCustomizer'
2025-03-04T11:22:54.495+05:30 DEBUG 13672 --- [E-Commerce] [           main] o.s.b.f.s.DefaultListableBeanFactory     : Autowiring by type from bean name 'queryDslQuerydslPredicateOperationCustomizer' via factory method to bean named 'org.springdoc.core.properties.SpringDocConfigProperties'
2025-03-04T11:22:54.495+05:30 DEBUG 13672 --- [E-Commerce] [           main] o.s.b.f.s.DefaultListableBeanFactory     : Creating shared instance of singleton bean 'org.springdoc.core.configuration.SpringDocConfiguration$SpringDocSpringDataWebPropertiesProvider'
2025-03-04T11:22:54.496+05:30 DEBUG 13672 --- [E-Commerce] [           main] o.s.b.f.s.DefaultListableBeanFactory     : Creating shared instance of singleton bean 'springDataWebPropertiesProvider'
2025-03-04T11:22:54.497+05:30 DEBUG 13672 --- [E-Commerce] [           main] o.s.b.f.s.DefaultListableBeanFactory     : Creating shared instance of singleton bean 'org.springdoc.core.configuration.SpringDocConfiguration$WebConversionServiceConfiguration'
2025-03-04T11:22:54.498+05:30 DEBUG 13672 --- [E-Commerce] [           main] o.s.b.f.s.DefaultListableBeanFactory     : Creating shared instance of singleton bean 'webConversionServiceProvider'
2025-03-04T11:22:54.499+05:30 DEBUG 13672 --- [E-Commerce] [           main] o.s.b.f.s.DefaultListableBeanFactory     : Creating shared instance of singleton bean 'localSpringDocParameterNameDiscoverer'
2025-03-04T11:22:54.501+05:30 DEBUG 13672 --- [E-Commerce] [           main] o.s.b.f.s.DefaultListableBeanFactory     : Creating shared instance of singleton bean 'additionalModelsConverter'
2025-03-04T11:22:54.501+05:30 DEBUG 13672 --- [E-Commerce] [           main] o.s.b.f.s.DefaultListableBeanFactory     : Autowiring by type from bean name 'additionalModelsConverter' via factory method to bean named 'springdocObjectMapperProvider'
2025-03-04T11:22:54.503+05:30 DEBUG 13672 --- [E-Commerce] [           main] o.s.b.f.s.DefaultListableBeanFactory     : Creating shared instance of singleton bean 'fileSupportConverter'
2025-03-04T11:22:54.503+05:30 DEBUG 13672 --- [E-Commerce] [           main] o.s.b.f.s.DefaultListableBeanFactory     : Autowiring by type from bean name 'fileSupportConverter' via factory method to bean named 'springdocObjectMapperProvider'
2025-03-04T11:22:54.504+05:30 DEBUG 13672 --- [E-Commerce] [           main] o.s.b.f.s.DefaultListableBeanFactory     : Creating shared instance of singleton bean 'responseSupportConverter'
2025-03-04T11:22:54.504+05:30 DEBUG 13672 --- [E-Commerce] [           main] o.s.b.f.s.DefaultListableBeanFactory     : Autowiring by type from bean name 'responseSupportConverter' via factory method to bean named 'springdocObjectMapperProvider'
2025-03-04T11:22:54.505+05:30 DEBUG 13672 --- [E-Commerce] [           main] o.s.b.f.s.DefaultListableBeanFactory     : Creating shared instance of singleton bean 'schemaPropertyDeprecatingConverter'
2025-03-04T11:22:54.506+05:30 DEBUG 13672 --- [E-Commerce] [           main] o.s.b.f.s.DefaultListableBeanFactory     : Creating shared instance of singleton bean 'polymorphicModelConverter'
2025-03-04T11:22:54.506+05:30 DEBUG 13672 --- [E-Commerce] [           main] o.s.b.f.s.DefaultListableBeanFactory     : Autowiring by type from bean name 'polymorphicModelConverter' via factory method to bean named 'springdocObjectMapperProvider'
2025-03-04T11:22:54.507+05:30 DEBUG 13672 --- [E-Commerce] [           main] o.s.b.f.s.DefaultListableBeanFactory     : Creating shared instance of singleton bean 'openAPIBuilder'
2025-03-04T11:22:54.509+05:30 DEBUG 13672 --- [E-Commerce] [           main] o.s.b.f.s.DefaultListableBeanFactory     : Creating shared instance of singleton bean 'securityParser'
2025-03-04T11:22:54.509+05:30 DEBUG 13672 --- [E-Commerce] [           main] o.s.b.f.s.DefaultListableBeanFactory     : Creating shared instance of singleton bean 'propertyResolverUtils'
2025-03-04T11:22:54.510+05:30 DEBUG 13672 --- [E-Commerce] [           main] o.s.b.f.s.DefaultListableBeanFactory     : Autowiring by type from bean name 'propertyResolverUtils' via factory method to bean named 'org.springframework.beans.factory.support.DefaultListableBeanFactory@3aefae67'
2025-03-04T11:22:54.510+05:30 DEBUG 13672 --- [E-Commerce] [           main] o.s.b.f.s.DefaultListableBeanFactory     : Autowiring by type from bean name 'propertyResolverUtils' via factory method to bean named 'messageSource'
2025-03-04T11:22:54.510+05:30 DEBUG 13672 --- [E-Commerce] [           main] o.s.b.f.s.DefaultListableBeanFactory     : Autowiring by type from bean name 'propertyResolverUtils' via factory method to bean named 'org.springdoc.core.properties.SpringDocConfigProperties'
2025-03-04T11:22:54.512+05:30 DEBUG 13672 --- [E-Commerce] [           main] o.s.b.f.s.DefaultListableBeanFactory     : Autowiring by type from bean name 'securityParser' via factory method to bean named 'propertyResolverUtils'
2025-03-04T11:22:54.518+05:30 DEBUG 13672 --- [E-Commerce] [           main] o.s.b.f.s.DefaultListableBeanFactory     : Autowiring by type from bean name 'openAPIBuilder' via factory method to bean named 'securityParser'
2025-03-04T11:22:54.519+05:30 DEBUG 13672 --- [E-Commerce] [           main] o.s.b.f.s.DefaultListableBeanFactory     : Autowiring by type from bean name 'openAPIBuilder' via factory method to bean named 'org.springdoc.core.properties.SpringDocConfigProperties'
2025-03-04T11:22:54.519+05:30 DEBUG 13672 --- [E-Commerce] [           main] o.s.b.f.s.DefaultListableBeanFactory     : Autowiring by type from bean name 'openAPIBuilder' via factory method to bean named 'propertyResolverUtils'
2025-03-04T11:22:54.525+05:30 DEBUG 13672 --- [E-Commerce] [           main] o.s.b.f.s.DefaultListableBeanFactory     : Creating shared instance of singleton bean 'modelConverterRegistrar'
2025-03-04T11:22:54.526+05:30 DEBUG 13672 --- [E-Commerce] [           main] o.s.b.f.s.DefaultListableBeanFactory     : Creating shared instance of singleton bean 'oas31ModelConverter'
2025-03-04T11:22:54.526+05:30 DEBUG 13672 --- [E-Commerce] [           main] o.s.b.f.s.DefaultListableBeanFactory     : Autowiring by type from bean name 'oas31ModelConverter' via factory method to bean named 'org.springdoc.core.properties.SpringDocConfigProperties'
2025-03-04T11:22:54.527+05:30 DEBUG 13672 --- [E-Commerce] [           main] o.s.b.f.s.DefaultListableBeanFactory     : Creating shared instance of singleton bean 'pageableOpenAPIConverter'
2025-03-04T11:22:54.528+05:30 DEBUG 13672 --- [E-Commerce] [           main] o.s.b.f.s.DefaultListableBeanFactory     : Creating shared instance of singleton bean 'org.springdoc.core.configuration.SpringDocPageableConfiguration'
2025-03-04T11:22:54.528+05:30 DEBUG 13672 --- [E-Commerce] [           main] o.s.b.f.s.DefaultListableBeanFactory     : Autowiring by type from bean name 'pageableOpenAPIConverter' via factory method to bean named 'springdocObjectMapperProvider'
2025-03-04T11:22:54.531+05:30 DEBUG 13672 --- [E-Commerce] [           main] o.s.b.f.s.DefaultListableBeanFactory     : Creating shared instance of singleton bean 'pageOpenAPIConverter'
2025-03-04T11:22:54.531+05:30 DEBUG 13672 --- [E-Commerce] [           main] o.s.b.f.s.DefaultListableBeanFactory     : Autowiring by type from bean name 'pageOpenAPIConverter' via factory method to bean named 'springdocObjectMapperProvider'
2025-03-04T11:22:54.534+05:30 DEBUG 13672 --- [E-Commerce] [           main] o.s.b.f.s.DefaultListableBeanFactory     : Creating shared instance of singleton bean 'sortOpenAPIConverter'
2025-03-04T11:22:54.534+05:30 DEBUG 13672 --- [E-Commerce] [           main] o.s.b.f.s.DefaultListableBeanFactory     : Creating shared instance of singleton bean 'org.springdoc.core.configuration.SpringDocSortConfiguration'
2025-03-04T11:22:54.534+05:30 DEBUG 13672 --- [E-Commerce] [           main] o.s.b.f.s.DefaultListableBeanFactory     : Autowiring by type from bean name 'sortOpenAPIConverter' via factory method to bean named 'springdocObjectMapperProvider'
2025-03-04T11:22:54.537+05:30 DEBUG 13672 --- [E-Commerce] [           main] o.s.b.f.s.DefaultListableBeanFactory     : Autowiring by type from bean name 'modelConverterRegistrar' via factory method to bean named 'org.springdoc.core.properties.SpringDocConfigProperties'
2025-03-04T11:22:54.567+05:30 DEBUG 13672 --- [E-Commerce] [           main] o.s.b.f.s.DefaultListableBeanFactory     : Creating shared instance of singleton bean 'operationBuilder'
2025-03-04T11:22:54.567+05:30 DEBUG 13672 --- [E-Commerce] [           main] o.s.b.f.s.DefaultListableBeanFactory     : Creating shared instance of singleton bean 'parameterBuilder'
2025-03-04T11:22:54.568+05:30 DEBUG 13672 --- [E-Commerce] [           main] o.s.b.f.s.DefaultListableBeanFactory     : Creating shared instance of singleton bean 'parameterObjectNamingStrategyCustomizer'
2025-03-04T11:22:54.569+05:30 DEBUG 13672 --- [E-Commerce] [           main] o.s.b.f.s.DefaultListableBeanFactory     : Creating shared instance of singleton bean 'dataRestDelegatingMethodParameterCustomizer'
2025-03-04T11:22:54.575+05:30 DEBUG 13672 --- [E-Commerce] [           main] o.s.b.f.s.DefaultListableBeanFactory     : Autowiring by type from bean name 'parameterBuilder' via factory method to bean named 'propertyResolverUtils'
2025-03-04T11:22:54.575+05:30 DEBUG 13672 --- [E-Commerce] [           main] o.s.b.f.s.DefaultListableBeanFactory     : Autowiring by type from bean name 'parameterBuilder' via factory method to bean named 'springdocObjectMapperProvider'
2025-03-04T11:22:54.584+05:30 DEBUG 13672 --- [E-Commerce] [           main] o.s.b.f.s.DefaultListableBeanFactory     : Creating shared instance of singleton bean 'requestBodyBuilder'
2025-03-04T11:22:54.584+05:30 DEBUG 13672 --- [E-Commerce] [           main] o.s.b.f.s.DefaultListableBeanFactory     : Autowiring by type from bean name 'requestBodyBuilder' via factory method to bean named 'parameterBuilder'
2025-03-04T11:22:54.584+05:30 DEBUG 13672 --- [E-Commerce] [           main] o.s.b.f.s.DefaultListableBeanFactory     : Autowiring by type from bean name 'requestBodyBuilder' via factory method to bean named 'propertyResolverUtils'
2025-03-04T11:22:54.586+05:30 DEBUG 13672 --- [E-Commerce] [           main] o.s.b.f.s.DefaultListableBeanFactory     : Autowiring by type from bean name 'operationBuilder' via factory method to bean named 'parameterBuilder'
2025-03-04T11:22:54.586+05:30 DEBUG 13672 --- [E-Commerce] [           main] o.s.b.f.s.DefaultListableBeanFactory     : Autowiring by type from bean name 'operationBuilder' via factory method to bean named 'requestBodyBuilder'
2025-03-04T11:22:54.586+05:30 DEBUG 13672 --- [E-Commerce] [           main] o.s.b.f.s.DefaultListableBeanFactory     : Autowiring by type from bean name 'operationBuilder' via factory method to bean named 'securityParser'
2025-03-04T11:22:54.586+05:30 DEBUG 13672 --- [E-Commerce] [           main] o.s.b.f.s.DefaultListableBeanFactory     : Autowiring by type from bean name 'operationBuilder' via factory method to bean named 'propertyResolverUtils'
2025-03-04T11:22:54.589+05:30 DEBUG 13672 --- [E-Commerce] [           main] o.s.b.f.s.DefaultListableBeanFactory     : Creating shared instance of singleton bean 'springDocProviders'
2025-03-04T11:22:54.597+05:30 DEBUG 13672 --- [E-Commerce] [           main] o.s.b.f.s.DefaultListableBeanFactory     : Creating shared instance of singleton bean 'routerFunctionProvider'
2025-03-04T11:22:54.598+05:30 DEBUG 13672 --- [E-Commerce] [           main] o.s.b.f.s.DefaultListableBeanFactory     : Creating shared instance of singleton bean 'org.springdoc.webmvc.core.configuration.SpringDocWebMvcConfiguration$SpringDocWebMvcRouterConfiguration'
2025-03-04T11:22:54.600+05:30 DEBUG 13672 --- [E-Commerce] [           main] o.s.b.f.s.DefaultListableBeanFactory     : Autowiring by type from bean name 'springDocProviders' via factory method to bean named 'springdocObjectMapperProvider'
2025-03-04T11:22:54.604+05:30 DEBUG 13672 --- [E-Commerce] [           main] o.s.b.f.s.DefaultListableBeanFactory     : Creating shared instance of singleton bean 'springDocCustomizers'
2025-03-04T11:22:54.607+05:30 DEBUG 13672 --- [E-Commerce] [           main] o.s.b.f.s.DefaultListableBeanFactory     : Creating shared instance of singleton bean 'globalOpenApiCustomizer'
2025-03-04T11:22:54.620+05:30 DEBUG 13672 --- [E-Commerce] [           main] o.s.b.f.s.DefaultListableBeanFactory     : Creating shared instance of singleton bean 'org.springdoc.core.configuration.SpringDocSecurityConfiguration$SpringSecurityLoginEndpointConfiguration'
2025-03-04T11:22:54.621+05:30 DEBUG 13672 --- [E-Commerce] [           main] o.s.b.f.s.DefaultListableBeanFactory     : Creating shared instance of singleton bean 'org.springdoc.core.configuration.SpringDocSecurityConfiguration'
2025-03-04T11:22:54.633+05:30 DEBUG 13672 --- [E-Commerce] [           main] o.s.b.f.s.DefaultListableBeanFactory     : Autowiring by type from bean name 'org.springdoc.core.configuration.SpringDocSecurityConfiguration$SpringSecurityLoginEndpointConfiguration' via constructor to bean named 'org.springdoc.core.configuration.SpringDocSecurityConfiguration'
2025-03-04T11:22:54.634+05:30 DEBUG 13672 --- [E-Commerce] [           main] o.s.b.f.s.DefaultListableBeanFactory     : Creating shared instance of singleton bean 'org.springdoc.core.configuration.SpringDocUIConfiguration'
2025-03-04T11:22:54.636+05:30 DEBUG 13672 --- [E-Commerce] [           main] o.s.b.f.s.DefaultListableBeanFactory     : Creating shared instance of singleton bean 'openApiResource'
2025-03-04T11:22:54.636+05:30 DEBUG 13672 --- [E-Commerce] [           main] o.s.b.f.s.DefaultListableBeanFactory     : Creating shared instance of singleton bean 'requestBuilder'
2025-03-04T11:22:54.639+05:30 DEBUG 13672 --- [E-Commerce] [           main] o.s.b.f.s.DefaultListableBeanFactory     : Autowiring by type from bean name 'requestBuilder' via factory method to bean named 'parameterBuilder'
2025-03-04T11:22:54.639+05:30 DEBUG 13672 --- [E-Commerce] [           main] o.s.b.f.s.DefaultListableBeanFactory     : Autowiring by type from bean name 'requestBuilder' via factory method to bean named 'requestBodyBuilder'
2025-03-04T11:22:54.639+05:30 DEBUG 13672 --- [E-Commerce] [           main] o.s.b.f.s.DefaultListableBeanFactory     : Autowiring by type from bean name 'requestBuilder' via factory method to bean named 'localSpringDocParameterNameDiscoverer'
2025-03-04T11:22:54.643+05:30 DEBUG 13672 --- [E-Commerce] [           main] o.s.b.f.s.DefaultListableBeanFactory     : Creating shared instance of singleton bean 'responseBuilder'
2025-03-04T11:22:54.645+05:30 DEBUG 13672 --- [E-Commerce] [           main] o.s.b.f.s.DefaultListableBeanFactory     : Autowiring by type from bean name 'responseBuilder' via factory method to bean named 'operationBuilder'
2025-03-04T11:22:54.645+05:30 DEBUG 13672 --- [E-Commerce] [           main] o.s.b.f.s.DefaultListableBeanFactory     : Autowiring by type from bean name 'responseBuilder' via factory method to bean named 'org.springdoc.core.properties.SpringDocConfigProperties'
2025-03-04T11:22:54.645+05:30 DEBUG 13672 --- [E-Commerce] [           main] o.s.b.f.s.DefaultListableBeanFactory     : Autowiring by type from bean name 'responseBuilder' via factory method to bean named 'propertyResolverUtils'
2025-03-04T11:22:54.649+05:30 DEBUG 13672 --- [E-Commerce] [           main] o.s.b.f.s.DefaultListableBeanFactory     : Autowiring by type from bean name 'openApiResource' via factory method to bean named 'requestBuilder'
2025-03-04T11:22:54.649+05:30 DEBUG 13672 --- [E-Commerce] [           main] o.s.b.f.s.DefaultListableBeanFactory     : Autowiring by type from bean name 'openApiResource' via factory method to bean named 'responseBuilder'
2025-03-04T11:22:54.649+05:30 DEBUG 13672 --- [E-Commerce] [           main] o.s.b.f.s.DefaultListableBeanFactory     : Autowiring by type from bean name 'openApiResource' via factory method to bean named 'operationBuilder'
2025-03-04T11:22:54.649+05:30 DEBUG 13672 --- [E-Commerce] [           main] o.s.b.f.s.DefaultListableBeanFactory     : Autowiring by type from bean name 'openApiResource' via factory method to bean named 'org.springdoc.core.properties.SpringDocConfigProperties'
2025-03-04T11:22:54.649+05:30 DEBUG 13672 --- [E-Commerce] [           main] o.s.b.f.s.DefaultListableBeanFactory     : Autowiring by type from bean name 'openApiResource' via factory method to bean named 'springDocProviders'
2025-03-04T11:22:54.649+05:30 DEBUG 13672 --- [E-Commerce] [           main] o.s.b.f.s.DefaultListableBeanFactory     : Autowiring by type from bean name 'openApiResource' via factory method to bean named 'springDocCustomizers'
2025-03-04T11:22:54.657+05:30 DEBUG 13672 --- [E-Commerce] [           main] o.s.b.f.s.DefaultListableBeanFactory     : Creating shared instance of singleton bean 'swaggerConfigResource'
2025-03-04T11:22:54.657+05:30 DEBUG 13672 --- [E-Commerce] [           main] o.s.b.f.s.DefaultListableBeanFactory     : Autowiring by type from bean name 'swaggerConfigResource' via factory method to bean named 'swaggerWelcome'
2025-03-04T11:22:54.658+05:30 DEBUG 13672 --- [E-Commerce] [           main] o.s.b.f.s.DefaultListableBeanFactory     : Creating shared instance of singleton bean 'org.springframework.boot.autoconfigure.aop.AopAutoConfiguration$AspectJAutoProxyingConfiguration$CglibAutoProxyConfiguration'
2025-03-04T11:22:54.659+05:30 DEBUG 13672 --- [E-Commerce] [           main] o.s.b.f.s.DefaultListableBeanFactory     : Creating shared instance of singleton bean 'org.springframework.boot.autoconfigure.aop.AopAutoConfiguration$AspectJAutoProxyingConfiguration'
2025-03-04T11:22:54.659+05:30 DEBUG 13672 --- [E-Commerce] [           main] o.s.b.f.s.DefaultListableBeanFactory     : Creating shared instance of singleton bean 'org.springframework.boot.autoconfigure.aop.AopAutoConfiguration'
2025-03-04T11:22:54.659+05:30 DEBUG 13672 --- [E-Commerce] [           main] o.s.b.f.s.DefaultListableBeanFactory     : Creating shared instance of singleton bean 'org.springframework.boot.autoconfigure.availability.ApplicationAvailabilityAutoConfiguration'
2025-03-04T11:22:54.660+05:30 DEBUG 13672 --- [E-Commerce] [           main] o.s.b.f.s.DefaultListableBeanFactory     : Creating shared instance of singleton bean 'applicationAvailability'
2025-03-04T11:22:54.665+05:30 DEBUG 13672 --- [E-Commerce] [           main] o.s.b.f.s.DefaultListableBeanFactory     : Creating shared instance of singleton bean 'org.springframework.boot.autoconfigure.transaction.jta.JtaAutoConfiguration'
2025-03-04T11:22:54.665+05:30 DEBUG 13672 --- [E-Commerce] [           main] o.s.b.f.s.DefaultListableBeanFactory     : Creating shared instance of singleton bean 'org.springframework.boot.autoconfigure.jdbc.metadata.DataSourcePoolMetadataProvidersConfiguration'
2025-03-04T11:22:54.666+05:30 DEBUG 13672 --- [E-Commerce] [           main] o.s.b.f.s.DefaultListableBeanFactory     : Creating shared instance of singleton bean 'org.springframework.boot.autoconfigure.jdbc.DataSourceAutoConfiguration'
2025-03-04T11:22:54.667+05:30 DEBUG 13672 --- [E-Commerce] [           main] o.s.b.f.s.DefaultListableBeanFactory     : Creating shared instance of singleton bean 'org.springframework.boot.autoconfigure.transaction.TransactionManagerCustomizationAutoConfiguration'
2025-03-04T11:22:54.667+05:30 DEBUG 13672 --- [E-Commerce] [           main] o.s.b.f.s.DefaultListableBeanFactory     : Creating shared instance of singleton bean 'platformTransactionManagerCustomizers'
2025-03-04T11:22:54.668+05:30 DEBUG 13672 --- [E-Commerce] [           main] o.s.b.f.s.DefaultListableBeanFactory     : Creating shared instance of singleton bean 'transactionExecutionListeners'
2025-03-04T11:22:54.671+05:30 DEBUG 13672 --- [E-Commerce] [           main] o.s.b.f.s.DefaultListableBeanFactory     : Creating shared instance of singleton bean 'spring.transaction-org.springframework.boot.autoconfigure.transaction.TransactionProperties'
2025-03-04T11:22:54.677+05:30 DEBUG 13672 --- [E-Commerce] [           main] o.s.b.f.s.DefaultListableBeanFactory     : Creating shared instance of singleton bean 'org.springframework.boot.autoconfigure.orm.jpa.JpaBaseConfiguration$PersistenceManagedTypesConfiguration'
2025-03-04T11:22:54.678+05:30 DEBUG 13672 --- [E-Commerce] [           main] o.s.b.f.s.DefaultListableBeanFactory     : Creating shared instance of singleton bean 'transactionManager'
2025-03-04T11:22:54.693+05:30 DEBUG 13672 --- [E-Commerce] [           main] o.s.b.f.s.DefaultListableBeanFactory     : Creating shared instance of singleton bean 'org.springframework.boot.autoconfigure.orm.jpa.HibernateJpaAutoConfiguration'
2025-03-04T11:22:54.694+05:30 DEBUG 13672 --- [E-Commerce] [           main] o.s.b.f.s.DefaultListableBeanFactory     : Creating shared instance of singleton bean 'org.springframework.boot.autoconfigure.context.ConfigurationPropertiesAutoConfiguration'
2025-03-04T11:22:54.695+05:30 DEBUG 13672 --- [E-Commerce] [           main] o.s.b.f.s.DefaultListableBeanFactory     : Creating shared instance of singleton bean 'org.springframework.boot.autoconfigure.context.LifecycleAutoConfiguration'
2025-03-04T11:22:54.695+05:30 DEBUG 13672 --- [E-Commerce] [           main] o.s.b.f.s.DefaultListableBeanFactory     : Creating shared instance of singleton bean 'lifecycleProcessor'
2025-03-04T11:22:54.696+05:30 DEBUG 13672 --- [E-Commerce] [           main] o.s.b.f.s.DefaultListableBeanFactory     : Creating shared instance of singleton bean 'spring.lifecycle-org.springframework.boot.autoconfigure.context.LifecycleProperties'
2025-03-04T11:22:54.697+05:30 DEBUG 13672 --- [E-Commerce] [           main] o.s.b.f.s.DefaultListableBeanFactory     : Autowiring by type from bean name 'lifecycleProcessor' via factory method to bean named 'spring.lifecycle-org.springframework.boot.autoconfigure.context.LifecycleProperties'
2025-03-04T11:22:54.700+05:30 DEBUG 13672 --- [E-Commerce] [           main] o.s.b.f.s.DefaultListableBeanFactory     : Creating shared instance of singleton bean 'org.springframework.boot.autoconfigure.dao.PersistenceExceptionTranslationAutoConfiguration'
2025-03-04T11:22:54.701+05:30 DEBUG 13672 --- [E-Commerce] [           main] o.s.b.f.s.DefaultListableBeanFactory     : Creating shared instance of singleton bean 'org.springframework.boot.autoconfigure.data.jpa.JpaRepositoriesAutoConfiguration'
2025-03-04T11:22:54.701+05:30 DEBUG 13672 --- [E-Commerce] [           main] o.s.b.f.s.DefaultListableBeanFactory     : Creating shared instance of singleton bean 'org.springframework.data.jpa.util.JpaMetamodelCacheCleanup'
2025-03-04T11:22:54.702+05:30 DEBUG 13672 --- [E-Commerce] [           main] o.s.b.f.s.DefaultListableBeanFactory     : Creating shared instance of singleton bean 'org.springframework.data.jpa.repository.support.JpaEvaluationContextExtension'
2025-03-04T11:22:54.704+05:30 DEBUG 13672 --- [E-Commerce] [           main] o.s.b.f.s.DefaultListableBeanFactory     : Creating shared instance of singleton bean 'data-jpa.repository-aot-processor#0'
2025-03-04T11:22:54.713+05:30 DEBUG 13672 --- [E-Commerce] [           main] o.s.b.f.s.DefaultListableBeanFactory     : Creating shared instance of singleton bean 'org.springframework.boot.autoconfigure.http.JacksonHttpMessageConvertersConfiguration'
2025-03-04T11:22:54.714+05:30 DEBUG 13672 --- [E-Commerce] [           main] o.s.b.f.s.DefaultListableBeanFactory     : Creating shared instance of singleton bean 'org.springframework.data.web.config.ProjectingArgumentResolverRegistrar'
2025-03-04T11:22:54.714+05:30 DEBUG 13672 --- [E-Commerce] [           main] o.s.b.f.s.DefaultListableBeanFactory     : Creating shared instance of singleton bean 'offsetResolver'
2025-03-04T11:22:54.716+05:30 DEBUG 13672 --- [E-Commerce] [           main] o.s.b.f.s.DefaultListableBeanFactory     : Creating shared instance of singleton bean 'org.springframework.boot.autoconfigure.h2.H2ConsoleAutoConfiguration'
2025-03-04T11:22:54.717+05:30 DEBUG 13672 --- [E-Commerce] [           main] o.s.b.f.s.DefaultListableBeanFactory     : Creating shared instance of singleton bean 'spring.h2.console-org.springframework.boot.autoconfigure.h2.H2ConsoleProperties'
2025-03-04T11:22:54.718+05:30 DEBUG 13672 --- [E-Commerce] [           main] o.s.b.f.s.DefaultListableBeanFactory     : Autowiring by type from bean name 'org.springframework.boot.autoconfigure.h2.H2ConsoleAutoConfiguration' via constructor to bean named 'spring.h2.console-org.springframework.boot.autoconfigure.h2.H2ConsoleProperties'
2025-03-04T11:22:54.719+05:30 DEBUG 13672 --- [E-Commerce] [           main] o.s.b.f.s.DefaultListableBeanFactory     : Creating shared instance of singleton bean 'h2Console'
2025-03-04T11:22:54.720+05:30 DEBUG 13672 --- [E-Commerce] [           main] o.s.b.f.s.DefaultListableBeanFactory     : Creating shared instance of singleton bean 'h2ConsoleLogger'
2025-03-04T11:22:54.722+05:30  INFO 13672 --- [E-Commerce] [           main] o.s.b.a.h2.H2ConsoleAutoConfiguration    : H2 console available at '/h2-console'. Database available at 'jdbc:h2:mem:test'
2025-03-04T11:22:54.723+05:30 DEBUG 13672 --- [E-Commerce] [           main] o.s.b.f.s.DefaultListableBeanFactory     : Creating shared instance of singleton bean 'org.springframework.boot.autoconfigure.http.client.HttpClientAutoConfiguration'
2025-03-04T11:22:54.723+05:30 DEBUG 13672 --- [E-Commerce] [           main] o.s.b.f.s.DefaultListableBeanFactory     : Creating shared instance of singleton bean 'clientHttpRequestFactoryBuilder'
2025-03-04T11:22:54.724+05:30 DEBUG 13672 --- [E-Commerce] [           main] o.s.b.f.s.DefaultListableBeanFactory     : Creating shared instance of singleton bean 'spring.http.client-org.springframework.boot.autoconfigure.http.client.HttpClientProperties'
2025-03-04T11:22:54.725+05:30 DEBUG 13672 --- [E-Commerce] [           main] o.s.b.f.s.DefaultListableBeanFactory     : Autowiring by type from bean name 'clientHttpRequestFactoryBuilder' via factory method to bean named 'spring.http.client-org.springframework.boot.autoconfigure.http.client.HttpClientProperties'
2025-03-04T11:22:54.735+05:30 DEBUG 13672 --- [E-Commerce] [           main] o.s.b.f.s.DefaultListableBeanFactory     : Creating shared instance of singleton bean 'clientHttpRequestFactorySettings'
2025-03-04T11:22:54.735+05:30 DEBUG 13672 --- [E-Commerce] [           main] o.s.b.f.s.DefaultListableBeanFactory     : Autowiring by type from bean name 'clientHttpRequestFactorySettings' via factory method to bean named 'spring.http.client-org.springframework.boot.autoconfigure.http.client.HttpClientProperties'
2025-03-04T11:22:54.738+05:30 DEBUG 13672 --- [E-Commerce] [           main] o.s.b.f.s.DefaultListableBeanFactory     : Creating shared instance of singleton bean 'org.springframework.boot.autoconfigure.info.ProjectInfoAutoConfiguration'
2025-03-04T11:22:54.741+05:30 DEBUG 13672 --- [E-Commerce] [           main] o.s.b.f.s.DefaultListableBeanFactory     : Creating shared instance of singleton bean 'spring.info-org.springframework.boot.autoconfigure.info.ProjectInfoProperties'
2025-03-04T11:22:54.742+05:30 DEBUG 13672 --- [E-Commerce] [           main] o.s.b.f.s.DefaultListableBeanFactory     : Autowiring by type from bean name 'org.springframework.boot.autoconfigure.info.ProjectInfoAutoConfiguration' via constructor to bean named 'spring.info-org.springframework.boot.autoconfigure.info.ProjectInfoProperties'
2025-03-04T11:22:54.742+05:30 DEBUG 13672 --- [E-Commerce] [           main] o.s.b.f.s.DefaultListableBeanFactory     : Creating shared instance of singleton bean 'org.springframework.boot.autoconfigure.jdbc.JdbcTemplateConfiguration'
2025-03-04T11:22:54.743+05:30 DEBUG 13672 --- [E-Commerce] [           main] o.s.b.f.s.DefaultListableBeanFactory     : Creating shared instance of singleton bean 'jdbcTemplate'
2025-03-04T11:22:54.743+05:30 DEBUG 13672 --- [E-Commerce] [           main] o.s.b.f.s.DefaultListableBeanFactory     : Creating shared instance of singleton bean 'spring.jdbc-org.springframework.boot.autoconfigure.jdbc.JdbcProperties'
2025-03-04T11:22:54.744+05:30 DEBUG 13672 --- [E-Commerce] [           main] o.s.b.f.s.DefaultListableBeanFactory     : Autowiring by type from bean name 'jdbcTemplate' via factory method to bean named 'dataSource'
2025-03-04T11:22:54.744+05:30 DEBUG 13672 --- [E-Commerce] [           main] o.s.b.f.s.DefaultListableBeanFactory     : Autowiring by type from bean name 'jdbcTemplate' via factory method to bean named 'spring.jdbc-org.springframework.boot.autoconfigure.jdbc.JdbcProperties'
2025-03-04T11:22:54.753+05:30 DEBUG 13672 --- [E-Commerce] [           main] o.s.b.f.s.DefaultListableBeanFactory     : Creating shared instance of singleton bean 'org.springframework.boot.autoconfigure.jdbc.NamedParameterJdbcTemplateConfiguration'
2025-03-04T11:22:54.754+05:30 DEBUG 13672 --- [E-Commerce] [           main] o.s.b.f.s.DefaultListableBeanFactory     : Creating shared instance of singleton bean 'namedParameterJdbcTemplate'
2025-03-04T11:22:54.754+05:30 DEBUG 13672 --- [E-Commerce] [           main] o.s.b.f.s.DefaultListableBeanFactory     : Autowiring by type from bean name 'namedParameterJdbcTemplate' via factory method to bean named 'jdbcTemplate'
2025-03-04T11:22:54.758+05:30 DEBUG 13672 --- [E-Commerce] [           main] o.s.b.f.s.DefaultListableBeanFactory     : Creating shared instance of singleton bean 'org.springframework.boot.autoconfigure.jdbc.JdbcTemplateAutoConfiguration'
2025-03-04T11:22:54.758+05:30 DEBUG 13672 --- [E-Commerce] [           main] o.s.b.f.s.DefaultListableBeanFactory     : Creating shared instance of singleton bean 'org.springframework.boot.autoconfigure.jdbc.JdbcClientAutoConfiguration'
2025-03-04T11:22:54.758+05:30 DEBUG 13672 --- [E-Commerce] [           main] o.s.b.f.s.DefaultListableBeanFactory     : Creating shared instance of singleton bean 'jdbcClient'
2025-03-04T11:22:54.759+05:30 DEBUG 13672 --- [E-Commerce] [           main] o.s.b.f.s.DefaultListableBeanFactory     : Autowiring by type from bean name 'jdbcClient' via factory method to bean named 'namedParameterJdbcTemplate'
2025-03-04T11:22:54.761+05:30 DEBUG 13672 --- [E-Commerce] [           main] o.s.b.f.s.DefaultListableBeanFactory     : Creating shared instance of singleton bean 'org.springframework.boot.autoconfigure.security.servlet.SpringBootWebSecurityConfiguration'
2025-03-04T11:22:54.761+05:30 DEBUG 13672 --- [E-Commerce] [           main] o.s.b.f.s.DefaultListableBeanFactory     : Creating shared instance of singleton bean 'spring.security-org.springframework.boot.autoconfigure.security.SecurityProperties'
2025-03-04T11:22:54.763+05:30 DEBUG 13672 --- [E-Commerce] [           main] o.s.b.f.s.DefaultListableBeanFactory     : Creating shared instance of singleton bean 'org.springframework.boot.autoconfigure.security.servlet.SecurityFilterAutoConfiguration'
2025-03-04T11:22:54.763+05:30 DEBUG 13672 --- [E-Commerce] [           main] o.s.b.f.s.DefaultListableBeanFactory     : Creating shared instance of singleton bean 'securityFilterChainRegistration'
2025-03-04T11:22:54.764+05:30 DEBUG 13672 --- [E-Commerce] [           main] o.s.b.f.s.DefaultListableBeanFactory     : Autowiring by type from bean name 'securityFilterChainRegistration' via factory method to bean named 'spring.security-org.springframework.boot.autoconfigure.security.SecurityProperties'
2025-03-04T11:22:54.768+05:30 DEBUG 13672 --- [E-Commerce] [           main] o.s.b.f.s.DefaultListableBeanFactory     : Creating shared instance of singleton bean 'org.springframework.boot.autoconfigure.sql.init.SqlInitializationAutoConfiguration'
2025-03-04T11:22:54.768+05:30 DEBUG 13672 --- [E-Commerce] [           main] o.s.b.f.s.DefaultListableBeanFactory     : Creating shared instance of singleton bean 'org.springframework.boot.autoconfigure.task.TaskSchedulingConfigurations$ThreadPoolTaskSchedulerBuilderConfiguration'
2025-03-04T11:22:54.768+05:30 DEBUG 13672 --- [E-Commerce] [           main] o.s.b.f.s.DefaultListableBeanFactory     : Creating shared instance of singleton bean 'threadPoolTaskSchedulerBuilder'
2025-03-04T11:22:54.769+05:30 DEBUG 13672 --- [E-Commerce] [           main] o.s.b.f.s.DefaultListableBeanFactory     : Creating shared instance of singleton bean 'spring.task.scheduling-org.springframework.boot.autoconfigure.task.TaskSchedulingProperties'
2025-03-04T11:22:54.771+05:30 DEBUG 13672 --- [E-Commerce] [           main] o.s.b.f.s.DefaultListableBeanFactory     : Autowiring by type from bean name 'threadPoolTaskSchedulerBuilder' via factory method to bean named 'spring.task.scheduling-org.springframework.boot.autoconfigure.task.TaskSchedulingProperties'
2025-03-04T11:22:54.772+05:30 DEBUG 13672 --- [E-Commerce] [           main] o.s.b.f.s.DefaultListableBeanFactory     : Creating shared instance of singleton bean 'org.springframework.boot.autoconfigure.task.TaskSchedulingConfigurations$SimpleAsyncTaskSchedulerBuilderConfiguration'
2025-03-04T11:22:54.773+05:30 DEBUG 13672 --- [E-Commerce] [           main] o.s.b.f.s.DefaultListableBeanFactory     : Autowiring by type from bean name 'org.springframework.boot.autoconfigure.task.TaskSchedulingConfigurations$SimpleAsyncTaskSchedulerBuilderConfiguration' via constructor to bean named 'spring.task.scheduling-org.springframework.boot.autoconfigure.task.TaskSchedulingProperties'
2025-03-04T11:22:54.774+05:30 DEBUG 13672 --- [E-Commerce] [           main] o.s.b.f.s.DefaultListableBeanFactory     : Creating shared instance of singleton bean 'simpleAsyncTaskSchedulerBuilder'
2025-03-04T11:22:54.776+05:30 DEBUG 13672 --- [E-Commerce] [           main] o.s.b.f.s.DefaultListableBeanFactory     : Creating shared instance of singleton bean 'org.springframework.boot.autoconfigure.task.TaskSchedulingAutoConfiguration'
2025-03-04T11:22:54.777+05:30 DEBUG 13672 --- [E-Commerce] [           main] o.s.b.f.s.DefaultListableBeanFactory     : Creating shared instance of singleton bean 'org.springframework.boot.autoconfigure.jdbc.DataSourceTransactionManagerAutoConfiguration$JdbcTransactionManagerConfiguration'
2025-03-04T11:22:54.777+05:30 DEBUG 13672 --- [E-Commerce] [           main] o.s.b.f.s.DefaultListableBeanFactory     : Creating shared instance of singleton bean 'org.springframework.boot.autoconfigure.jdbc.DataSourceTransactionManagerAutoConfiguration'
2025-03-04T11:22:54.778+05:30 DEBUG 13672 --- [E-Commerce] [           main] o.s.b.f.s.DefaultListableBeanFactory     : Creating shared instance of singleton bean 'org.springframework.boot.autoconfigure.transaction.TransactionAutoConfiguration$EnableTransactionManagementConfiguration$CglibAutoProxyConfiguration'
2025-03-04T11:22:54.778+05:30 DEBUG 13672 --- [E-Commerce] [           main] o.s.b.f.s.DefaultListableBeanFactory     : Creating shared instance of singleton bean 'org.springframework.boot.autoconfigure.transaction.TransactionAutoConfiguration$EnableTransactionManagementConfiguration'
2025-03-04T11:22:54.778+05:30 DEBUG 13672 --- [E-Commerce] [           main] o.s.b.f.s.DefaultListableBeanFactory     : Creating shared instance of singleton bean 'org.springframework.boot.autoconfigure.transaction.TransactionAutoConfiguration$TransactionTemplateConfiguration'
2025-03-04T11:22:54.779+05:30 DEBUG 13672 --- [E-Commerce] [           main] o.s.b.f.s.DefaultListableBeanFactory     : Creating shared instance of singleton bean 'transactionTemplate'
2025-03-04T11:22:54.779+05:30 DEBUG 13672 --- [E-Commerce] [           main] o.s.b.f.s.DefaultListableBeanFactory     : Autowiring by type from bean name 'transactionTemplate' via factory method to bean named 'transactionManager'
2025-03-04T11:22:54.781+05:30 DEBUG 13672 --- [E-Commerce] [           main] o.s.b.f.s.DefaultListableBeanFactory     : Creating shared instance of singleton bean 'org.springframework.boot.autoconfigure.transaction.TransactionAutoConfiguration'
2025-03-04T11:22:54.783+05:30 DEBUG 13672 --- [E-Commerce] [           main] o.s.b.f.s.DefaultListableBeanFactory     : Creating shared instance of singleton bean 'org.springframework.boot.autoconfigure.web.client.RestClientAutoConfiguration'
2025-03-04T11:22:54.783+05:30 DEBUG 13672 --- [E-Commerce] [           main] o.s.b.f.s.DefaultListableBeanFactory     : Creating shared instance of singleton bean 'httpMessageConvertersRestClientCustomizer'
2025-03-04T11:22:54.784+05:30 DEBUG 13672 --- [E-Commerce] [           main] o.s.b.f.s.DefaultListableBeanFactory     : Creating shared instance of singleton bean 'restClientSsl'
2025-03-04T11:22:54.784+05:30 DEBUG 13672 --- [E-Commerce] [           main] o.s.b.f.s.DefaultListableBeanFactory     : Autowiring by type from bean name 'restClientSsl' via factory method to bean named 'sslBundleRegistry'
2025-03-04T11:22:54.786+05:30 DEBUG 13672 --- [E-Commerce] [           main] o.s.b.f.s.DefaultListableBeanFactory     : Creating shared instance of singleton bean 'restClientBuilderConfigurer'
2025-03-04T11:22:54.788+05:30 DEBUG 13672 --- [E-Commerce] [           main] o.s.b.f.s.DefaultListableBeanFactory     : Creating shared instance of singleton bean 'org.springframework.boot.autoconfigure.web.client.RestTemplateAutoConfiguration'
2025-03-04T11:22:54.788+05:30 DEBUG 13672 --- [E-Commerce] [           main] o.s.b.f.s.DefaultListableBeanFactory     : Creating shared instance of singleton bean 'characterEncodingFilter'
2025-03-04T11:22:54.789+05:30 DEBUG 13672 --- [E-Commerce] [           main] o.s.b.f.s.DefaultListableBeanFactory     : Creating shared instance of singleton bean 'multipartResolver'
2025-03-04T11:22:54.809+05:30 DEBUG 13672 --- [E-Commerce] [           main] o.s.c.support.DefaultLifecycleProcessor  : Starting beans in phase -2147483647
2025-03-04T11:22:54.810+05:30 DEBUG 13672 --- [E-Commerce] [           main] o.s.c.support.DefaultLifecycleProcessor  : Successfully started bean 'springBootLoggingLifecycle'
2025-03-04T11:22:54.810+05:30 DEBUG 13672 --- [E-Commerce] [           main] o.s.c.support.DefaultLifecycleProcessor  : Starting beans in phase 1073741823
2025-03-04T11:22:54.848+05:30 DEBUG 13672 --- [E-Commerce] [           main] .s.b.a.l.ConditionEvaluationReportLogger : 


============================
CONDITIONS EVALUATION REPORT
============================


Positive matches:
-----------------

   AopAutoConfiguration matched:
      - @ConditionalOnProperty (spring.aop.auto=true) matched (OnPropertyCondition)

   AopAutoConfiguration.AspectJAutoProxyingConfiguration matched:
      - @ConditionalOnClass found required class 'org.aspectj.weaver.Advice' (OnClassCondition)

   AopAutoConfiguration.AspectJAutoProxyingConfiguration.CglibAutoProxyConfiguration matched:
      - @ConditionalOnProperty (spring.aop.proxy-target-class=true) matched (OnPropertyCondition)

   ApplicationAvailabilityAutoConfiguration#applicationAvailability matched:
      - @ConditionalOnMissingBean (types: org.springframework.boot.availability.ApplicationAvailability; SearchStrategy: all) did not find any beans (OnBeanCondition)

   DataSourceAutoConfiguration matched:
      - @ConditionalOnClass found required classes 'javax.sql.DataSource', 'org.springframework.jdbc.datasource.embedded.EmbeddedDatabaseType' (OnClassCondition)
      - @ConditionalOnMissingBean (types: io.r2dbc.spi.ConnectionFactory; SearchStrategy: all) did not find any beans (OnBeanCondition)

   DataSourceAutoConfiguration.PooledDataSourceConfiguration matched:
      - AnyNestedCondition 1 matched 1 did not; NestedCondition on DataSourceAutoConfiguration.PooledDataSourceCondition.PooledDataSourceAvailable PooledDataSource found supported DataSource; NestedCondition on DataSourceAutoConfiguration.PooledDataSourceCondition.ExplicitType @ConditionalOnProperty (spring.datasource.type) did not find property 'type' (DataSourceAutoConfiguration.PooledDataSourceCondition)
      - @ConditionalOnMissingBean (types: javax.sql.DataSource,javax.sql.XADataSource; SearchStrategy: all) did not find any beans (OnBeanCondition)

   DataSourceAutoConfiguration.PooledDataSourceConfiguration#jdbcConnectionDetails matched:
      - @ConditionalOnMissingBean (types: org.springframework.boot.autoconfigure.jdbc.JdbcConnectionDetails; SearchStrategy: all) did not find any beans (OnBeanCondition)

   DataSourceConfiguration.Hikari matched:
      - @ConditionalOnClass found required class 'com.zaxxer.hikari.HikariDataSource' (OnClassCondition)
      - @ConditionalOnProperty (spring.datasource.type=com.zaxxer.hikari.HikariDataSource) matched (OnPropertyCondition)
      - @ConditionalOnMissingBean (types: javax.sql.DataSource; SearchStrategy: all) did not find any beans (OnBeanCondition)

   DataSourceInitializationConfiguration matched:
      - @ConditionalOnClass found required class 'org.springframework.jdbc.datasource.init.DatabasePopulator' (OnClassCondition)
      - @ConditionalOnSingleCandidate (types: javax.sql.DataSource; SearchStrategy: all) found a single bean 'dataSource'; @ConditionalOnMissingBean (types: org.springframework.boot.autoconfigure.sql.init.SqlDataSourceScriptDatabaseInitializer,org.springframework.boot.autoconfigure.sql.init.SqlR2dbcScriptDatabaseInitializer; SearchStrategy: all) did not find any beans (OnBeanCondition)

   DataSourcePoolMetadataProvidersConfiguration.HikariPoolDataSourceMetadataProviderConfiguration matched:
      - @ConditionalOnClass found required class 'com.zaxxer.hikari.HikariDataSource' (OnClassCondition)

   DataSourceTransactionManagerAutoConfiguration matched:
      - @ConditionalOnClass found required classes 'javax.sql.DataSource', 'org.springframework.jdbc.core.JdbcTemplate', 'org.springframework.transaction.TransactionManager' (OnClassCondition)

   DataSourceTransactionManagerAutoConfiguration.JdbcTransactionManagerConfiguration matched:
      - @ConditionalOnSingleCandidate (types: javax.sql.DataSource; SearchStrategy: all) found a single bean 'dataSource' (OnBeanCondition)

   DispatcherServletAutoConfiguration matched:
      - @ConditionalOnClass found required class 'org.springframework.web.servlet.DispatcherServlet' (OnClassCondition)
      - found 'session' scope (OnWebApplicationCondition)

   DispatcherServletAutoConfiguration.DispatcherServletConfiguration matched:
      - @ConditionalOnClass found required class 'jakarta.servlet.ServletRegistration' (OnClassCondition)
      - Default DispatcherServlet did not find dispatcher servlet beans (DispatcherServletAutoConfiguration.DefaultDispatcherServletCondition)

   DispatcherServletAutoConfiguration.DispatcherServletRegistrationConfiguration matched:
      - @ConditionalOnClass found required class 'jakarta.servlet.ServletRegistration' (OnClassCondition)
      - DispatcherServlet Registration did not find servlet registration bean (DispatcherServletAutoConfiguration.DispatcherServletRegistrationCondition)

   DispatcherServletAutoConfiguration.DispatcherServletRegistrationConfiguration#dispatcherServletRegistration matched:
      - @ConditionalOnBean (names: dispatcherServlet types: org.springframework.web.servlet.DispatcherServlet; SearchStrategy: all) found bean 'dispatcherServlet' (OnBeanCondition)

   ErrorMvcAutoConfiguration matched:
      - @ConditionalOnClass found required classes 'jakarta.servlet.Servlet', 'org.springframework.web.servlet.DispatcherServlet' (OnClassCondition)
      - found 'session' scope (OnWebApplicationCondition)

   ErrorMvcAutoConfiguration#basicErrorController matched:
      - @ConditionalOnMissingBean (types: org.springframework.boot.web.servlet.error.ErrorController; SearchStrategy: current) did not find any beans (OnBeanCondition)

   ErrorMvcAutoConfiguration#errorAttributes matched:
      - @ConditionalOnMissingBean (types: org.springframework.boot.web.servlet.error.ErrorAttributes; SearchStrategy: current) did not find any beans (OnBeanCondition)

   ErrorMvcAutoConfiguration.DefaultErrorViewResolverConfiguration#conventionErrorViewResolver matched:
      - @ConditionalOnBean (types: org.springframework.web.servlet.DispatcherServlet; SearchStrategy: all) found bean 'dispatcherServlet'; @ConditionalOnMissingBean (types: org.springframework.boot.autoconfigure.web.servlet.error.ErrorViewResolver; SearchStrategy: all) did not find any beans (OnBeanCondition)

   ErrorMvcAutoConfiguration.WhitelabelErrorViewConfiguration matched:
      - @ConditionalOnProperty (server.error.whitelabel.enabled) matched (OnPropertyCondition)
      - ErrorTemplate Missing did not find error template view (ErrorMvcAutoConfiguration.ErrorTemplateMissingCondition)

   ErrorMvcAutoConfiguration.WhitelabelErrorViewConfiguration#beanNameViewResolver matched:
      - @ConditionalOnMissingBean (types: org.springframework.web.servlet.view.BeanNameViewResolver; SearchStrategy: all) did not find any beans (OnBeanCondition)

   ErrorMvcAutoConfiguration.WhitelabelErrorViewConfiguration#defaultErrorView matched:
      - @ConditionalOnMissingBean (names: error; SearchStrategy: all) did not find any beans (OnBeanCondition)

   GenericCacheConfiguration matched:
      - Cache org.springframework.boot.autoconfigure.cache.GenericCacheConfiguration automatic cache type (CacheCondition)

   H2ConsoleAutoConfiguration matched:
      - @ConditionalOnClass found required class 'org.h2.server.web.JakartaWebServlet' (OnClassCondition)
      - found 'session' scope (OnWebApplicationCondition)
      - @ConditionalOnProperty (spring.h2.console.enabled=true) matched (OnPropertyCondition)

   HibernateJpaAutoConfiguration matched:
      - @ConditionalOnClass found required classes 'org.springframework.orm.jpa.LocalContainerEntityManagerFactoryBean', 'jakarta.persistence.EntityManager', 'org.hibernate.engine.spi.SessionImplementor' (OnClassCondition)

   HibernateJpaConfiguration matched:
      - @ConditionalOnSingleCandidate (types: javax.sql.DataSource; SearchStrategy: all) found a single bean 'dataSource' (OnBeanCondition)

   HttpClientAutoConfiguration matched:
      - @ConditionalOnClass found required class 'org.springframework.http.client.ClientHttpRequestFactory' (OnClassCondition)
      - NoneNestedConditions 0 matched 1 did not; NestedCondition on NotReactiveWebApplicationCondition.ReactiveWebApplication did not find reactive web application classes (NotReactiveWebApplicationCondition)

   HttpClientAutoConfiguration#clientHttpRequestFactoryBuilder matched:
      - @ConditionalOnMissingBean (types: org.springframework.boot.http.client.ClientHttpRequestFactoryBuilder; SearchStrategy: all) did not find any beans (OnBeanCondition)

   HttpClientAutoConfiguration#clientHttpRequestFactorySettings matched:
      - @ConditionalOnMissingBean (types: org.springframework.boot.http.client.ClientHttpRequestFactorySettings; SearchStrategy: all) did not find any beans (OnBeanCondition)

   HttpEncodingAutoConfiguration matched:
      - @ConditionalOnClass found required class 'org.springframework.web.filter.CharacterEncodingFilter' (OnClassCondition)
      - found 'session' scope (OnWebApplicationCondition)
      - @ConditionalOnProperty (server.servlet.encoding.enabled) matched (OnPropertyCondition)

   HttpEncodingAutoConfiguration#characterEncodingFilter matched:
      - @ConditionalOnMissingBean (types: org.springframework.web.filter.CharacterEncodingFilter; SearchStrategy: all) did not find any beans (OnBeanCondition)

   HttpMessageConvertersAutoConfiguration matched:
      - @ConditionalOnClass found required class 'org.springframework.http.converter.HttpMessageConverter' (OnClassCondition)
      - NoneNestedConditions 0 matched 1 did not; NestedCondition on HttpMessageConvertersAutoConfiguration.NotReactiveWebApplicationCondition.ReactiveWebApplication did not find reactive web application classes (HttpMessageConvertersAutoConfiguration.NotReactiveWebApplicationCondition)

   HttpMessageConvertersAutoConfiguration#messageConverters matched:
      - @ConditionalOnMissingBean (types: org.springframework.boot.autoconfigure.http.HttpMessageConverters; SearchStrategy: all) did not find any beans (OnBeanCondition)

   HttpMessageConvertersAutoConfiguration.StringHttpMessageConverterConfiguration matched:
      - @ConditionalOnClass found required class 'org.springframework.http.converter.StringHttpMessageConverter' (OnClassCondition)

   HttpMessageConvertersAutoConfiguration.StringHttpMessageConverterConfiguration#stringHttpMessageConverter matched:
      - @ConditionalOnMissingBean (types: org.springframework.http.converter.StringHttpMessageConverter; SearchStrategy: all) did not find any beans (OnBeanCondition)

   JacksonAutoConfiguration matched:
      - @ConditionalOnClass found required class 'com.fasterxml.jackson.databind.ObjectMapper' (OnClassCondition)

   JacksonAutoConfiguration.Jackson2ObjectMapperBuilderCustomizerConfiguration matched:
      - @ConditionalOnClass found required class 'org.springframework.http.converter.json.Jackson2ObjectMapperBuilder' (OnClassCondition)

   JacksonAutoConfiguration.JacksonObjectMapperBuilderConfiguration matched:
      - @ConditionalOnClass found required class 'org.springframework.http.converter.json.Jackson2ObjectMapperBuilder' (OnClassCondition)

   JacksonAutoConfiguration.JacksonObjectMapperBuilderConfiguration#jacksonObjectMapperBuilder matched:
      - @ConditionalOnMissingBean (types: org.springframework.http.converter.json.Jackson2ObjectMapperBuilder; SearchStrategy: all) did not find any beans (OnBeanCondition)

   JacksonAutoConfiguration.JacksonObjectMapperConfiguration matched:
      - @ConditionalOnClass found required class 'org.springframework.http.converter.json.Jackson2ObjectMapperBuilder' (OnClassCondition)

   JacksonAutoConfiguration.JacksonObjectMapperConfiguration#jacksonObjectMapper matched:
      - @ConditionalOnMissingBean (types: com.fasterxml.jackson.databind.ObjectMapper; SearchStrategy: all) did not find any beans (OnBeanCondition)

   JacksonAutoConfiguration.ParameterNamesModuleConfiguration matched:
      - @ConditionalOnClass found required class 'com.fasterxml.jackson.module.paramnames.ParameterNamesModule' (OnClassCondition)

   JacksonAutoConfiguration.ParameterNamesModuleConfiguration#parameterNamesModule matched:
      - @ConditionalOnMissingBean (types: com.fasterxml.jackson.module.paramnames.ParameterNamesModule; SearchStrategy: all) did not find any beans (OnBeanCondition)

   JacksonHttpMessageConvertersConfiguration.MappingJackson2HttpMessageConverterConfiguration matched:
      - @ConditionalOnClass found required class 'com.fasterxml.jackson.databind.ObjectMapper' (OnClassCondition)
      - @ConditionalOnProperty (spring.mvc.converters.preferred-json-mapper=jackson) matched (OnPropertyCondition)
      - @ConditionalOnBean (types: com.fasterxml.jackson.databind.ObjectMapper; SearchStrategy: all) found bean 'jacksonObjectMapper' (OnBeanCondition)

   JacksonHttpMessageConvertersConfiguration.MappingJackson2HttpMessageConverterConfiguration#mappingJackson2HttpMessageConverter matched:
      - @ConditionalOnMissingBean (types: org.springframework.http.converter.json.MappingJackson2HttpMessageConverter ignored: org.springframework.hateoas.server.mvc.TypeConstrainedMappingJackson2HttpMessageConverter,org.springframework.data.rest.webmvc.alps.AlpsJsonHttpMessageConverter; SearchStrategy: all) did not find any beans (OnBeanCondition)

   JdbcClientAutoConfiguration matched:
      - @ConditionalOnSingleCandidate (types: org.springframework.jdbc.core.namedparam.NamedParameterJdbcTemplate; SearchStrategy: all) found a single bean 'namedParameterJdbcTemplate'; @ConditionalOnMissingBean (types: org.springframework.jdbc.core.simple.JdbcClient; SearchStrategy: all) did not find any beans (OnBeanCondition)

   JdbcTemplateAutoConfiguration matched:
      - @ConditionalOnClass found required classes 'javax.sql.DataSource', 'org.springframework.jdbc.core.JdbcTemplate' (OnClassCondition)
      - @ConditionalOnSingleCandidate (types: javax.sql.DataSource; SearchStrategy: all) found a single bean 'dataSource' (OnBeanCondition)

   JdbcTemplateConfiguration matched:
      - @ConditionalOnMissingBean (types: org.springframework.jdbc.core.JdbcOperations; SearchStrategy: all) did not find any beans (OnBeanCondition)

   JpaBaseConfiguration#entityManagerFactory matched:
      - @ConditionalOnMissingBean (types: org.springframework.orm.jpa.LocalContainerEntityManagerFactoryBean,jakarta.persistence.EntityManagerFactory; SearchStrategy: all) did not find any beans (OnBeanCondition)

   JpaBaseConfiguration#entityManagerFactoryBuilder matched:
      - @ConditionalOnMissingBean (types: org.springframework.boot.orm.jpa.EntityManagerFactoryBuilder; SearchStrategy: all) did not find any beans (OnBeanCondition)

   JpaBaseConfiguration#jpaVendorAdapter matched:
      - @ConditionalOnMissingBean (types: org.springframework.orm.jpa.JpaVendorAdapter; SearchStrategy: all) did not find any beans (OnBeanCondition)

   JpaBaseConfiguration#transactionManager matched:
      - @ConditionalOnMissingBean (types: org.springframework.transaction.TransactionManager; SearchStrategy: all) did not find any beans (OnBeanCondition)

   JpaBaseConfiguration.JpaWebConfiguration matched:
      - @ConditionalOnClass found required class 'org.springframework.web.servlet.config.annotation.WebMvcConfigurer' (OnClassCondition)
      - found 'session' scope (OnWebApplicationCondition)
      - @ConditionalOnProperty (spring.jpa.open-in-view=true) matched (OnPropertyCondition)
      - @ConditionalOnMissingBean (types: org.springframework.orm.jpa.support.OpenEntityManagerInViewInterceptor,org.springframework.orm.jpa.support.OpenEntityManagerInViewFilter; SearchStrategy: all) did not find any beans (OnBeanCondition)

   JpaBaseConfiguration.PersistenceManagedTypesConfiguration matched:
      - @ConditionalOnMissingBean (types: org.springframework.orm.jpa.LocalContainerEntityManagerFactoryBean,jakarta.persistence.EntityManagerFactory; SearchStrategy: all) did not find any beans (OnBeanCondition)

   JpaBaseConfiguration.PersistenceManagedTypesConfiguration#persistenceManagedTypes matched:
      - @ConditionalOnMissingBean (types: org.springframework.orm.jpa.persistenceunit.PersistenceManagedTypes; SearchStrategy: all) did not find any beans (OnBeanCondition)

   JpaRepositoriesAutoConfiguration matched:
      - @ConditionalOnClass found required class 'org.springframework.data.jpa.repository.JpaRepository' (OnClassCondition)
      - @ConditionalOnProperty (spring.data.jpa.repositories.enabled=true) matched (OnPropertyCondition)
      - @ConditionalOnBean (types: javax.sql.DataSource; SearchStrategy: all) found bean 'dataSource'; @ConditionalOnMissingBean (types: org.springframework.data.jpa.repository.support.JpaRepositoryFactoryBean,org.springframework.data.jpa.repository.config.JpaRepositoryConfigExtension; SearchStrategy: all) did not find any beans (OnBeanCondition)

   JtaAutoConfiguration matched:
      - @ConditionalOnClass found required class 'jakarta.transaction.Transaction' (OnClassCondition)
      - @ConditionalOnProperty (spring.jta.enabled) matched (OnPropertyCondition)

   LifecycleAutoConfiguration#defaultLifecycleProcessor matched:
      - @ConditionalOnMissingBean (names: lifecycleProcessor; SearchStrategy: current) did not find any beans (OnBeanCondition)

   MultipartAutoConfiguration matched:
      - @ConditionalOnClass found required classes 'jakarta.servlet.Servlet', 'org.springframework.web.multipart.support.StandardServletMultipartResolver', 'jakarta.servlet.MultipartConfigElement' (OnClassCondition)
      - found 'session' scope (OnWebApplicationCondition)
      - @ConditionalOnProperty (spring.servlet.multipart.enabled) matched (OnPropertyCondition)

   MultipartAutoConfiguration#multipartConfigElement matched:
      - @ConditionalOnMissingBean (types: jakarta.servlet.MultipartConfigElement; SearchStrategy: all) did not find any beans (OnBeanCondition)

   MultipartAutoConfiguration#multipartResolver matched:
      - @ConditionalOnMissingBean (types: org.springframework.web.multipart.MultipartResolver; SearchStrategy: all) did not find any beans (OnBeanCondition)

   NamedParameterJdbcTemplateConfiguration matched:
      - @ConditionalOnSingleCandidate (types: org.springframework.jdbc.core.JdbcTemplate; SearchStrategy: all) found a single bean 'jdbcTemplate'; @ConditionalOnMissingBean (types: org.springframework.jdbc.core.namedparam.NamedParameterJdbcOperations; SearchStrategy: all) did not find any beans (OnBeanCondition)

   NoOpCacheConfiguration matched:
      - Cache org.springframework.boot.autoconfigure.cache.NoOpCacheConfiguration automatic cache type (CacheCondition)

   PersistenceExceptionTranslationAutoConfiguration matched:
      - @ConditionalOnClass found required class 'org.springframework.dao.annotation.PersistenceExceptionTranslationPostProcessor' (OnClassCondition)

   PersistenceExceptionTranslationAutoConfiguration#persistenceExceptionTranslationPostProcessor matched:
      - @ConditionalOnProperty (spring.dao.exceptiontranslation.enabled) matched (OnPropertyCondition)
      - @ConditionalOnMissingBean (types: org.springframework.dao.annotation.PersistenceExceptionTranslationPostProcessor; SearchStrategy: all) did not find any beans (OnBeanCondition)

   PropertyPlaceholderAutoConfiguration#propertySourcesPlaceholderConfigurer matched:
      - @ConditionalOnMissingBean (types: org.springframework.context.support.PropertySourcesPlaceholderConfigurer; SearchStrategy: current) did not find any beans (OnBeanCondition)

   RestClientAutoConfiguration matched:
      - @ConditionalOnClass found required class 'org.springframework.web.client.RestClient' (OnClassCondition)
      - NoneNestedConditions 0 matched 1 did not; NestedCondition on NotReactiveWebApplicationCondition.ReactiveWebApplication did not find reactive web application classes (NotReactiveWebApplicationCondition)

   RestClientAutoConfiguration#httpMessageConvertersRestClientCustomizer matched:
      - @ConditionalOnMissingBean (types: org.springframework.boot.autoconfigure.web.client.HttpMessageConvertersRestClientCustomizer; SearchStrategy: all) did not find any beans (OnBeanCondition)

   RestClientAutoConfiguration#restClientBuilder matched:
      - @ConditionalOnMissingBean (types: org.springframework.web.client.RestClient$Builder; SearchStrategy: all) did not find any beans (OnBeanCondition)

   RestClientAutoConfiguration#restClientBuilderConfigurer matched:
      - @ConditionalOnMissingBean (types: org.springframework.boot.autoconfigure.web.client.RestClientBuilderConfigurer; SearchStrategy: all) did not find any beans (OnBeanCondition)

   RestClientAutoConfiguration#restClientSsl matched:
      - @ConditionalOnBean (types: org.springframework.boot.ssl.SslBundles; SearchStrategy: all) found bean 'sslBundleRegistry'; @ConditionalOnMissingBean (types: org.springframework.boot.autoconfigure.web.client.RestClientSsl; SearchStrategy: all) did not find any beans (OnBeanCondition)

   RestTemplateAutoConfiguration matched:
      - @ConditionalOnClass found required class 'org.springframework.web.client.RestTemplate' (OnClassCondition)
      - NoneNestedConditions 0 matched 1 did not; NestedCondition on NotReactiveWebApplicationCondition.ReactiveWebApplication did not find reactive web application classes (NotReactiveWebApplicationCondition)

   RestTemplateAutoConfiguration#restTemplateBuilder matched:
      - @ConditionalOnMissingBean (types: org.springframework.boot.web.client.RestTemplateBuilder; SearchStrategy: all) did not find any beans (OnBeanCondition)

   SecurityAutoConfiguration matched:
      - @ConditionalOnClass found required class 'org.springframework.security.authentication.DefaultAuthenticationEventPublisher' (OnClassCondition)

   SecurityAutoConfiguration#authenticationEventPublisher matched:
      - @ConditionalOnMissingBean (types: org.springframework.security.authentication.AuthenticationEventPublisher; SearchStrategy: all) did not find any beans (OnBeanCondition)

   SecurityFilterAutoConfiguration matched:
      - @ConditionalOnClass found required classes 'org.springframework.security.web.context.AbstractSecurityWebApplicationInitializer', 'org.springframework.security.config.http.SessionCreationPolicy' (OnClassCondition)
      - found 'session' scope (OnWebApplicationCondition)

   SecurityFilterAutoConfiguration#securityFilterChainRegistration matched:
      - @ConditionalOnBean (names: springSecurityFilterChain; SearchStrategy: all) found bean 'springSecurityFilterChain' (OnBeanCondition)

   ServletWebServerFactoryAutoConfiguration matched:
      - @ConditionalOnClass found required class 'jakarta.servlet.ServletRequest' (OnClassCondition)
      - found 'session' scope (OnWebApplicationCondition)

   ServletWebServerFactoryAutoConfiguration#tomcatServletWebServerFactoryCustomizer matched:
      - @ConditionalOnClass found required class 'org.apache.catalina.startup.Tomcat' (OnClassCondition)

   ServletWebServerFactoryConfiguration.EmbeddedTomcat matched:
      - @ConditionalOnClass found required classes 'jakarta.servlet.Servlet', 'org.apache.catalina.startup.Tomcat', 'org.apache.coyote.UpgradeProtocol' (OnClassCondition)
      - @ConditionalOnMissingBean (types: org.springframework.boot.web.servlet.server.ServletWebServerFactory; SearchStrategy: current) did not find any beans (OnBeanCondition)

   SimpleCacheConfiguration matched:
      - Cache org.springframework.boot.autoconfigure.cache.SimpleCacheConfiguration automatic cache type (CacheCondition)

   SpringBootWebSecurityConfiguration matched:
      - found 'session' scope (OnWebApplicationCondition)

   SpringDataWebAutoConfiguration matched:
      - @ConditionalOnClass found required classes 'org.springframework.data.web.PageableHandlerMethodArgumentResolver', 'org.springframework.web.servlet.config.annotation.WebMvcConfigurer' (OnClassCondition)
      - found 'session' scope (OnWebApplicationCondition)
      - @ConditionalOnMissingBean (types: org.springframework.data.web.PageableHandlerMethodArgumentResolver; SearchStrategy: all) did not find any beans (OnBeanCondition)

   SpringDataWebAutoConfiguration#pageableCustomizer matched:
      - @ConditionalOnMissingBean (types: org.springframework.data.web.config.PageableHandlerMethodArgumentResolverCustomizer; SearchStrategy: all) did not find any beans (OnBeanCondition)

   SpringDataWebAutoConfiguration#sortCustomizer matched:
      - @ConditionalOnMissingBean (types: org.springframework.data.web.config.SortHandlerMethodArgumentResolverCustomizer; SearchStrategy: all) did not find any beans (OnBeanCondition)

   SpringDataWebAutoConfiguration#springDataWebSettings matched:
      - @ConditionalOnMissingBean (types: org.springframework.data.web.config.SpringDataWebSettings; SearchStrategy: all) did not find any beans (OnBeanCondition)

   SpringDocConfigProperties matched:
      - @ConditionalOnProperty (springdoc.api-docs.enabled) matched (OnPropertyCondition)
      - @ConditionalOnBean (types: org.springdoc.core.configuration.SpringDocConfiguration; SearchStrategy: all) found bean 'org.springdoc.core.configuration.SpringDocConfiguration' (OnBeanCondition)

   SpringDocConfiguration matched:
      - @ConditionalOnWebApplication (required) found 'session' scope (OnWebApplicationCondition)
      - @ConditionalOnProperty (springdoc.api-docs.enabled) matched (OnPropertyCondition)

   SpringDocConfiguration#fileSupportConverter matched:
      - @ConditionalOnMissingBean (types: org.springdoc.core.converters.FileSupportConverter; SearchStrategy: all) did not find any beans (OnBeanCondition)

   SpringDocConfiguration#globalOpenApiCustomizer matched:
      - @ConditionalOnMissingBean (types: org.springdoc.core.customizers.GlobalOpenApiCustomizer; SearchStrategy: all) did not find any beans (OnBeanCondition)

   SpringDocConfiguration#oas31ModelConverter matched:
      - @ConditionalOnMissingBean (types: org.springdoc.core.converters.OAS31ModelConverter; SearchStrategy: all) did not find any beans (OnBeanCondition)

   SpringDocConfiguration#openAPIBuilder matched:
      - @ConditionalOnMissingBean (types: org.springdoc.core.service.OpenAPIService; SearchStrategy: all) did not find any beans (OnBeanCondition)

   SpringDocConfiguration#operationBuilder matched:
      - @ConditionalOnMissingBean (types: org.springdoc.core.service.OperationService; SearchStrategy: all) did not find any beans (OnBeanCondition)

   SpringDocConfiguration#parameterBuilder matched:
      - @ConditionalOnMissingBean (types: org.springdoc.core.service.GenericParameterService; SearchStrategy: all) did not find any beans (OnBeanCondition)

   SpringDocConfiguration#parameterObjectNamingStrategyCustomizer matched:
      - @ConditionalOnMissingBean (types: org.springdoc.core.customizers.ParameterObjectNamingStrategyCustomizer; SearchStrategy: all) did not find any beans (OnBeanCondition)

   SpringDocConfiguration#polymorphicModelConverter matched:
      - @ConditionalOnProperty (springdoc.model-converters.polymorphic-converter.enabled) matched (OnPropertyCondition)
      - @ConditionalOnMissingBean (types: org.springdoc.core.converters.PolymorphicModelConverter; SearchStrategy: all) did not find any beans (OnBeanCondition)

   SpringDocConfiguration#requestBodyBuilder matched:
      - @ConditionalOnMissingBean (types: org.springdoc.core.service.RequestBodyService; SearchStrategy: all) did not find any beans (OnBeanCondition)

   SpringDocConfiguration#responseSupportConverter matched:
      - @ConditionalOnMissingBean (types: org.springdoc.core.converters.ResponseSupportConverter; SearchStrategy: all) did not find any beans (OnBeanCondition)

   SpringDocConfiguration#schemaPropertyDeprecatingConverter matched:
      - @ConditionalOnProperty (springdoc.model-converters.deprecating-converter.enabled) matched (OnPropertyCondition)
      - @ConditionalOnMissingBean (types: org.springdoc.core.converters.SchemaPropertyDeprecatingConverter; SearchStrategy: all) did not find any beans (OnBeanCondition)

   SpringDocConfiguration#securityParser matched:
      - @ConditionalOnMissingBean (types: org.springdoc.core.service.SecurityService; SearchStrategy: all) did not find any beans (OnBeanCondition)

   SpringDocConfiguration#springDocCustomizers matched:
      - @ConditionalOnMissingBean (types: org.springdoc.core.customizers.SpringDocCustomizers; SearchStrategy: all) did not find any beans (OnBeanCondition)

   SpringDocConfiguration#springDocProviders matched:
      - @ConditionalOnMissingBean (types: org.springdoc.core.providers.SpringDocProviders; SearchStrategy: all) did not find any beans (OnBeanCondition)

   SpringDocConfiguration#springdocObjectMapperProvider matched:
      - @ConditionalOnMissingBean (types: org.springdoc.core.providers.ObjectMapperProvider; SearchStrategy: all) did not find any beans (OnBeanCondition)

   SpringDocConfiguration.QuerydslProvider matched:
      - @ConditionalOnClass found required class 'org.springframework.data.querydsl.binding.QuerydslBindingsFactory' (OnClassCondition)

   SpringDocConfiguration.QuerydslProvider#queryDslQuerydslPredicateOperationCustomizer matched:
      - @ConditionalOnMissingBean (types: org.springdoc.core.customizers.QuerydslPredicateOperationCustomizer; SearchStrategy: all) did not find any beans (OnBeanCondition)

   SpringDocConfiguration.SpringDocSpringDataWebPropertiesProvider matched:
      - @ConditionalOnClass found required class 'org.springframework.boot.autoconfigure.data.web.SpringDataWebProperties' (OnClassCondition)

   SpringDocConfiguration.SpringDocSpringDataWebPropertiesProvider#springDataWebPropertiesProvider matched:
      - @ConditionalOnMissingBean (types: org.springdoc.core.providers.SpringDataWebPropertiesProvider; SearchStrategy: all) did not find any beans (OnBeanCondition)

   SpringDocConfiguration.WebConversionServiceConfiguration matched:
      - @ConditionalOnClass found required class 'org.springframework.boot.autoconfigure.web.format.WebConversionService' (OnClassCondition)

   SpringDocPageableConfiguration matched:
      - @ConditionalOnClass found required class 'org.springframework.data.domain.Pageable' (OnClassCondition)
      - @ConditionalOnWebApplication (required) found 'session' scope (OnWebApplicationCondition)
      - @ConditionalOnProperty (springdoc.api-docs.enabled) matched (OnPropertyCondition)
      - @ConditionalOnBean (types: org.springdoc.core.configuration.SpringDocConfiguration; SearchStrategy: all) found bean 'org.springdoc.core.configuration.SpringDocConfiguration' (OnBeanCondition)

   SpringDocPageableConfiguration#dataRestDelegatingMethodParameterCustomizer matched:
      - @ConditionalOnMissingBean (types: org.springdoc.core.customizers.DataRestDelegatingMethodParameterCustomizer; SearchStrategy: all) did not find any beans (OnBeanCondition)

   SpringDocPageableConfiguration#pageOpenAPIConverter matched:
      - @ConditionalOnClass found required classes 'org.springframework.data.web.PagedModel', 'org.springframework.data.web.config.SpringDataWebSettings' (OnClassCondition)
      - @ConditionalOnMissingBean (types: org.springdoc.core.converters.PageOpenAPIConverter; SearchStrategy: all) did not find any beans (OnBeanCondition)

   SpringDocPageableConfiguration#pageableOpenAPIConverter matched:
      - @ConditionalOnProperty (springdoc.model-converters.pageable-converter.enabled) matched (OnPropertyCondition)
      - @ConditionalOnMissingBean (types: org.springdoc.core.converters.PageableOpenAPIConverter; SearchStrategy: all) did not find any beans (OnBeanCondition)

   SpringDocSecurityConfiguration matched:
      - @ConditionalOnClass found required class 'org.springframework.security.web.SecurityFilterChain' (OnClassCondition)
      - @ConditionalOnWebApplication (required) found 'session' scope (OnWebApplicationCondition)
      - @ConditionalOnExpression (#{${springdoc.api-docs.enabled:true} and ${springdoc.enable-spring-security:true}}) resulted in true (OnExpressionCondition)
      - @ConditionalOnBean (types: org.springdoc.core.configuration.SpringDocConfiguration; SearchStrategy: all) found bean 'org.springdoc.core.configuration.SpringDocConfiguration' (OnBeanCondition)

   SpringDocSecurityConfiguration.SpringSecurityLoginEndpointConfiguration matched:
      - @ConditionalOnClass found required class 'jakarta.servlet.Filter' (OnClassCondition)

   SpringDocSortConfiguration matched:
      - @ConditionalOnClass found required class 'org.springframework.data.domain.Sort' (OnClassCondition)
      - @ConditionalOnWebApplication (required) found 'session' scope (OnWebApplicationCondition)
      - @ConditionalOnProperty (springdoc.api-docs.enabled) matched (OnPropertyCondition)
      - @ConditionalOnBean (types: org.springdoc.core.configuration.SpringDocConfiguration; SearchStrategy: all) found bean 'org.springdoc.core.configuration.SpringDocConfiguration' (OnBeanCondition)

   SpringDocSortConfiguration#sortOpenAPIConverter matched:
      - @ConditionalOnProperty (springdoc.sort-converter.enabled) matched (OnPropertyCondition)
      - @ConditionalOnMissingBean (types: org.springdoc.core.converters.SortOpenAPIConverter; SearchStrategy: all) did not find any beans (OnBeanCondition)

   SpringDocUIConfiguration matched:
      - @ConditionalOnWebApplication (required) found 'session' scope (OnWebApplicationCondition)
      - @ConditionalOnBean (types: org.springdoc.core.configuration.SpringDocConfiguration; SearchStrategy: all) found bean 'org.springdoc.core.configuration.SpringDocConfiguration' (OnBeanCondition)

   SpringDocWebMvcConfiguration matched:
      - found 'session' scope (OnWebApplicationCondition)
      - @ConditionalOnProperty (springdoc.api-docs.enabled) matched (OnPropertyCondition)
      - @ConditionalOnBean (types: org.springdoc.core.configuration.SpringDocConfiguration; SearchStrategy: all) found bean 'org.springdoc.core.configuration.SpringDocConfiguration' (OnBeanCondition)

   SpringDocWebMvcConfiguration#openApiResource matched:
      - @ConditionalOnExpression (#{(${springdoc.use-management-port:false} == false ) and ${springdoc.enable-default-api-docs:true}}) resulted in true (OnExpressionCondition)
      - @ConditionalOnMissingBean (types: org.springdoc.webmvc.api.OpenApiWebMvcResource; SearchStrategy: all) did not find any beans (OnBeanCondition)

   SpringDocWebMvcConfiguration#requestBuilder matched:
      - @ConditionalOnMissingBean (types: org.springdoc.webmvc.core.service.RequestService; SearchStrategy: all) did not find any beans (OnBeanCondition)

   SpringDocWebMvcConfiguration#responseBuilder matched:
      - @ConditionalOnMissingBean (types: org.springdoc.core.service.GenericResponseService; SearchStrategy: all) did not find any beans (OnBeanCondition)

   SpringDocWebMvcConfiguration#springWebProvider matched:
      - @ConditionalOnMissingBean (types: org.springdoc.core.providers.SpringWebProvider; SearchStrategy: all) did not find any beans (OnBeanCondition)

   SpringDocWebMvcConfiguration.SpringDocWebMvcRouterConfiguration matched:
      - @ConditionalOnClass found required class 'org.springframework.web.servlet.function.RouterFunction' (OnClassCondition)

   SpringDocWebMvcConfiguration.SpringDocWebMvcRouterConfiguration#routerFunctionProvider matched:
      - @ConditionalOnMissingBean (types: org.springdoc.webmvc.core.providers.RouterFunctionWebMvcProvider; SearchStrategy: all) did not find any beans (OnBeanCondition)

   SqlInitializationAutoConfiguration matched:
      - @ConditionalOnProperty (spring.sql.init.enabled) matched (OnPropertyCondition)
      - NoneNestedConditions 0 matched 1 did not; NestedCondition on SqlInitializationAutoConfiguration.SqlInitializationModeCondition.ModeIsNever @ConditionalOnProperty (spring.sql.init.mode=never) did not find property 'mode' (SqlInitializationAutoConfiguration.SqlInitializationModeCondition)

   SslAutoConfiguration#sslBundleRegistry matched:
      - @ConditionalOnMissingBean (types: org.springframework.boot.ssl.SslBundleRegistry,org.springframework.boot.ssl.SslBundles; SearchStrategy: all) did not find any beans (OnBeanCondition)

   SwaggerConfig matched:
      - found 'session' scope (OnWebApplicationCondition)
      - @ConditionalOnProperty (springdoc.swagger-ui.enabled) matched (OnPropertyCondition)
      - @ConditionalOnBean (types: org.springdoc.core.configuration.SpringDocConfiguration; SearchStrategy: all) found bean 'org.springdoc.core.configuration.SpringDocConfiguration' (OnBeanCondition)

   SwaggerConfig#indexPageTransformer matched:
      - @ConditionalOnMissingBean (types: org.springdoc.webmvc.ui.SwaggerIndexTransformer; SearchStrategy: all) did not find any beans (OnBeanCondition)

   SwaggerConfig#swaggerConfigResource matched:
      - @ConditionalOnProperty (springdoc.use-management-port=false) matched (OnPropertyCondition)
      - @ConditionalOnMissingBean (types: org.springdoc.webmvc.ui.SwaggerConfigResource; SearchStrategy: all) did not find any beans (OnBeanCondition)

   SwaggerConfig#swaggerResourceResolver matched:
      - @ConditionalOnMissingBean (types: org.springdoc.webmvc.ui.SwaggerResourceResolver; SearchStrategy: all) did not find any beans (OnBeanCondition)

   SwaggerConfig#swaggerWebMvcConfigurer matched:
      - @ConditionalOnMissingBean (types: org.springdoc.webmvc.ui.SwaggerWebMvcConfigurer; SearchStrategy: all) did not find any beans (OnBeanCondition)

   SwaggerConfig#swaggerWelcome matched:
      - @ConditionalOnProperty (springdoc.use-management-port=false) matched (OnPropertyCondition)
      - @ConditionalOnMissingBean (types: org.springdoc.webmvc.ui.SwaggerWelcomeWebMvc; SearchStrategy: all) did not find any beans (OnBeanCondition)

   SwaggerUiConfigProperties matched:
      - @ConditionalOnProperty (springdoc.swagger-ui.enabled) matched (OnPropertyCondition)
      - @ConditionalOnBean (types: org.springdoc.core.configuration.SpringDocConfiguration; SearchStrategy: all) found bean 'org.springdoc.core.configuration.SpringDocConfiguration' (OnBeanCondition)

   SwaggerUiOAuthProperties matched:
      - @ConditionalOnProperty (springdoc.swagger-ui.enabled) matched (OnPropertyCondition)
      - @ConditionalOnBean (types: org.springdoc.core.configuration.SpringDocConfiguration; SearchStrategy: all) found bean 'org.springdoc.core.configuration.SpringDocConfiguration' (OnBeanCondition)

   TaskExecutionAutoConfiguration matched:
      - @ConditionalOnClass found required class 'org.springframework.scheduling.concurrent.ThreadPoolTaskExecutor' (OnClassCondition)

   TaskExecutorConfigurations.SimpleAsyncTaskExecutorBuilderConfiguration#simpleAsyncTaskExecutorBuilder matched:
      - @ConditionalOnMissingBean (types: org.springframework.boot.task.SimpleAsyncTaskExecutorBuilder; SearchStrategy: all) did not find any beans (OnBeanCondition)
      - @ConditionalOnThreading found PLATFORM (OnThreadingCondition)

   TaskExecutorConfigurations.TaskExecutorConfiguration matched:
      - @ConditionalOnMissingBean (types: java.util.concurrent.Executor; SearchStrategy: all) did not find any beans (OnBeanCondition)

   TaskExecutorConfigurations.TaskExecutorConfiguration#applicationTaskExecutor matched:
      - @ConditionalOnThreading found PLATFORM (OnThreadingCondition)

   TaskExecutorConfigurations.ThreadPoolTaskExecutorBuilderConfiguration#threadPoolTaskExecutorBuilder matched:
      - @ConditionalOnMissingBean (types: org.springframework.boot.task.ThreadPoolTaskExecutorBuilder; SearchStrategy: all) did not find any beans (OnBeanCondition)

   TaskSchedulingAutoConfiguration matched:
      - @ConditionalOnClass found required class 'org.springframework.scheduling.concurrent.ThreadPoolTaskScheduler' (OnClassCondition)

   TaskSchedulingConfigurations.SimpleAsyncTaskSchedulerBuilderConfiguration#simpleAsyncTaskSchedulerBuilder matched:
      - @ConditionalOnMissingBean (types: org.springframework.boot.task.SimpleAsyncTaskSchedulerBuilder; SearchStrategy: all) did not find any beans (OnBeanCondition)
      - @ConditionalOnThreading found PLATFORM (OnThreadingCondition)

   TaskSchedulingConfigurations.ThreadPoolTaskSchedulerBuilderConfiguration#threadPoolTaskSchedulerBuilder matched:
      - @ConditionalOnMissingBean (types: org.springframework.boot.task.ThreadPoolTaskSchedulerBuilder; SearchStrategy: all) did not find any beans (OnBeanCondition)

   TransactionAutoConfiguration matched:
      - @ConditionalOnClass found required class 'org.springframework.transaction.PlatformTransactionManager' (OnClassCondition)

   TransactionAutoConfiguration.EnableTransactionManagementConfiguration matched:
      - @ConditionalOnBean (types: org.springframework.transaction.TransactionManager; SearchStrategy: all) found bean 'transactionManager'; @ConditionalOnMissingBean (types: org.springframework.transaction.annotation.AbstractTransactionManagementConfiguration; SearchStrategy: all) did not find any beans (OnBeanCondition)

   TransactionAutoConfiguration.EnableTransactionManagementConfiguration.CglibAutoProxyConfiguration matched:
      - @ConditionalOnProperty (spring.aop.proxy-target-class=true) matched (OnPropertyCondition)

   TransactionAutoConfiguration.TransactionTemplateConfiguration matched:
      - @ConditionalOnSingleCandidate (types: org.springframework.transaction.PlatformTransactionManager; SearchStrategy: all) found a single bean 'transactionManager' (OnBeanCondition)

   TransactionAutoConfiguration.TransactionTemplateConfiguration#transactionTemplate matched:
      - @ConditionalOnMissingBean (types: org.springframework.transaction.support.TransactionOperations; SearchStrategy: all) did not find any beans (OnBeanCondition)

   TransactionManagerCustomizationAutoConfiguration matched:
      - @ConditionalOnClass found required class 'org.springframework.transaction.PlatformTransactionManager' (OnClassCondition)

   TransactionManagerCustomizationAutoConfiguration#platformTransactionManagerCustomizers matched:
      - @ConditionalOnMissingBean (types: org.springframework.boot.autoconfigure.transaction.TransactionManagerCustomizers; SearchStrategy: all) did not find any beans (OnBeanCondition)

   ValidationAutoConfiguration matched:
      - @ConditionalOnClass found required class 'jakarta.validation.executable.ExecutableValidator' (OnClassCondition)
      - @ConditionalOnResource found location classpath:META-INF/services/jakarta.validation.spi.ValidationProvider (OnResourceCondition)

   ValidationAutoConfiguration#defaultValidator matched:
      - @ConditionalOnMissingBean (types: jakarta.validation.Validator; SearchStrategy: all) did not find any beans (OnBeanCondition)

   ValidationAutoConfiguration#methodValidationPostProcessor matched:
      - @ConditionalOnMissingBean (types: org.springframework.validation.beanvalidation.MethodValidationPostProcessor; SearchStrategy: current) did not find any beans (OnBeanCondition)

   WebMvcAutoConfiguration matched:
      - @ConditionalOnClass found required classes 'jakarta.servlet.Servlet', 'org.springframework.web.servlet.DispatcherServlet', 'org.springframework.web.servlet.config.annotation.WebMvcConfigurer' (OnClassCondition)
      - found 'session' scope (OnWebApplicationCondition)
      - @ConditionalOnMissingBean (types: org.springframework.web.servlet.config.annotation.WebMvcConfigurationSupport; SearchStrategy: all) did not find any beans (OnBeanCondition)

   WebMvcAutoConfiguration#formContentFilter matched:
      - @ConditionalOnProperty (spring.mvc.formcontent.filter.enabled) matched (OnPropertyCondition)
      - @ConditionalOnMissingBean (types: org.springframework.web.filter.FormContentFilter; SearchStrategy: all) did not find any beans (OnBeanCondition)

   WebMvcAutoConfiguration.EnableWebMvcConfiguration#flashMapManager matched:
      - @ConditionalOnMissingBean (names: flashMapManager; SearchStrategy: all) did not find any beans (OnBeanCondition)

   WebMvcAutoConfiguration.EnableWebMvcConfiguration#localeResolver matched:
      - @ConditionalOnMissingBean (names: localeResolver; SearchStrategy: all) did not find any beans (OnBeanCondition)

   WebMvcAutoConfiguration.EnableWebMvcConfiguration#themeResolver matched:
      - @ConditionalOnMissingBean (names: themeResolver; SearchStrategy: all) did not find any beans (OnBeanCondition)

   WebMvcAutoConfiguration.EnableWebMvcConfiguration#viewNameTranslator matched:
      - @ConditionalOnMissingBean (names: viewNameTranslator; SearchStrategy: all) did not find any beans (OnBeanCondition)

   WebMvcAutoConfiguration.ResourceChainCustomizerConfiguration matched:
      - @ConditionalOnEnabledResourceChain found class org.webjars.WebJarVersionLocator (OnEnabledResourceChainCondition)

   WebMvcAutoConfiguration.WebMvcAutoConfigurationAdapter#defaultViewResolver matched:
      - @ConditionalOnMissingBean (types: org.springframework.web.servlet.view.InternalResourceViewResolver; SearchStrategy: all) did not find any beans (OnBeanCondition)

   WebMvcAutoConfiguration.WebMvcAutoConfigurationAdapter#requestContextFilter matched:
      - @ConditionalOnMissingBean (types: org.springframework.web.context.request.RequestContextListener,org.springframework.web.filter.RequestContextFilter; SearchStrategy: all) did not find any beans (OnBeanCondition)

   WebMvcAutoConfiguration.WebMvcAutoConfigurationAdapter#viewResolver matched:
      - @ConditionalOnBean (types: org.springframework.web.servlet.ViewResolver; SearchStrategy: all) found beans 'defaultViewResolver', 'beanNameViewResolver', 'mvcViewResolver'; @ConditionalOnMissingBean (names: viewResolver types: org.springframework.web.servlet.view.ContentNegotiatingViewResolver; SearchStrategy: all) did not find any beans (OnBeanCondition)

   WebSocketServletAutoConfiguration matched:
      - @ConditionalOnClass found required classes 'jakarta.servlet.Servlet', 'jakarta.websocket.server.ServerContainer' (OnClassCondition)
      - found 'session' scope (OnWebApplicationCondition)

   WebSocketServletAutoConfiguration.TomcatWebSocketConfiguration matched:
      - @ConditionalOnClass found required classes 'org.apache.catalina.startup.Tomcat', 'org.apache.tomcat.websocket.server.WsSci' (OnClassCondition)

   WebSocketServletAutoConfiguration.TomcatWebSocketConfiguration#websocketServletWebServerCustomizer matched:
      - @ConditionalOnMissingBean (names: websocketServletWebServerCustomizer; SearchStrategy: all) did not find any beans (OnBeanCondition)


Negative matches:
-----------------

   ActiveMQAutoConfiguration:
      Did not match:
         - @ConditionalOnClass did not find required class 'jakarta.jms.ConnectionFactory' (OnClassCondition)

   AopAutoConfiguration.AspectJAutoProxyingConfiguration.JdkDynamicAutoProxyConfiguration:
      Did not match:
         - @ConditionalOnProperty (spring.aop.proxy-target-class=false) did not find property 'proxy-target-class' (OnPropertyCondition)

   AopAutoConfiguration.ClassProxyingConfiguration:
      Did not match:
         - @ConditionalOnMissingClass found unwanted class 'org.aspectj.weaver.Advice' (OnClassCondition)

   ArtemisAutoConfiguration:
      Did not match:
         - @ConditionalOnClass did not find required class 'jakarta.jms.ConnectionFactory' (OnClassCondition)

   BatchAutoConfiguration:
      Did not match:
         - @ConditionalOnClass did not find required class 'org.springframework.batch.core.launch.JobLauncher' (OnClassCondition)

   Cache2kCacheConfiguration:
      Did not match:
         - @ConditionalOnClass did not find required class 'org.cache2k.Cache2kBuilder' (OnClassCondition)

   CacheAutoConfiguration:
      Did not match:
         - @ConditionalOnBean (types: org.springframework.cache.interceptor.CacheAspectSupport; SearchStrategy: all) did not find any beans of type org.springframework.cache.interceptor.CacheAspectSupport (OnBeanCondition)
      Matched:
         - @ConditionalOnClass found required class 'org.springframework.cache.CacheManager' (OnClassCondition)

   CacheAutoConfiguration.CacheManagerEntityManagerFactoryDependsOnPostProcessor:
      Did not match:
         - Ancestor org.springframework.boot.autoconfigure.cache.CacheAutoConfiguration did not match (ConditionEvaluationReport.AncestorsMatchedCondition)
      Matched:
         - @ConditionalOnClass found required class 'org.springframework.orm.jpa.LocalContainerEntityManagerFactoryBean' (OnClassCondition)

   CaffeineCacheConfiguration:
      Did not match:
         - @ConditionalOnClass did not find required class 'com.github.benmanes.caffeine.cache.Caffeine' (OnClassCondition)

   CassandraAutoConfiguration:
      Did not match:
         - @ConditionalOnClass did not find required class 'com.datastax.oss.driver.api.core.CqlSession' (OnClassCondition)

   CassandraDataAutoConfiguration:
      Did not match:
         - @ConditionalOnClass did not find required class 'com.datastax.oss.driver.api.core.CqlSession' (OnClassCondition)

   CassandraReactiveDataAutoConfiguration:
      Did not match:
         - @ConditionalOnClass did not find required class 'com.datastax.oss.driver.api.core.CqlSession' (OnClassCondition)

   CassandraReactiveRepositoriesAutoConfiguration:
      Did not match:
         - @ConditionalOnClass did not find required class 'org.springframework.data.cassandra.ReactiveSession' (OnClassCondition)

   CassandraRepositoriesAutoConfiguration:
      Did not match:
         - @ConditionalOnClass did not find required class 'com.datastax.oss.driver.api.core.CqlSession' (OnClassCondition)

   ClientHttpConnectorAutoConfiguration:
      Did not match:
         - @ConditionalOnClass did not find required class 'org.springframework.web.reactive.function.client.WebClient' (OnClassCondition)

   CodecsAutoConfiguration:
      Did not match:
         - @ConditionalOnClass did not find required class 'org.springframework.web.reactive.function.client.WebClient' (OnClassCondition)

   CouchbaseAutoConfiguration:
      Did not match:
         - @ConditionalOnClass did not find required class 'com.couchbase.client.java.Cluster' (OnClassCondition)

   CouchbaseCacheConfiguration:
      Did not match:
         - @ConditionalOnClass did not find required class 'com.couchbase.client.java.Cluster' (OnClassCondition)

   CouchbaseDataAutoConfiguration:
      Did not match:
         - @ConditionalOnClass did not find required class 'com.couchbase.client.java.Bucket' (OnClassCondition)

   CouchbaseReactiveDataAutoConfiguration:
      Did not match:
         - @ConditionalOnClass did not find required class 'com.couchbase.client.java.Cluster' (OnClassCondition)

   CouchbaseReactiveRepositoriesAutoConfiguration:
      Did not match:
         - @ConditionalOnClass did not find required class 'com.couchbase.client.java.Cluster' (OnClassCondition)

   CouchbaseRepositoriesAutoConfiguration:
      Did not match:
         - @ConditionalOnClass did not find required class 'com.couchbase.client.java.Bucket' (OnClassCondition)

   DataSourceAutoConfiguration.EmbeddedDatabaseConfiguration:
      Did not match:
         - EmbeddedDataSource spring.datasource.url is set (DataSourceAutoConfiguration.EmbeddedDatabaseCondition)

   DataSourceCheckpointRestoreConfiguration:
      Did not match:
         - @ConditionalOnClass did not find required class 'org.crac.Resource' (OnClassCondition)

   DataSourceConfiguration.Dbcp2:
      Did not match:
         - @ConditionalOnClass did not find required class 'org.apache.commons.dbcp2.BasicDataSource' (OnClassCondition)

   DataSourceConfiguration.Generic:
      Did not match:
         - @ConditionalOnProperty (spring.datasource.type) did not find property 'spring.datasource.type' (OnPropertyCondition)

   DataSourceConfiguration.OracleUcp:
      Did not match:
         - @ConditionalOnClass did not find required classes 'oracle.ucp.jdbc.PoolDataSourceImpl', 'oracle.jdbc.OracleConnection' (OnClassCondition)

   DataSourceConfiguration.Tomcat:
      Did not match:
         - @ConditionalOnClass did not find required class 'org.apache.tomcat.jdbc.pool.DataSource' (OnClassCondition)

   DataSourceJmxConfiguration:
      Did not match:
         - @ConditionalOnProperty (spring.jmx.enabled=true) found different value in property 'enabled' (OnPropertyCondition)

   DataSourcePoolMetadataProvidersConfiguration.CommonsDbcp2PoolDataSourceMetadataProviderConfiguration:
      Did not match:
         - @ConditionalOnClass did not find required class 'org.apache.commons.dbcp2.BasicDataSource' (OnClassCondition)

   DataSourcePoolMetadataProvidersConfiguration.OracleUcpPoolDataSourceMetadataProviderConfiguration:
      Did not match:
         - @ConditionalOnClass did not find required classes 'oracle.ucp.jdbc.PoolDataSource', 'oracle.jdbc.OracleConnection' (OnClassCondition)

   DataSourcePoolMetadataProvidersConfiguration.TomcatDataSourcePoolMetadataProviderConfiguration:
      Did not match:
         - @ConditionalOnClass did not find required class 'org.apache.tomcat.jdbc.pool.DataSource' (OnClassCondition)

   DataSourceTransactionManagerAutoConfiguration.JdbcTransactionManagerConfiguration#transactionManager:
      Did not match:
         - @ConditionalOnMissingBean (types: org.springframework.transaction.TransactionManager; SearchStrategy: all) found beans of type 'org.springframework.transaction.TransactionManager' transactionManager (OnBeanCondition)

   DevToolsDataSourceAutoConfiguration:
      Did not match:
         - Devtools devtools is disabled for current context. (OnEnabledDevToolsCondition)
      Matched:
         - @ConditionalOnClass found required class 'javax.sql.DataSource' (OnClassCondition)

   DevToolsR2dbcAutoConfiguration:
      Did not match:
         - @ConditionalOnClass did not find required class 'io.r2dbc.spi.ConnectionFactory' (OnClassCondition)

   DispatcherServletAutoConfiguration.DispatcherServletConfiguration#multipartResolver:
      Did not match:
         - @ConditionalOnBean (types: org.springframework.web.multipart.MultipartResolver; SearchStrategy: all) did not find any beans of type org.springframework.web.multipart.MultipartResolver (OnBeanCondition)

   ElasticsearchClientAutoConfiguration:
      Did not match:
         - @ConditionalOnClass did not find required class 'co.elastic.clients.elasticsearch.ElasticsearchClient' (OnClassCondition)

   ElasticsearchDataAutoConfiguration:
      Did not match:
         - @ConditionalOnClass did not find required class 'org.springframework.data.elasticsearch.client.elc.ElasticsearchTemplate' (OnClassCondition)

   ElasticsearchRepositoriesAutoConfiguration:
      Did not match:
         - @ConditionalOnClass did not find required class 'org.springframework.data.elasticsearch.repository.ElasticsearchRepository' (OnClassCondition)

   ElasticsearchRestClientAutoConfiguration:
      Did not match:
         - @ConditionalOnClass did not find required class 'org.elasticsearch.client.RestClientBuilder' (OnClassCondition)

   EmbeddedLdapAutoConfiguration:
      Did not match:
         - @ConditionalOnClass did not find required class 'com.unboundid.ldap.listener.InMemoryDirectoryServer' (OnClassCondition)

   EmbeddedWebServerFactoryCustomizerAutoConfiguration:
      Did not match:
         - Application is deployed as a WAR file. (OnWarDeploymentCondition)
      Matched:
         - @ConditionalOnWebApplication (required) found 'session' scope (OnWebApplicationCondition)

   ErrorWebFluxAutoConfiguration:
      Did not match:
         - @ConditionalOnClass did not find required class 'org.springframework.web.reactive.config.WebFluxConfigurer' (OnClassCondition)

   FlywayAutoConfiguration:
      Did not match:
         - @ConditionalOnClass did not find required class 'org.flywaydb.core.Flyway' (OnClassCondition)

   FreeMarkerAutoConfiguration:
      Did not match:
         - @ConditionalOnClass did not find required class 'freemarker.template.Configuration' (OnClassCondition)

   GraphQlAutoConfiguration:
      Did not match:
         - @ConditionalOnClass did not find required class 'graphql.GraphQL' (OnClassCondition)

   GraphQlQueryByExampleAutoConfiguration:
      Did not match:
         - @ConditionalOnClass did not find required class 'graphql.GraphQL' (OnClassCondition)

   GraphQlQuerydslAutoConfiguration:
      Did not match:
         - @ConditionalOnClass did not find required class 'com.querydsl.core.Query' (OnClassCondition)

   GraphQlRSocketAutoConfiguration:
      Did not match:
         - @ConditionalOnClass did not find required class 'graphql.GraphQL' (OnClassCondition)

   GraphQlReactiveQueryByExampleAutoConfiguration:
      Did not match:
         - @ConditionalOnClass did not find required class 'graphql.GraphQL' (OnClassCondition)

   GraphQlReactiveQuerydslAutoConfiguration:
      Did not match:
         - @ConditionalOnClass did not find required class 'com.querydsl.core.Query' (OnClassCondition)

   GraphQlWebFluxAutoConfiguration:
      Did not match:
         - @ConditionalOnClass did not find required class 'graphql.GraphQL' (OnClassCondition)

   GraphQlWebFluxSecurityAutoConfiguration:
      Did not match:
         - @ConditionalOnClass did not find required class 'graphql.GraphQL' (OnClassCondition)

   GraphQlWebMvcAutoConfiguration:
      Did not match:
         - @ConditionalOnClass did not find required class 'graphql.GraphQL' (OnClassCondition)

   GraphQlWebMvcSecurityAutoConfiguration:
      Did not match:
         - @ConditionalOnClass did not find required class 'graphql.GraphQL' (OnClassCondition)

   GroovyTemplateAutoConfiguration:
      Did not match:
         - @ConditionalOnClass did not find required class 'groovy.text.markup.MarkupTemplateEngine' (OnClassCondition)

   GsonAutoConfiguration:
      Did not match:
         - @ConditionalOnClass did not find required class 'com.google.gson.Gson' (OnClassCondition)

   GsonHttpMessageConvertersConfiguration:
      Did not match:
         - @ConditionalOnClass did not find required class 'com.google.gson.Gson' (OnClassCondition)

   HazelcastAutoConfiguration:
      Did not match:
         - @ConditionalOnClass did not find required class 'com.hazelcast.core.HazelcastInstance' (OnClassCondition)

   HazelcastCacheConfiguration:
      Did not match:
         - @ConditionalOnClass did not find required class 'com.hazelcast.core.HazelcastInstance' (OnClassCondition)

   HazelcastJpaDependencyAutoConfiguration:
      Did not match:
         - @ConditionalOnClass did not find required class 'com.hazelcast.core.HazelcastInstance' (OnClassCondition)

   HttpHandlerAutoConfiguration:
      Did not match:
         - @ConditionalOnClass did not find required class 'org.springframework.web.reactive.DispatcherHandler' (OnClassCondition)

   HypermediaAutoConfiguration:
      Did not match:
         - @ConditionalOnClass did not find required class 'org.springframework.hateoas.EntityModel' (OnClassCondition)

   InfinispanCacheConfiguration:
      Did not match:
         - @ConditionalOnClass did not find required class 'org.infinispan.spring.embedded.provider.SpringEmbeddedCacheManager' (OnClassCondition)

   IntegrationAutoConfiguration:
      Did not match:
         - @ConditionalOnClass did not find required class 'org.springframework.integration.config.EnableIntegration' (OnClassCondition)

   JCacheCacheConfiguration:
      Did not match:
         - @ConditionalOnClass did not find required class 'javax.cache.Caching' (OnClassCondition)

   JacksonHttpMessageConvertersConfiguration.MappingJackson2XmlHttpMessageConverterConfiguration:
      Did not match:
         - @ConditionalOnClass did not find required class 'com.fasterxml.jackson.dataformat.xml.XmlMapper' (OnClassCondition)

   JdbcRepositoriesAutoConfiguration:
      Did not match:
         - @ConditionalOnClass did not find required class 'org.springframework.data.jdbc.repository.config.AbstractJdbcConfiguration' (OnClassCondition)

   JerseyAutoConfiguration:
      Did not match:
         - @ConditionalOnClass did not find required class 'org.glassfish.jersey.server.spring.SpringComponentProvider' (OnClassCondition)

   JmsAutoConfiguration:
      Did not match:
         - @ConditionalOnClass did not find required class 'jakarta.jms.Message' (OnClassCondition)

   JmxAutoConfiguration:
      Did not match:
         - @ConditionalOnProperty (spring.jmx.enabled=true) found different value in property 'enabled' (OnPropertyCondition)
      Matched:
         - @ConditionalOnClass found required class 'org.springframework.jmx.export.MBeanExporter' (OnClassCondition)

   JndiConnectionFactoryAutoConfiguration:
      Did not match:
         - @ConditionalOnClass did not find required class 'org.springframework.jms.core.JmsTemplate' (OnClassCondition)

   JndiDataSourceAutoConfiguration:
      Did not match:
         - @ConditionalOnProperty (spring.datasource.jndi-name) did not find property 'jndi-name' (OnPropertyCondition)
      Matched:
         - @ConditionalOnClass found required classes 'javax.sql.DataSource', 'org.springframework.jdbc.datasource.embedded.EmbeddedDatabaseType' (OnClassCondition)

   JndiJtaConfiguration:
      Did not match:
         - @ConditionalOnJndi JNDI environment is not available (OnJndiCondition)
      Matched:
         - @ConditionalOnClass found required class 'org.springframework.transaction.jta.JtaTransactionManager' (OnClassCondition)

   JooqAutoConfiguration:
      Did not match:
         - @ConditionalOnClass did not find required class 'org.jooq.DSLContext' (OnClassCondition)

   JpaRepositoriesAutoConfiguration#entityManagerFactoryBootstrapExecutorCustomizer:
      Did not match:
         - AnyNestedCondition 0 matched 2 did not; NestedCondition on JpaRepositoriesAutoConfiguration.BootstrapExecutorCondition.LazyBootstrapMode @ConditionalOnProperty (spring.data.jpa.repositories.bootstrap-mode=lazy) did not find property 'bootstrap-mode'; NestedCondition on JpaRepositoriesAutoConfiguration.BootstrapExecutorCondition.DeferredBootstrapMode @ConditionalOnProperty (spring.data.jpa.repositories.bootstrap-mode=deferred) did not find property 'bootstrap-mode' (JpaRepositoriesAutoConfiguration.BootstrapExecutorCondition)

   JsonbAutoConfiguration:
      Did not match:
         - @ConditionalOnClass did not find required class 'jakarta.json.bind.Jsonb' (OnClassCondition)

   JsonbHttpMessageConvertersConfiguration:
      Did not match:
         - @ConditionalOnClass did not find required class 'jakarta.json.bind.Jsonb' (OnClassCondition)

   KafkaAutoConfiguration:
      Did not match:
         - @ConditionalOnClass did not find required class 'org.springframework.kafka.core.KafkaTemplate' (OnClassCondition)

   LdapAutoConfiguration:
      Did not match:
         - @ConditionalOnClass did not find required class 'org.springframework.ldap.core.ContextSource' (OnClassCondition)

   LdapRepositoriesAutoConfiguration:
      Did not match:
         - @ConditionalOnClass did not find required class 'org.springframework.data.ldap.repository.LdapRepository' (OnClassCondition)

   LiquibaseAutoConfiguration:
      Did not match:
         - @ConditionalOnClass did not find required class 'liquibase.change.DatabaseChange' (OnClassCondition)

   LocalDevToolsAutoConfiguration:
      Did not match:
         - Initialized Restarter Condition initialized without URLs (OnInitializedRestarterCondition)

   MailSenderAutoConfiguration:
      Did not match:
         - @ConditionalOnClass did not find required class 'jakarta.mail.internet.MimeMessage' (OnClassCondition)

   MailSenderValidatorAutoConfiguration:
      Did not match:
         - @ConditionalOnSingleCandidate did not find required type 'org.springframework.mail.javamail.JavaMailSenderImpl' (OnBeanCondition)

   MessageSourceAutoConfiguration:
      Did not match:
         - ResourceBundle did not find bundle with basename messages (MessageSourceAutoConfiguration.ResourceBundleCondition)

   MongoAutoConfiguration:
      Did not match:
         - @ConditionalOnClass did not find required class 'com.mongodb.client.MongoClient' (OnClassCondition)

   MongoDataAutoConfiguration:
      Did not match:
         - @ConditionalOnClass did not find required class 'com.mongodb.client.MongoClient' (OnClassCondition)

   MongoReactiveAutoConfiguration:
      Did not match:
         - @ConditionalOnClass did not find required class 'com.mongodb.reactivestreams.client.MongoClient' (OnClassCondition)

   MongoReactiveDataAutoConfiguration:
      Did not match:
         - @ConditionalOnClass did not find required class 'com.mongodb.reactivestreams.client.MongoClient' (OnClassCondition)

   MongoReactiveRepositoriesAutoConfiguration:
      Did not match:
         - @ConditionalOnClass did not find required class 'com.mongodb.reactivestreams.client.MongoClient' (OnClassCondition)

   MongoRepositoriesAutoConfiguration:
      Did not match:
         - @ConditionalOnClass did not find required class 'com.mongodb.client.MongoClient' (OnClassCondition)

   MultipleOpenApiSupportConfiguration:
      Did not match:
         - AnyNestedCondition 0 matched 2 did not; NestedCondition on MultipleOpenApiSupportCondition.OnActuatorDifferentPort @ConditionalOnProperty (springdoc.show-actuator) did not find property 'springdoc.show-actuator'; NestedCondition on MultipleOpenApiSupportCondition.OnMultipleOpenApiSupportCondition AnyNestedCondition 0 matched 3 did not; NestedCondition on MultipleOpenApiGroupsCondition.OnListGroupedOpenApiBean @ConditionalOnBean (types: org.springdoc.core.models.GroupedOpenApi; SearchStrategy: all) did not find any beans of type org.springdoc.core.models.GroupedOpenApi; NestedCondition on MultipleOpenApiGroupsCondition.OnGroupConfigProperty @ConditionalOnProperty (springdoc.group-configs[0].group) did not find property 'springdoc.group-configs[0].group'; NestedCondition on MultipleOpenApiGroupsCondition.OnGroupedOpenApiBean @ConditionalOnBean (types: org.springdoc.core.models.GroupedOpenApi; SearchStrategy: all) did not find any beans of type org.springdoc.core.models.GroupedOpenApi (MultipleOpenApiSupportCondition)
      Matched:
         - found 'session' scope (OnWebApplicationCondition)
         - @ConditionalOnProperty (springdoc.api-docs.enabled) matched (OnPropertyCondition)

   MultipleOpenApiSupportConfiguration.SpringDocWebMvcActuatorDifferentConfiguration:
      Did not match:
         - @ConditionalOnClass did not find required class 'org.springframework.boot.actuate.endpoint.web.servlet.WebMvcEndpointHandlerMapping' (OnClassCondition)
         - Ancestor org.springdoc.webmvc.core.configuration.MultipleOpenApiSupportConfiguration did not match (ConditionEvaluationReport.AncestorsMatchedCondition)

   MustacheAutoConfiguration:
      Did not match:
         - @ConditionalOnClass did not find required class 'com.samskivert.mustache.Mustache' (OnClassCondition)

   Neo4jAutoConfiguration:
      Did not match:
         - @ConditionalOnClass did not find required class 'org.neo4j.driver.Driver' (OnClassCondition)

   Neo4jDataAutoConfiguration:
      Did not match:
         - @ConditionalOnClass did not find required class 'org.neo4j.driver.Driver' (OnClassCondition)

   Neo4jReactiveDataAutoConfiguration:
      Did not match:
         - @ConditionalOnClass did not find required class 'org.neo4j.driver.Driver' (OnClassCondition)

   Neo4jReactiveRepositoriesAutoConfiguration:
      Did not match:
         - @ConditionalOnClass did not find required class 'org.neo4j.driver.Driver' (OnClassCondition)

   Neo4jRepositoriesAutoConfiguration:
      Did not match:
         - @ConditionalOnClass did not find required class 'org.neo4j.driver.Driver' (OnClassCondition)

   NettyAutoConfiguration:
      Did not match:
         - @ConditionalOnClass did not find required class 'io.netty.util.NettyRuntime' (OnClassCondition)

   OAuth2AuthorizationServerAutoConfiguration:
      Did not match:
         - @ConditionalOnClass did not find required class 'org.springframework.security.oauth2.server.authorization.OAuth2Authorization' (OnClassCondition)

   OAuth2AuthorizationServerJwtAutoConfiguration:
      Did not match:
         - @ConditionalOnClass did not find required class 'org.springframework.security.oauth2.server.authorization.OAuth2Authorization' (OnClassCondition)

   OAuth2ClientAutoConfiguration:
      Did not match:
         - @ConditionalOnClass did not find required class 'org.springframework.security.oauth2.client.registration.ClientRegistration' (OnClassCondition)

   OAuth2ResourceServerAutoConfiguration:
      Did not match:
         - @ConditionalOnClass did not find required class 'org.springframework.security.oauth2.server.resource.authentication.BearerTokenAuthenticationToken' (OnClassCondition)

   ProjectInfoAutoConfiguration#buildProperties:
      Did not match:
         - @ConditionalOnResource did not find resource '${spring.info.build.location:classpath:META-INF/build-info.properties}' (OnResourceCondition)

   ProjectInfoAutoConfiguration#gitProperties:
      Did not match:
         - GitResource did not find git info at classpath:git.properties (ProjectInfoAutoConfiguration.GitResourceAvailableCondition)

   PulsarAutoConfiguration:
      Did not match:
         - @ConditionalOnClass did not find required class 'org.apache.pulsar.client.api.PulsarClient' (OnClassCondition)

   PulsarReactiveAutoConfiguration:
      Did not match:
         - @ConditionalOnClass did not find required class 'org.apache.pulsar.client.api.PulsarClient' (OnClassCondition)

   QuartzAutoConfiguration:
      Did not match:
         - @ConditionalOnClass did not find required class 'org.quartz.Scheduler' (OnClassCondition)

   R2dbcAutoConfiguration:
      Did not match:
         - @ConditionalOnClass did not find required class 'io.r2dbc.spi.ConnectionFactory' (OnClassCondition)

   R2dbcDataAutoConfiguration:
      Did not match:
         - @ConditionalOnClass did not find required class 'org.springframework.data.r2dbc.core.R2dbcEntityTemplate' (OnClassCondition)

   R2dbcInitializationConfiguration:
      Did not match:
         - @ConditionalOnClass did not find required classes 'io.r2dbc.spi.ConnectionFactory', 'org.springframework.r2dbc.connection.init.DatabasePopulator' (OnClassCondition)

   R2dbcProxyAutoConfiguration:
      Did not match:
         - @ConditionalOnClass did not find required class 'io.r2dbc.proxy.ProxyConnectionFactory' (OnClassCondition)

   R2dbcRepositoriesAutoConfiguration:
      Did not match:
         - @ConditionalOnClass did not find required class 'io.r2dbc.spi.ConnectionFactory' (OnClassCondition)

   R2dbcTransactionManagerAutoConfiguration:
      Did not match:
         - @ConditionalOnClass did not find required class 'org.springframework.r2dbc.connection.R2dbcTransactionManager' (OnClassCondition)

   RSocketGraphQlClientAutoConfiguration:
      Did not match:
         - @ConditionalOnClass did not find required class 'graphql.GraphQL' (OnClassCondition)

   RSocketMessagingAutoConfiguration:
      Did not match:
         - @ConditionalOnClass did not find required class 'io.rsocket.RSocket' (OnClassCondition)

   RSocketRequesterAutoConfiguration:
      Did not match:
         - @ConditionalOnClass did not find required class 'io.rsocket.RSocket' (OnClassCondition)

   RSocketSecurityAutoConfiguration:
      Did not match:
         - @ConditionalOnClass did not find required class 'org.springframework.security.rsocket.core.SecuritySocketAcceptorInterceptor' (OnClassCondition)

   RSocketServerAutoConfiguration:
      Did not match:
         - @ConditionalOnClass did not find required class 'io.rsocket.core.RSocketServer' (OnClassCondition)

   RSocketStrategiesAutoConfiguration:
      Did not match:
         - @ConditionalOnClass did not find required class 'io.netty.buffer.PooledByteBufAllocator' (OnClassCondition)

   RabbitAutoConfiguration:
      Did not match:
         - @ConditionalOnClass did not find required class 'com.rabbitmq.client.Channel' (OnClassCondition)

   ReactiveElasticsearchClientAutoConfiguration:
      Did not match:
         - @ConditionalOnClass did not find required class 'co.elastic.clients.transport.ElasticsearchTransport' (OnClassCondition)

   ReactiveElasticsearchRepositoriesAutoConfiguration:
      Did not match:
         - @ConditionalOnClass did not find required class 'reactor.core.publisher.Mono' (OnClassCondition)

   ReactiveMultipartAutoConfiguration:
      Did not match:
         - @ConditionalOnClass did not find required class 'org.springframework.web.reactive.config.WebFluxConfigurer' (OnClassCondition)

   ReactiveOAuth2ClientAutoConfiguration:
      Did not match:
         - @ConditionalOnClass did not find required class 'reactor.core.publisher.Flux' (OnClassCondition)

   ReactiveOAuth2ResourceServerAutoConfiguration:
      Did not match:
         - @ConditionalOnWebApplication did not find reactive web application classes (OnWebApplicationCondition)

   ReactiveSecurityAutoConfiguration:
      Did not match:
         - @ConditionalOnClass did not find required class 'reactor.core.publisher.Flux' (OnClassCondition)

   ReactiveUserDetailsServiceAutoConfiguration:
      Did not match:
         - AnyNestedCondition 0 matched 2 did not; NestedCondition on ReactiveUserDetailsServiceAutoConfiguration.RSocketEnabledOrReactiveWebApplication.ReactiveWebApplicationCondition did not find reactive web application classes; NestedCondition on ReactiveUserDetailsServiceAutoConfiguration.RSocketEnabledOrReactiveWebApplication.RSocketSecurityEnabledCondition @ConditionalOnBean (types: org.springframework.messaging.rsocket.annotation.support.RSocketMessageHandler; SearchStrategy: all) did not find any beans of type org.springframework.messaging.rsocket.annotation.support.RSocketMessageHandler (ReactiveUserDetailsServiceAutoConfiguration.RSocketEnabledOrReactiveWebApplication)
      Matched:
         - @ConditionalOnClass found required class 'org.springframework.security.authentication.ReactiveAuthenticationManager' (OnClassCondition)
         - AnyNestedCondition 1 matched 2 did not; NestedCondition on ReactiveUserDetailsServiceAutoConfiguration.MissingAlternativeOrUserPropertiesConfigured.PasswordConfigured @ConditionalOnProperty (spring.security.user.password) did not find property 'password'; NestedCondition on ReactiveUserDetailsServiceAutoConfiguration.MissingAlternativeOrUserPropertiesConfigured.NameConfigured @ConditionalOnProperty (spring.security.user.name) did not find property 'name'; NestedCondition on ReactiveUserDetailsServiceAutoConfiguration.MissingAlternativeOrUserPropertiesConfigured.MissingAlternative @ConditionalOnMissingClass did not find unwanted classes 'org.springframework.security.oauth2.client.registration.ClientRegistrationRepository', 'org.springframework.security.oauth2.server.resource.introspection.ReactiveOpaqueTokenIntrospector' (ReactiveUserDetailsServiceAutoConfiguration.MissingAlternativeOrUserPropertiesConfigured)

   ReactiveWebServerFactoryAutoConfiguration:
      Did not match:
         - @ConditionalOnWebApplication did not find reactive web application classes (OnWebApplicationCondition)

   ReactorAutoConfiguration:
      Did not match:
         - @ConditionalOnClass did not find required class 'reactor.core.publisher.Hooks' (OnClassCondition)

   RedisAutoConfiguration:
      Did not match:
         - @ConditionalOnClass did not find required class 'org.springframework.data.redis.core.RedisOperations' (OnClassCondition)

   RedisCacheConfiguration:
      Did not match:
         - @ConditionalOnClass did not find required class 'org.springframework.data.redis.connection.RedisConnectionFactory' (OnClassCondition)

   RedisReactiveAutoConfiguration:
      Did not match:
         - @ConditionalOnClass did not find required class 'reactor.core.publisher.Flux' (OnClassCondition)

   RedisRepositoriesAutoConfiguration:
      Did not match:
         - @ConditionalOnClass did not find required class 'org.springframework.data.redis.repository.configuration.EnableRedisRepositories' (OnClassCondition)

   RemoteDevToolsAutoConfiguration:
      Did not match:
         - @ConditionalOnProperty (spring.devtools.remote.secret) did not find property 'secret' (OnPropertyCondition)
      Matched:
         - @ConditionalOnClass found required classes 'jakarta.servlet.Filter', 'org.springframework.http.server.ServerHttpRequest' (OnClassCondition)

   RepositoryRestMvcAutoConfiguration:
      Did not match:
         - @ConditionalOnClass did not find required class 'org.springframework.data.rest.webmvc.config.RepositoryRestMvcConfiguration' (OnClassCondition)

   Saml2RelyingPartyAutoConfiguration:
      Did not match:
         - @ConditionalOnClass did not find required class 'org.springframework.security.saml2.provider.service.registration.RelyingPartyRegistrationRepository' (OnClassCondition)

   SecurityDataConfiguration:
      Did not match:
         - @ConditionalOnClass did not find required class 'org.springframework.security.data.repository.query.SecurityEvaluationContextExtension' (OnClassCondition)

   SendGridAutoConfiguration:
      Did not match:
         - @ConditionalOnClass did not find required class 'com.sendgrid.SendGrid' (OnClassCondition)

   ServletWebServerFactoryAutoConfiguration.ForwardedHeaderFilterConfiguration:
      Did not match:
         - @ConditionalOnProperty (server.forward-headers-strategy=framework) did not find property 'server.forward-headers-strategy' (OnPropertyCondition)

   ServletWebServerFactoryConfiguration.EmbeddedJetty:
      Did not match:
         - @ConditionalOnClass did not find required classes 'org.eclipse.jetty.server.Server', 'org.eclipse.jetty.util.Loader', 'org.eclipse.jetty.ee10.webapp.WebAppContext' (OnClassCondition)

   ServletWebServerFactoryConfiguration.EmbeddedUndertow:
      Did not match:
         - @ConditionalOnClass did not find required classes 'io.undertow.Undertow', 'org.xnio.SslClientAuthMode' (OnClassCondition)

   SessionAutoConfiguration:
      Did not match:
         - @ConditionalOnClass did not find required class 'org.springframework.session.Session' (OnClassCondition)

   SpringApplicationAdminJmxAutoConfiguration:
      Did not match:
         - @ConditionalOnProperty (spring.application.admin.enabled=true) did not find property 'enabled' (OnPropertyCondition)

   SpringBootWebSecurityConfiguration.SecurityFilterChainConfiguration:
      Did not match:
         - AllNestedConditions 1 matched 1 did not; NestedCondition on DefaultWebSecurityCondition.Beans @ConditionalOnMissingBean (types: org.springframework.security.web.SecurityFilterChain; SearchStrategy: all) found beans of type 'org.springframework.security.web.SecurityFilterChain' filterChain; NestedCondition on DefaultWebSecurityCondition.Classes @ConditionalOnClass found required classes 'org.springframework.security.web.SecurityFilterChain', 'org.springframework.security.config.annotation.web.builders.HttpSecurity' (DefaultWebSecurityCondition)

   SpringBootWebSecurityConfiguration.WebSecurityEnablerConfiguration:
      Did not match:
         - @ConditionalOnMissingBean (names: springSecurityFilterChain; SearchStrategy: all) found beans named springSecurityFilterChain (OnBeanCondition)
      Matched:
         - @ConditionalOnClass found required class 'org.springframework.security.config.annotation.web.configuration.EnableWebSecurity' (OnClassCondition)

   SpringDocConfiguration#propertiesResolverForSchema:
      Did not match:
         - @ConditionalOnProperty (springdoc.api-docs.resolve-schema-properties) did not find property 'springdoc.api-docs.resolve-schema-properties' (OnPropertyCondition)

   SpringDocConfiguration#propertyCustomizingConverter:
      Did not match:
         - @ConditionalOnBean (types: org.springdoc.core.customizers.PropertyCustomizer; SearchStrategy: all) did not find any beans of type org.springdoc.core.customizers.PropertyCustomizer (OnBeanCondition)

   SpringDocConfiguration#springdocBeanFactoryPostProcessor:
      Did not match:
         - AnyNestedCondition 0 matched 2 did not; NestedCondition on CacheOrGroupedOpenApiCondition.OnCacheDisabled found non-matching nested conditions @ConditionalOnProperty (springdoc.cache.disabled) did not find property 'springdoc.cache.disabled'; NestedCondition on CacheOrGroupedOpenApiCondition.OnMultipleOpenApiSupportCondition AnyNestedCondition 0 matched 2 did not; NestedCondition on MultipleOpenApiSupportCondition.OnActuatorDifferentPort @ConditionalOnProperty (springdoc.show-actuator) did not find property 'springdoc.show-actuator'; NestedCondition on MultipleOpenApiSupportCondition.OnMultipleOpenApiSupportCondition AnyNestedCondition 0 matched 3 did not; NestedCondition on MultipleOpenApiGroupsCondition.OnListGroupedOpenApiBean @ConditionalOnBean (types: org.springdoc.core.models.GroupedOpenApi; SearchStrategy: all) did not find any beans of type org.springdoc.core.models.GroupedOpenApi; NestedCondition on MultipleOpenApiGroupsCondition.OnGroupConfigProperty @ConditionalOnProperty (springdoc.group-configs[0].group) did not find property 'springdoc.group-configs[0].group'; NestedCondition on MultipleOpenApiGroupsCondition.OnGroupedOpenApiBean @ConditionalOnBean (types: org.springdoc.core.models.GroupedOpenApi; SearchStrategy: all) did not find any beans of type org.springdoc.core.models.GroupedOpenApi (CacheOrGroupedOpenApiCondition)
      Matched:
         - @ConditionalOnClass found required class 'org.springframework.boot.context.properties.bind.BindResult' (OnClassCondition)

   SpringDocConfiguration#springdocBeanFactoryPostProcessor2:
      Did not match:
         - @ConditionalOnMissingClass found unwanted class 'org.springframework.boot.context.properties.bind.BindResult' (OnClassCondition)

   SpringDocConfiguration.SpringDocActuatorConfiguration:
      Did not match:
         - @ConditionalOnClass did not find required class 'org.springframework.boot.actuate.autoconfigure.endpoint.web.WebEndpointProperties' (OnClassCondition)

   SpringDocConfiguration.SpringDocRepositoryRestConfiguration:
      Did not match:
         - @ConditionalOnClass did not find required class 'org.springframework.data.rest.core.config.RepositoryRestConfiguration' (OnClassCondition)

   SpringDocConfiguration.SpringDocWebFluxSupportConfiguration:
      Did not match:
         - @ConditionalOnClass did not find required class 'reactor.core.publisher.Flux' (OnClassCondition)

   SpringDocDataRestConfiguration:
      Did not match:
         - @ConditionalOnClass did not find required class 'org.springframework.data.rest.core.config.RepositoryRestConfiguration' (OnClassCondition)

   SpringDocFunctionCatalogConfiguration:
      Did not match:
         - @ConditionalOnClass did not find required class 'org.springframework.cloud.function.web.function.FunctionEndpointInitializer' (OnClassCondition)

   SpringDocGroovyConfiguration:
      Did not match:
         - @ConditionalOnClass did not find required class 'groovy.lang.MetaClass' (OnClassCondition)

   SpringDocHateoasConfiguration:
      Did not match:
         - @ConditionalOnClass did not find required class 'org.springframework.hateoas.server.LinkRelationProvider' (OnClassCondition)

   SpringDocJacksonKotlinModuleConfiguration:
      Did not match:
         - @ConditionalOnClass did not find required class 'com.fasterxml.jackson.module.kotlin.KotlinModule' (OnClassCondition)

   SpringDocJavadocConfiguration:
      Did not match:
         - @ConditionalOnClass did not find required class 'com.github.therapi.runtimejavadoc.CommentFormatter' (OnClassCondition)

   SpringDocKotlinConfiguration:
      Did not match:
         - @ConditionalOnClass did not find required class 'kotlin.coroutines.Continuation' (OnClassCondition)

   SpringDocKotlinxConfiguration:
      Did not match:
         - @ConditionalOnClass did not find required class 'kotlinx.coroutines.flow.Flow' (OnClassCondition)

   SpringDocSecurityConfiguration.SpringDocSecurityOAuth2ClientConfiguration:
      Did not match:
         - @ConditionalOnClass did not find required class 'org.springframework.security.oauth2.client.annotation.RegisteredOAuth2AuthorizedClient' (OnClassCondition)

   SpringDocSecurityConfiguration.SpringDocSecurityOAuth2Configuration:
      Did not match:
         - @ConditionalOnClass did not find required class 'org.springframework.security.oauth2.server.authorization.OAuth2AuthorizationService' (OnClassCondition)

   SpringDocSecurityConfiguration.SpringSecurityLoginEndpointConfiguration#springSecurityLoginEndpointCustomizer:
      Did not match:
         - @ConditionalOnProperty (springdoc.show-login-endpoint) did not find property 'springdoc.show-login-endpoint' (OnPropertyCondition)

   SpringDocSortConfiguration#dataRestDelegatingMethodParameterCustomizer:
      Did not match:
         - @ConditionalOnMissingBean (types: org.springdoc.core.customizers.DataRestDelegatingMethodParameterCustomizer; SearchStrategy: all) found beans of type 'org.springdoc.core.customizers.DataRestDelegatingMethodParameterCustomizer' dataRestDelegatingMethodParameterCustomizer (OnBeanCondition)

   SpringDocWebMvcConfiguration.SpringDocWebMvcActuatorConfiguration:
      Did not match:
         - @ConditionalOnClass did not find required class 'org.springframework.boot.actuate.endpoint.web.servlet.WebMvcEndpointHandlerMapping' (OnClassCondition)

   SwaggerConfig#springWebProvider:
      Did not match:
         - @ConditionalOnMissingBean (types: org.springdoc.core.providers.SpringWebProvider; SearchStrategy: all) found beans of type 'org.springdoc.core.providers.SpringWebProvider' springWebProvider (OnBeanCondition)

   SwaggerConfig#swaggerUiHome:
      Did not match:
         - @ConditionalOnProperty (springdoc.swagger-ui.use-root-path=true) did not find property 'springdoc.swagger-ui.use-root-path' (OnPropertyCondition)

   SwaggerConfig.SwaggerActuatorWelcomeConfiguration:
      Did not match:
         - @ConditionalOnClass did not find required class 'org.springframework.boot.actuate.endpoint.web.servlet.WebMvcEndpointHandlerMapping' (OnClassCondition)

   TaskExecutorConfigurations.SimpleAsyncTaskExecutorBuilderConfiguration#simpleAsyncTaskExecutorBuilderVirtualThreads:
      Did not match:
         - @ConditionalOnMissingBean (types: org.springframework.boot.task.SimpleAsyncTaskExecutorBuilder; SearchStrategy: all) found beans of type 'org.springframework.boot.task.SimpleAsyncTaskExecutorBuilder' simpleAsyncTaskExecutorBuilder (OnBeanCondition)

   TaskExecutorConfigurations.TaskExecutorConfiguration#applicationTaskExecutorVirtualThreads:
      Did not match:
         - @ConditionalOnThreading did not find VIRTUAL (OnThreadingCondition)

   TaskSchedulingAutoConfiguration#scheduledBeanLazyInitializationExcludeFilter:
      Did not match:
         - @ConditionalOnBean (names: org.springframework.context.annotation.internalScheduledAnnotationProcessor; SearchStrategy: all) did not find any beans named org.springframework.context.annotation.internalScheduledAnnotationProcessor (OnBeanCondition)

   TaskSchedulingConfigurations.SimpleAsyncTaskSchedulerBuilderConfiguration#simpleAsyncTaskSchedulerBuilderVirtualThreads:
      Did not match:
         - @ConditionalOnMissingBean (types: org.springframework.boot.task.SimpleAsyncTaskSchedulerBuilder; SearchStrategy: all) found beans of type 'org.springframework.boot.task.SimpleAsyncTaskSchedulerBuilder' simpleAsyncTaskSchedulerBuilder (OnBeanCondition)

   TaskSchedulingConfigurations.TaskSchedulerConfiguration:
      Did not match:
         - @ConditionalOnBean (names: org.springframework.context.annotation.internalScheduledAnnotationProcessor; SearchStrategy: all) did not find any beans named org.springframework.context.annotation.internalScheduledAnnotationProcessor (OnBeanCondition)

   ThymeleafAutoConfiguration:
      Did not match:
         - @ConditionalOnClass did not find required class 'org.thymeleaf.spring6.SpringTemplateEngine' (OnClassCondition)

   TransactionAutoConfiguration#transactionalOperator:
      Did not match:
         - @ConditionalOnSingleCandidate (types: org.springframework.transaction.ReactiveTransactionManager; SearchStrategy: all) did not find any beans (OnBeanCondition)

   TransactionAutoConfiguration.AspectJTransactionManagementConfiguration:
      Did not match:
         - @ConditionalOnBean (types: org.springframework.transaction.aspectj.AbstractTransactionAspect; SearchStrategy: all) did not find any beans of type org.springframework.transaction.aspectj.AbstractTransactionAspect (OnBeanCondition)

   TransactionAutoConfiguration.EnableTransactionManagementConfiguration.JdkDynamicAutoProxyConfiguration:
      Did not match:
         - @ConditionalOnProperty (spring.aop.proxy-target-class=false) did not find property 'proxy-target-class' (OnPropertyCondition)

   UserDetailsServiceAutoConfiguration:
      Did not match:
         - @ConditionalOnMissingBean (types: org.springframework.security.authentication.AuthenticationManager,org.springframework.security.authentication.AuthenticationProvider,org.springframework.security.core.userdetails.UserDetailsService,org.springframework.security.authentication.AuthenticationManagerResolver,org.springframework.security.oauth2.jwt.JwtDecoder; SearchStrategy: all) found beans of type 'org.springframework.security.authentication.AuthenticationManager' authenticationManager and found beans of type 'org.springframework.security.core.userdetails.UserDetailsService' userDetailsServiceImpl and found beans of type 'org.springframework.security.authentication.AuthenticationProvider' authenticationProvider (OnBeanCondition)
      Matched:
         - @ConditionalOnClass found required class 'org.springframework.security.authentication.AuthenticationManager' (OnClassCondition)
         - found 'session' scope (OnWebApplicationCondition)
         - AnyNestedCondition 1 matched 2 did not; NestedCondition on UserDetailsServiceAutoConfiguration.MissingAlternativeOrUserPropertiesConfigured.PasswordConfigured @ConditionalOnProperty (spring.security.user.password) did not find property 'password'; NestedCondition on UserDetailsServiceAutoConfiguration.MissingAlternativeOrUserPropertiesConfigured.NameConfigured @ConditionalOnProperty (spring.security.user.name) did not find property 'name'; NestedCondition on UserDetailsServiceAutoConfiguration.MissingAlternativeOrUserPropertiesConfigured.MissingAlternative @ConditionalOnMissingClass did not find unwanted classes 'org.springframework.security.oauth2.client.registration.ClientRegistrationRepository', 'org.springframework.security.oauth2.server.resource.introspection.OpaqueTokenIntrospector', 'org.springframework.security.saml2.provider.service.registration.RelyingPartyRegistrationRepository' (UserDetailsServiceAutoConfiguration.MissingAlternativeOrUserPropertiesConfigured)

   WebClientAutoConfiguration:
      Did not match:
         - @ConditionalOnClass did not find required class 'org.springframework.web.reactive.function.client.WebClient' (OnClassCondition)

   WebFluxAutoConfiguration:
      Did not match:
         - @ConditionalOnClass did not find required class 'org.springframework.web.reactive.config.WebFluxConfigurer' (OnClassCondition)

   WebMvcAutoConfiguration#hiddenHttpMethodFilter:
      Did not match:
         - @ConditionalOnProperty (spring.mvc.hiddenmethod.filter.enabled) did not find property 'enabled' (OnPropertyCondition)

   WebMvcAutoConfiguration.ProblemDetailsErrorHandlingConfiguration:
      Did not match:
         - @ConditionalOnProperty (spring.mvc.problemdetails.enabled=true) did not find property 'enabled' (OnPropertyCondition)

   WebMvcAutoConfiguration.WebMvcAutoConfigurationAdapter#beanNameViewResolver:
      Did not match:
         - @ConditionalOnMissingBean (types: org.springframework.web.servlet.view.BeanNameViewResolver; SearchStrategy: all) found beans of type 'org.springframework.web.servlet.view.BeanNameViewResolver' beanNameViewResolver (OnBeanCondition)

   WebServiceTemplateAutoConfiguration:
      Did not match:
         - @ConditionalOnClass did not find required class 'org.springframework.oxm.Marshaller' (OnClassCondition)

   WebServicesAutoConfiguration:
      Did not match:
         - @ConditionalOnClass did not find required class 'org.springframework.ws.transport.http.MessageDispatcherServlet' (OnClassCondition)

   WebSessionIdResolverAutoConfiguration:
      Did not match:
         - @ConditionalOnClass did not find required class 'reactor.core.publisher.Mono' (OnClassCondition)

   WebSocketMessagingAutoConfiguration:
      Did not match:
         - @ConditionalOnClass did not find required class 'org.springframework.web.socket.config.annotation.WebSocketMessageBrokerConfigurer' (OnClassCondition)

   WebSocketReactiveAutoConfiguration:
      Did not match:
         - @ConditionalOnWebApplication did not find reactive web application classes (OnWebApplicationCondition)

   WebSocketServletAutoConfiguration.JettyWebSocketConfiguration:
      Did not match:
         - @ConditionalOnClass did not find required class 'org.eclipse.jetty.ee10.websocket.jakarta.server.config.JakartaWebSocketServletContainerInitializer' (OnClassCondition)

   WebSocketServletAutoConfiguration.UndertowWebSocketConfiguration:
      Did not match:
         - @ConditionalOnClass did not find required class 'io.undertow.websockets.jsr.Bootstrap' (OnClassCondition)

   XADataSourceAutoConfiguration:
      Did not match:
         - @ConditionalOnBean (types: org.springframework.boot.jdbc.XADataSourceWrapper; SearchStrategy: all) did not find any beans of type org.springframework.boot.jdbc.XADataSourceWrapper (OnBeanCondition)
      Matched:
         - @ConditionalOnClass found required classes 'javax.sql.DataSource', 'jakarta.transaction.TransactionManager', 'org.springframework.jdbc.datasource.embedded.EmbeddedDatabaseType' (OnClassCondition)


Exclusions:
-----------

    None


Unconditional classes:
----------------------

    org.springframework.boot.autoconfigure.context.ConfigurationPropertiesAutoConfiguration

    org.springframework.boot.autoconfigure.ssl.SslAutoConfiguration

    org.springframework.boot.autoconfigure.context.PropertyPlaceholderAutoConfiguration

    org.springframework.boot.autoconfigure.context.LifecycleAutoConfiguration

    org.springdoc.core.configuration.SpringDocSpecPropertiesConfiguration

    org.springframework.boot.autoconfigure.availability.ApplicationAvailabilityAutoConfiguration

    org.springframework.boot.autoconfigure.info.ProjectInfoAutoConfiguration



2025-03-04T11:22:54.854+05:30  INFO 13672 --- [E-Commerce] [           main] com.joel.ECommerceApplicationTests       : Started ECommerceApplicationTests in 9.008 seconds (process running for 11.343)
2025-03-04T11:22:54.858+05:30 DEBUG 13672 --- [E-Commerce] [           main] o.s.b.a.ApplicationAvailabilityBean      : Application availability state LivenessState changed to CORRECT
2025-03-04T11:22:54.875+05:30 DEBUG 13672 --- [E-Commerce] [           main] tor$SharedEntityManagerInvocationHandler : Creating new EntityManager for shared EntityManager invocation
2025-03-04T11:22:55.069+05:30 DEBUG 13672 --- [E-Commerce] [           main] org.hibernate.SQL                        : 
    select
        r1_0.role_id,
        r1_0.role_name 
    from
        role r1_0 
    where
        r1_0.role_name=?
Hibernate: 
    select
        r1_0.role_id,
        r1_0.role_name 
    from
        role r1_0 
    where
        r1_0.role_name=?
2025-03-04T11:22:55.138+05:30 DEBUG 13672 --- [E-Commerce] [           main] o.s.orm.jpa.JpaTransactionManager        : Creating new transaction with name [org.springframework.data.jpa.repository.support.SimpleJpaRepository.save]: PROPAGATION_REQUIRED,ISOLATION_DEFAULT
2025-03-04T11:22:55.142+05:30 DEBUG 13672 --- [E-Commerce] [           main] o.s.orm.jpa.JpaTransactionManager        : Opened new EntityManager [SessionImpl(1966827590<open>)] for JPA transaction
2025-03-04T11:22:55.153+05:30 DEBUG 13672 --- [E-Commerce] [           main] o.s.orm.jpa.JpaTransactionManager        : Exposing JPA transaction as JDBC [org.springframework.orm.jpa.vendor.HibernateJpaDialect$HibernateConnectionHandle@4e739968]
2025-03-04T11:22:55.204+05:30 DEBUG 13672 --- [E-Commerce] [           main] org.hibernate.SQL                        : 
    insert 
    into
        role
        (role_name, role_id) 
    values
        (?, default)
Hibernate: 
    insert 
    into
        role
        (role_name, role_id) 
    values
        (?, default)
2025-03-04T11:22:55.228+05:30 DEBUG 13672 --- [E-Commerce] [           main] o.s.orm.jpa.JpaTransactionManager        : Initiating transaction commit
2025-03-04T11:22:55.229+05:30 DEBUG 13672 --- [E-Commerce] [           main] o.s.orm.jpa.JpaTransactionManager        : Committing JPA transaction on EntityManager [SessionImpl(1966827590<open>)]
2025-03-04T11:22:55.237+05:30 DEBUG 13672 --- [E-Commerce] [           main] o.s.orm.jpa.JpaTransactionManager        : Closing JPA EntityManager [SessionImpl(1966827590<open>)] after transaction
2025-03-04T11:22:55.238+05:30 DEBUG 13672 --- [E-Commerce] [           main] tor$SharedEntityManagerInvocationHandler : Creating new EntityManager for shared EntityManager invocation
2025-03-04T11:22:55.239+05:30 DEBUG 13672 --- [E-Commerce] [           main] org.hibernate.SQL                        : 
    select
        r1_0.role_id,
        r1_0.role_name 
    from
        role r1_0 
    where
        r1_0.role_name=?
Hibernate: 
    select
        r1_0.role_id,
        r1_0.role_name 
    from
        role r1_0 
    where
        r1_0.role_name=?
2025-03-04T11:22:55.240+05:30 DEBUG 13672 --- [E-Commerce] [           main] o.s.orm.jpa.JpaTransactionManager        : Creating new transaction with name [org.springframework.data.jpa.repository.support.SimpleJpaRepository.save]: PROPAGATION_REQUIRED,ISOLATION_DEFAULT
2025-03-04T11:22:55.240+05:30 DEBUG 13672 --- [E-Commerce] [           main] o.s.orm.jpa.JpaTransactionManager        : Opened new EntityManager [SessionImpl(490689666<open>)] for JPA transaction
2025-03-04T11:22:55.241+05:30 DEBUG 13672 --- [E-Commerce] [           main] o.s.orm.jpa.JpaTransactionManager        : Exposing JPA transaction as JDBC [org.springframework.orm.jpa.vendor.HibernateJpaDialect$HibernateConnectionHandle@67e255cf]
2025-03-04T11:22:55.241+05:30 DEBUG 13672 --- [E-Commerce] [           main] org.hibernate.SQL                        : 
    insert 
    into
        role
        (role_name, role_id) 
    values
        (?, default)
Hibernate: 
    insert 
    into
        role
        (role_name, role_id) 
    values
        (?, default)
2025-03-04T11:22:55.242+05:30 DEBUG 13672 --- [E-Commerce] [           main] o.s.orm.jpa.JpaTransactionManager        : Initiating transaction commit
2025-03-04T11:22:55.242+05:30 DEBUG 13672 --- [E-Commerce] [           main] o.s.orm.jpa.JpaTransactionManager        : Committing JPA transaction on EntityManager [SessionImpl(490689666<open>)]
2025-03-04T11:22:55.242+05:30 DEBUG 13672 --- [E-Commerce] [           main] o.s.orm.jpa.JpaTransactionManager        : Closing JPA EntityManager [SessionImpl(490689666<open>)] after transaction
2025-03-04T11:22:55.242+05:30 DEBUG 13672 --- [E-Commerce] [           main] tor$SharedEntityManagerInvocationHandler : Creating new EntityManager for shared EntityManager invocation
2025-03-04T11:22:55.243+05:30 DEBUG 13672 --- [E-Commerce] [           main] org.hibernate.SQL                        : 
    select
        r1_0.role_id,
        r1_0.role_name 
    from
        role r1_0 
    where
        r1_0.role_name=?
Hibernate: 
    select
        r1_0.role_id,
        r1_0.role_name 
    from
        role r1_0 
    where
        r1_0.role_name=?
2025-03-04T11:22:55.244+05:30 DEBUG 13672 --- [E-Commerce] [           main] o.s.orm.jpa.JpaTransactionManager        : Creating new transaction with name [org.springframework.data.jpa.repository.support.SimpleJpaRepository.save]: PROPAGATION_REQUIRED,ISOLATION_DEFAULT
2025-03-04T11:22:55.244+05:30 DEBUG 13672 --- [E-Commerce] [           main] o.s.orm.jpa.JpaTransactionManager        : Opened new EntityManager [SessionImpl(242731459<open>)] for JPA transaction
2025-03-04T11:22:55.244+05:30 DEBUG 13672 --- [E-Commerce] [           main] o.s.orm.jpa.JpaTransactionManager        : Exposing JPA transaction as JDBC [org.springframework.orm.jpa.vendor.HibernateJpaDialect$HibernateConnectionHandle@4cc9d672]
2025-03-04T11:22:55.245+05:30 DEBUG 13672 --- [E-Commerce] [           main] org.hibernate.SQL                        : 
    insert 
    into
        role
        (role_name, role_id) 
    values
        (?, default)
Hibernate: 
    insert 
    into
        role
        (role_name, role_id) 
    values
        (?, default)
2025-03-04T11:22:55.246+05:30 DEBUG 13672 --- [E-Commerce] [           main] o.s.orm.jpa.JpaTransactionManager        : Initiating transaction commit
2025-03-04T11:22:55.246+05:30 DEBUG 13672 --- [E-Commerce] [           main] o.s.orm.jpa.JpaTransactionManager        : Committing JPA transaction on EntityManager [SessionImpl(242731459<open>)]
2025-03-04T11:22:55.246+05:30 DEBUG 13672 --- [E-Commerce] [           main] o.s.orm.jpa.JpaTransactionManager        : Closing JPA EntityManager [SessionImpl(242731459<open>)] after transaction
2025-03-04T11:22:55.247+05:30 DEBUG 13672 --- [E-Commerce] [           main] tor$SharedEntityManagerInvocationHandler : Creating new EntityManager for shared EntityManager invocation
2025-03-04T11:22:55.251+05:30 DEBUG 13672 --- [E-Commerce] [           main] org.hibernate.SQL                        : 
    select
        u1_0.user_id 
    from
        users u1_0 
    where
        u1_0.user_name=? 
    fetch
        first ? rows only
Hibernate: 
    select
        u1_0.user_id 
    from
        users u1_0 
    where
        u1_0.user_name=? 
    fetch
        first ? rows only
2025-03-04T11:22:55.347+05:30 DEBUG 13672 --- [E-Commerce] [           main] o.s.orm.jpa.JpaTransactionManager        : Creating new transaction with name [org.springframework.data.jpa.repository.support.SimpleJpaRepository.save]: PROPAGATION_REQUIRED,ISOLATION_DEFAULT
2025-03-04T11:22:55.347+05:30 DEBUG 13672 --- [E-Commerce] [           main] o.s.orm.jpa.JpaTransactionManager        : Opened new EntityManager [SessionImpl(1577442626<open>)] for JPA transaction
2025-03-04T11:22:55.347+05:30 DEBUG 13672 --- [E-Commerce] [           main] o.s.orm.jpa.JpaTransactionManager        : Exposing JPA transaction as JDBC [org.springframework.orm.jpa.vendor.HibernateJpaDialect$HibernateConnectionHandle@246701d5]
2025-03-04T11:22:55.398+05:30 DEBUG 13672 --- [E-Commerce] [           main] org.hibernate.SQL                        : 
    insert 
    into
        users
        (user_email, user_name, user_password, user_id) 
    values
        (?, ?, ?, default)
Hibernate: 
    insert 
    into
        users
        (user_email, user_name, user_password, user_id) 
    values
        (?, ?, ?, default)
2025-03-04T11:22:55.404+05:30 DEBUG 13672 --- [E-Commerce] [           main] o.s.orm.jpa.JpaTransactionManager        : Initiating transaction commit
2025-03-04T11:22:55.404+05:30 DEBUG 13672 --- [E-Commerce] [           main] o.s.orm.jpa.JpaTransactionManager        : Committing JPA transaction on EntityManager [SessionImpl(1577442626<open>)]
2025-03-04T11:22:55.424+05:30 DEBUG 13672 --- [E-Commerce] [           main] o.s.orm.jpa.JpaTransactionManager        : Closing JPA EntityManager [SessionImpl(1577442626<open>)] after transaction
2025-03-04T11:22:55.425+05:30 DEBUG 13672 --- [E-Commerce] [           main] tor$SharedEntityManagerInvocationHandler : Creating new EntityManager for shared EntityManager invocation
2025-03-04T11:22:55.427+05:30 DEBUG 13672 --- [E-Commerce] [           main] org.hibernate.SQL                        : 
    select
        u1_0.user_id 
    from
        users u1_0 
    where
        u1_0.user_name=? 
    fetch
        first ? rows only
Hibernate: 
    select
        u1_0.user_id 
    from
        users u1_0 
    where
        u1_0.user_name=? 
    fetch
        first ? rows only
2025-03-04T11:22:55.504+05:30 DEBUG 13672 --- [E-Commerce] [           main] o.s.orm.jpa.JpaTransactionManager        : Creating new transaction with name [org.springframework.data.jpa.repository.support.SimpleJpaRepository.save]: PROPAGATION_REQUIRED,ISOLATION_DEFAULT
2025-03-04T11:22:55.504+05:30 DEBUG 13672 --- [E-Commerce] [           main] o.s.orm.jpa.JpaTransactionManager        : Opened new EntityManager [SessionImpl(316324264<open>)] for JPA transaction
2025-03-04T11:22:55.504+05:30 DEBUG 13672 --- [E-Commerce] [           main] o.s.orm.jpa.JpaTransactionManager        : Exposing JPA transaction as JDBC [org.springframework.orm.jpa.vendor.HibernateJpaDialect$HibernateConnectionHandle@3d5a6849]
2025-03-04T11:22:55.505+05:30 DEBUG 13672 --- [E-Commerce] [           main] org.hibernate.SQL                        : 
    insert 
    into
        users
        (user_email, user_name, user_password, user_id) 
    values
        (?, ?, ?, default)
Hibernate: 
    insert 
    into
        users
        (user_email, user_name, user_password, user_id) 
    values
        (?, ?, ?, default)
2025-03-04T11:22:55.506+05:30 DEBUG 13672 --- [E-Commerce] [           main] o.s.orm.jpa.JpaTransactionManager        : Initiating transaction commit
2025-03-04T11:22:55.506+05:30 DEBUG 13672 --- [E-Commerce] [           main] o.s.orm.jpa.JpaTransactionManager        : Committing JPA transaction on EntityManager [SessionImpl(316324264<open>)]
2025-03-04T11:22:55.506+05:30 DEBUG 13672 --- [E-Commerce] [           main] o.s.orm.jpa.JpaTransactionManager        : Closing JPA EntityManager [SessionImpl(316324264<open>)] after transaction
2025-03-04T11:22:55.507+05:30 DEBUG 13672 --- [E-Commerce] [           main] tor$SharedEntityManagerInvocationHandler : Creating new EntityManager for shared EntityManager invocation
2025-03-04T11:22:55.508+05:30 DEBUG 13672 --- [E-Commerce] [           main] org.hibernate.SQL                        : 
    select
        u1_0.user_id 
    from
        users u1_0 
    where
        u1_0.user_name=? 
    fetch
        first ? rows only
Hibernate: 
    select
        u1_0.user_id 
    from
        users u1_0 
    where
        u1_0.user_name=? 
    fetch
        first ? rows only
2025-03-04T11:22:55.575+05:30 DEBUG 13672 --- [E-Commerce] [           main] o.s.orm.jpa.JpaTransactionManager        : Creating new transaction with name [org.springframework.data.jpa.repository.support.SimpleJpaRepository.save]: PROPAGATION_REQUIRED,ISOLATION_DEFAULT
2025-03-04T11:22:55.575+05:30 DEBUG 13672 --- [E-Commerce] [           main] o.s.orm.jpa.JpaTransactionManager        : Opened new EntityManager [SessionImpl(948594262<open>)] for JPA transaction
2025-03-04T11:22:55.575+05:30 DEBUG 13672 --- [E-Commerce] [           main] o.s.orm.jpa.JpaTransactionManager        : Exposing JPA transaction as JDBC [org.springframework.orm.jpa.vendor.HibernateJpaDialect$HibernateConnectionHandle@32b19d03]
2025-03-04T11:22:55.576+05:30 DEBUG 13672 --- [E-Commerce] [           main] org.hibernate.SQL                        : 
    insert 
    into
        users
        (user_email, user_name, user_password, user_id) 
    values
        (?, ?, ?, default)
Hibernate: 
    insert 
    into
        users
        (user_email, user_name, user_password, user_id) 
    values
        (?, ?, ?, default)
2025-03-04T11:22:55.577+05:30 DEBUG 13672 --- [E-Commerce] [           main] o.s.orm.jpa.JpaTransactionManager        : Initiating transaction commit
2025-03-04T11:22:55.577+05:30 DEBUG 13672 --- [E-Commerce] [           main] o.s.orm.jpa.JpaTransactionManager        : Committing JPA transaction on EntityManager [SessionImpl(948594262<open>)]
2025-03-04T11:22:55.578+05:30 DEBUG 13672 --- [E-Commerce] [           main] o.s.orm.jpa.JpaTransactionManager        : Closing JPA EntityManager [SessionImpl(948594262<open>)] after transaction
2025-03-04T11:22:55.579+05:30 DEBUG 13672 --- [E-Commerce] [           main] tor$SharedEntityManagerInvocationHandler : Creating new EntityManager for shared EntityManager invocation
2025-03-04T11:22:55.581+05:30 DEBUG 13672 --- [E-Commerce] [           main] org.hibernate.SQL                        : 
    select
        u1_0.user_id,
        u1_0.user_email,
        u1_0.user_name,
        u1_0.user_password 
    from
        users u1_0 
    where
        u1_0.user_name=?
Hibernate: 
    select
        u1_0.user_id,
        u1_0.user_email,
        u1_0.user_name,
        u1_0.user_password 
    from
        users u1_0 
    where
        u1_0.user_name=?
2025-03-04T11:22:55.598+05:30 DEBUG 13672 --- [E-Commerce] [           main] org.hibernate.SQL                        : 
    select
        r1_0.user_id,
        r1_1.role_id,
        r1_1.role_name 
    from
        user_role r1_0 
    join
        role r1_1 
            on r1_1.role_id=r1_0.role_id 
    where
        r1_0.user_id=?
Hibernate: 
    select
        r1_0.user_id,
        r1_1.role_id,
        r1_1.role_name 
    from
        user_role r1_0 
    join
        role r1_1 
            on r1_1.role_id=r1_0.role_id 
    where
        r1_0.user_id=?
2025-03-04T11:22:55.603+05:30 DEBUG 13672 --- [E-Commerce] [           main] o.s.orm.jpa.JpaTransactionManager        : Creating new transaction with name [org.springframework.data.jpa.repository.support.SimpleJpaRepository.save]: PROPAGATION_REQUIRED,ISOLATION_DEFAULT
2025-03-04T11:22:55.603+05:30 DEBUG 13672 --- [E-Commerce] [           main] o.s.orm.jpa.JpaTransactionManager        : Opened new EntityManager [SessionImpl(1555358293<open>)] for JPA transaction
2025-03-04T11:22:55.603+05:30 DEBUG 13672 --- [E-Commerce] [           main] o.s.orm.jpa.JpaTransactionManager        : Exposing JPA transaction as JDBC [org.springframework.orm.jpa.vendor.HibernateJpaDialect$HibernateConnectionHandle@16c9ec5b]
2025-03-04T11:22:55.617+05:30 DEBUG 13672 --- [E-Commerce] [           main] org.hibernate.SQL                        : 
    select
        u1_0.user_id,
        p1_0.seller_id,
        p1_0.product_id,
        c1_0.category_id,
        c1_0.category_name,
        p1_0.product_desc,
        p1_0.product_discount,
        p1_0.product_image,
        p1_0.product_name,
        p1_0.product_price,
        p1_0.product_quantity,
        p1_0.product_spec_price,
        u1_0.user_email,
        u1_0.user_name,
        u1_0.user_password 
    from
        users u1_0 
    left join
        product p1_0 
            on u1_0.user_id=p1_0.seller_id 
    left join
        category c1_0 
            on c1_0.category_id=p1_0.category_id 
    where
        u1_0.user_id=?
Hibernate: 
    select
        u1_0.user_id,
        p1_0.seller_id,
        p1_0.product_id,
        c1_0.category_id,
        c1_0.category_name,
        p1_0.product_desc,
        p1_0.product_discount,
        p1_0.product_image,
        p1_0.product_name,
        p1_0.product_price,
        p1_0.product_quantity,
        p1_0.product_spec_price,
        u1_0.user_email,
        u1_0.user_name,
        u1_0.user_password 
    from
        users u1_0 
    left join
        product p1_0 
            on u1_0.user_id=p1_0.seller_id 
    left join
        category c1_0 
            on c1_0.category_id=p1_0.category_id 
    where
        u1_0.user_id=?
2025-03-04T11:22:55.620+05:30 DEBUG 13672 --- [E-Commerce] [           main] org.hibernate.SQL                        : 
    select
        r1_0.user_id,
        r1_1.role_id,
        r1_1.role_name 
    from
        user_role r1_0 
    join
        role r1_1 
            on r1_1.role_id=r1_0.role_id 
    where
        r1_0.user_id=?
Hibernate: 
    select
        r1_0.user_id,
        r1_1.role_id,
        r1_1.role_name 
    from
        user_role r1_0 
    join
        role r1_1 
            on r1_1.role_id=r1_0.role_id 
    where
        r1_0.user_id=?
2025-03-04T11:22:55.621+05:30 DEBUG 13672 --- [E-Commerce] [           main] org.hibernate.SQL                        : 
    select
        a1_0.user_id,
        a1_1.address_id,
        a1_1.building_name,
        a1_1.city,
        a1_1.country,
        a1_1.pincode,
        a1_1.state,
        a1_1.street 
    from
        user_address a1_0 
    join
        address a1_1 
            on a1_1.address_id=a1_0.address_id 
    where
        a1_0.user_id=?
Hibernate: 
    select
        a1_0.user_id,
        a1_1.address_id,
        a1_1.building_name,
        a1_1.city,
        a1_1.country,
        a1_1.pincode,
        a1_1.state,
        a1_1.street 
    from
        user_address a1_0 
    join
        address a1_1 
            on a1_1.address_id=a1_0.address_id 
    where
        a1_0.user_id=?
2025-03-04T11:22:55.624+05:30 DEBUG 13672 --- [E-Commerce] [           main] org.hibernate.SQL                        : 
    select
        r1_0.role_id,
        r1_0.role_name 
    from
        role r1_0 
    where
        r1_0.role_id=?
Hibernate: 
    select
        r1_0.role_id,
        r1_0.role_name 
    from
        role r1_0 
    where
        r1_0.role_id=?
2025-03-04T11:22:55.625+05:30 DEBUG 13672 --- [E-Commerce] [           main] o.s.orm.jpa.JpaTransactionManager        : Initiating transaction commit
2025-03-04T11:22:55.626+05:30 DEBUG 13672 --- [E-Commerce] [           main] o.s.orm.jpa.JpaTransactionManager        : Committing JPA transaction on EntityManager [SessionImpl(1555358293<open>)]
2025-03-04T11:22:55.633+05:30 DEBUG 13672 --- [E-Commerce] [           main] org.hibernate.SQL                        : 
    insert 
    into
        user_role
        (user_id, role_id) 
    values
        (?, ?)
Hibernate: 
    insert 
    into
        user_role
        (user_id, role_id) 
    values
        (?, ?)
2025-03-04T11:22:55.636+05:30 DEBUG 13672 --- [E-Commerce] [           main] o.s.orm.jpa.JpaTransactionManager        : Closing JPA EntityManager [SessionImpl(1555358293<open>)] after transaction
2025-03-04T11:22:55.637+05:30 DEBUG 13672 --- [E-Commerce] [           main] tor$SharedEntityManagerInvocationHandler : Creating new EntityManager for shared EntityManager invocation
2025-03-04T11:22:55.638+05:30 DEBUG 13672 --- [E-Commerce] [           main] org.hibernate.SQL                        : 
    select
        u1_0.user_id,
        u1_0.user_email,
        u1_0.user_name,
        u1_0.user_password 
    from
        users u1_0 
    where
        u1_0.user_name=?
Hibernate: 
    select
        u1_0.user_id,
        u1_0.user_email,
        u1_0.user_name,
        u1_0.user_password 
    from
        users u1_0 
    where
        u1_0.user_name=?
2025-03-04T11:22:55.639+05:30 DEBUG 13672 --- [E-Commerce] [           main] org.hibernate.SQL                        : 
    select
        r1_0.user_id,
        r1_1.role_id,
        r1_1.role_name 
    from
        user_role r1_0 
    join
        role r1_1 
            on r1_1.role_id=r1_0.role_id 
    where
        r1_0.user_id=?
Hibernate: 
    select
        r1_0.user_id,
        r1_1.role_id,
        r1_1.role_name 
    from
        user_role r1_0 
    join
        role r1_1 
            on r1_1.role_id=r1_0.role_id 
    where
        r1_0.user_id=?
2025-03-04T11:22:55.641+05:30 DEBUG 13672 --- [E-Commerce] [           main] o.s.orm.jpa.JpaTransactionManager        : Creating new transaction with name [org.springframework.data.jpa.repository.support.SimpleJpaRepository.save]: PROPAGATION_REQUIRED,ISOLATION_DEFAULT
2025-03-04T11:22:55.641+05:30 DEBUG 13672 --- [E-Commerce] [           main] o.s.orm.jpa.JpaTransactionManager        : Opened new EntityManager [SessionImpl(1317025467<open>)] for JPA transaction
2025-03-04T11:22:55.641+05:30 DEBUG 13672 --- [E-Commerce] [           main] o.s.orm.jpa.JpaTransactionManager        : Exposing JPA transaction as JDBC [org.springframework.orm.jpa.vendor.HibernateJpaDialect$HibernateConnectionHandle@7c3b8b26]
2025-03-04T11:22:55.641+05:30 DEBUG 13672 --- [E-Commerce] [           main] org.hibernate.SQL                        : 
    select
        u1_0.user_id,
        p1_0.seller_id,
        p1_0.product_id,
        c1_0.category_id,
        c1_0.category_name,
        p1_0.product_desc,
        p1_0.product_discount,
        p1_0.product_image,
        p1_0.product_name,
        p1_0.product_price,
        p1_0.product_quantity,
        p1_0.product_spec_price,
        u1_0.user_email,
        u1_0.user_name,
        u1_0.user_password 
    from
        users u1_0 
    left join
        product p1_0 
            on u1_0.user_id=p1_0.seller_id 
    left join
        category c1_0 
            on c1_0.category_id=p1_0.category_id 
    where
        u1_0.user_id=?
Hibernate: 
    select
        u1_0.user_id,
        p1_0.seller_id,
        p1_0.product_id,
        c1_0.category_id,
        c1_0.category_name,
        p1_0.product_desc,
        p1_0.product_discount,
        p1_0.product_image,
        p1_0.product_name,
        p1_0.product_price,
        p1_0.product_quantity,
        p1_0.product_spec_price,
        u1_0.user_email,
        u1_0.user_name,
        u1_0.user_password 
    from
        users u1_0 
    left join
        product p1_0 
            on u1_0.user_id=p1_0.seller_id 
    left join
        category c1_0 
            on c1_0.category_id=p1_0.category_id 
    where
        u1_0.user_id=?
2025-03-04T11:22:55.642+05:30 DEBUG 13672 --- [E-Commerce] [           main] org.hibernate.SQL                        : 
    select
        r1_0.user_id,
        r1_1.role_id,
        r1_1.role_name 
    from
        user_role r1_0 
    join
        role r1_1 
            on r1_1.role_id=r1_0.role_id 
    where
        r1_0.user_id=?
Hibernate: 
    select
        r1_0.user_id,
        r1_1.role_id,
        r1_1.role_name 
    from
        user_role r1_0 
    join
        role r1_1 
            on r1_1.role_id=r1_0.role_id 
    where
        r1_0.user_id=?
2025-03-04T11:22:55.643+05:30 DEBUG 13672 --- [E-Commerce] [           main] org.hibernate.SQL                        : 
    select
        a1_0.user_id,
        a1_1.address_id,
        a1_1.building_name,
        a1_1.city,
        a1_1.country,
        a1_1.pincode,
        a1_1.state,
        a1_1.street 
    from
        user_address a1_0 
    join
        address a1_1 
            on a1_1.address_id=a1_0.address_id 
    where
        a1_0.user_id=?
Hibernate: 
    select
        a1_0.user_id,
        a1_1.address_id,
        a1_1.building_name,
        a1_1.city,
        a1_1.country,
        a1_1.pincode,
        a1_1.state,
        a1_1.street 
    from
        user_address a1_0 
    join
        address a1_1 
            on a1_1.address_id=a1_0.address_id 
    where
        a1_0.user_id=?
2025-03-04T11:22:55.643+05:30 DEBUG 13672 --- [E-Commerce] [           main] org.hibernate.SQL                        : 
    select
        r1_0.role_id,
        r1_0.role_name 
    from
        role r1_0 
    where
        r1_0.role_id=?
Hibernate: 
    select
        r1_0.role_id,
        r1_0.role_name 
    from
        role r1_0 
    where
        r1_0.role_id=?
2025-03-04T11:22:55.644+05:30 DEBUG 13672 --- [E-Commerce] [           main] o.s.orm.jpa.JpaTransactionManager        : Initiating transaction commit
2025-03-04T11:22:55.644+05:30 DEBUG 13672 --- [E-Commerce] [           main] o.s.orm.jpa.JpaTransactionManager        : Committing JPA transaction on EntityManager [SessionImpl(1317025467<open>)]
2025-03-04T11:22:55.645+05:30 DEBUG 13672 --- [E-Commerce] [           main] org.hibernate.SQL                        : 
    insert 
    into
        user_role
        (user_id, role_id) 
    values
        (?, ?)
Hibernate: 
    insert 
    into
        user_role
        (user_id, role_id) 
    values
        (?, ?)
2025-03-04T11:22:55.646+05:30 DEBUG 13672 --- [E-Commerce] [           main] o.s.orm.jpa.JpaTransactionManager        : Closing JPA EntityManager [SessionImpl(1317025467<open>)] after transaction
2025-03-04T11:22:55.646+05:30 DEBUG 13672 --- [E-Commerce] [           main] tor$SharedEntityManagerInvocationHandler : Creating new EntityManager for shared EntityManager invocation
2025-03-04T11:22:55.648+05:30 DEBUG 13672 --- [E-Commerce] [           main] org.hibernate.SQL                        : 
    select
        u1_0.user_id,
        u1_0.user_email,
        u1_0.user_name,
        u1_0.user_password 
    from
        users u1_0 
    where
        u1_0.user_name=?
Hibernate: 
    select
        u1_0.user_id,
        u1_0.user_email,
        u1_0.user_name,
        u1_0.user_password 
    from
        users u1_0 
    where
        u1_0.user_name=?
2025-03-04T11:22:55.649+05:30 DEBUG 13672 --- [E-Commerce] [           main] org.hibernate.SQL                        : 
    select
        r1_0.user_id,
        r1_1.role_id,
        r1_1.role_name 
    from
        user_role r1_0 
    join
        role r1_1 
            on r1_1.role_id=r1_0.role_id 
    where
        r1_0.user_id=?
Hibernate: 
    select
        r1_0.user_id,
        r1_1.role_id,
        r1_1.role_name 
    from
        user_role r1_0 
    join
        role r1_1 
            on r1_1.role_id=r1_0.role_id 
    where
        r1_0.user_id=?
2025-03-04T11:22:55.650+05:30 DEBUG 13672 --- [E-Commerce] [           main] o.s.orm.jpa.JpaTransactionManager        : Creating new transaction with name [org.springframework.data.jpa.repository.support.SimpleJpaRepository.save]: PROPAGATION_REQUIRED,ISOLATION_DEFAULT
2025-03-04T11:22:55.650+05:30 DEBUG 13672 --- [E-Commerce] [           main] o.s.orm.jpa.JpaTransactionManager        : Opened new EntityManager [SessionImpl(91390948<open>)] for JPA transaction
2025-03-04T11:22:55.650+05:30 DEBUG 13672 --- [E-Commerce] [           main] o.s.orm.jpa.JpaTransactionManager        : Exposing JPA transaction as JDBC [org.springframework.orm.jpa.vendor.HibernateJpaDialect$HibernateConnectionHandle@58fa8762]
2025-03-04T11:22:55.651+05:30 DEBUG 13672 --- [E-Commerce] [           main] org.hibernate.SQL                        : 
    select
        u1_0.user_id,
        p1_0.seller_id,
        p1_0.product_id,
        c1_0.category_id,
        c1_0.category_name,
        p1_0.product_desc,
        p1_0.product_discount,
        p1_0.product_image,
        p1_0.product_name,
        p1_0.product_price,
        p1_0.product_quantity,
        p1_0.product_spec_price,
        u1_0.user_email,
        u1_0.user_name,
        u1_0.user_password 
    from
        users u1_0 
    left join
        product p1_0 
            on u1_0.user_id=p1_0.seller_id 
    left join
        category c1_0 
            on c1_0.category_id=p1_0.category_id 
    where
        u1_0.user_id=?
Hibernate: 
    select
        u1_0.user_id,
        p1_0.seller_id,
        p1_0.product_id,
        c1_0.category_id,
        c1_0.category_name,
        p1_0.product_desc,
        p1_0.product_discount,
        p1_0.product_image,
        p1_0.product_name,
        p1_0.product_price,
        p1_0.product_quantity,
        p1_0.product_spec_price,
        u1_0.user_email,
        u1_0.user_name,
        u1_0.user_password 
    from
        users u1_0 
    left join
        product p1_0 
            on u1_0.user_id=p1_0.seller_id 
    left join
        category c1_0 
            on c1_0.category_id=p1_0.category_id 
    where
        u1_0.user_id=?
2025-03-04T11:22:55.652+05:30 DEBUG 13672 --- [E-Commerce] [           main] org.hibernate.SQL                        : 
    select
        r1_0.user_id,
        r1_1.role_id,
        r1_1.role_name 
    from
        user_role r1_0 
    join
        role r1_1 
            on r1_1.role_id=r1_0.role_id 
    where
        r1_0.user_id=?
Hibernate: 
    select
        r1_0.user_id,
        r1_1.role_id,
        r1_1.role_name 
    from
        user_role r1_0 
    join
        role r1_1 
            on r1_1.role_id=r1_0.role_id 
    where
        r1_0.user_id=?
2025-03-04T11:22:55.652+05:30 DEBUG 13672 --- [E-Commerce] [           main] org.hibernate.SQL                        : 
    select
        a1_0.user_id,
        a1_1.address_id,
        a1_1.building_name,
        a1_1.city,
        a1_1.country,
        a1_1.pincode,
        a1_1.state,
        a1_1.street 
    from
        user_address a1_0 
    join
        address a1_1 
            on a1_1.address_id=a1_0.address_id 
    where
        a1_0.user_id=?
Hibernate: 
    select
        a1_0.user_id,
        a1_1.address_id,
        a1_1.building_name,
        a1_1.city,
        a1_1.country,
        a1_1.pincode,
        a1_1.state,
        a1_1.street 
    from
        user_address a1_0 
    join
        address a1_1 
            on a1_1.address_id=a1_0.address_id 
    where
        a1_0.user_id=?
2025-03-04T11:22:55.653+05:30 DEBUG 13672 --- [E-Commerce] [           main] org.hibernate.SQL                        : 
    select
        r1_0.role_id,
        r1_0.role_name 
    from
        role r1_0 
    where
        r1_0.role_id=?
Hibernate: 
    select
        r1_0.role_id,
        r1_0.role_name 
    from
        role r1_0 
    where
        r1_0.role_id=?
2025-03-04T11:22:55.654+05:30 DEBUG 13672 --- [E-Commerce] [           main] org.hibernate.SQL                        : 
    select
        r1_0.role_id,
        r1_0.role_name 
    from
        role r1_0 
    where
        r1_0.role_id=?
Hibernate: 
    select
        r1_0.role_id,
        r1_0.role_name 
    from
        role r1_0 
    where
        r1_0.role_id=?
2025-03-04T11:22:55.655+05:30 DEBUG 13672 --- [E-Commerce] [           main] org.hibernate.SQL                        : 
    select
        r1_0.role_id,
        r1_0.role_name 
    from
        role r1_0 
    where
        r1_0.role_id=?
Hibernate: 
    select
        r1_0.role_id,
        r1_0.role_name 
    from
        role r1_0 
    where
        r1_0.role_id=?
2025-03-04T11:22:55.655+05:30 DEBUG 13672 --- [E-Commerce] [           main] o.s.orm.jpa.JpaTransactionManager        : Initiating transaction commit
2025-03-04T11:22:55.655+05:30 DEBUG 13672 --- [E-Commerce] [           main] o.s.orm.jpa.JpaTransactionManager        : Committing JPA transaction on EntityManager [SessionImpl(91390948<open>)]
2025-03-04T11:22:55.656+05:30 DEBUG 13672 --- [E-Commerce] [           main] org.hibernate.SQL                        : 
    insert 
    into
        user_role
        (user_id, role_id) 
    values
        (?, ?)
Hibernate: 
    insert 
    into
        user_role
        (user_id, role_id) 
    values
        (?, ?)
2025-03-04T11:22:55.656+05:30 DEBUG 13672 --- [E-Commerce] [           main] org.hibernate.SQL                        : 
    insert 
    into
        user_role
        (user_id, role_id) 
    values
        (?, ?)
Hibernate: 
    insert 
    into
        user_role
        (user_id, role_id) 
    values
        (?, ?)
2025-03-04T11:22:55.657+05:30 DEBUG 13672 --- [E-Commerce] [           main] org.hibernate.SQL                        : 
    insert 
    into
        user_role
        (user_id, role_id) 
    values
        (?, ?)
Hibernate: 
    insert 
    into
        user_role
        (user_id, role_id) 
    values
        (?, ?)
2025-03-04T11:22:55.658+05:30 DEBUG 13672 --- [E-Commerce] [           main] o.s.orm.jpa.JpaTransactionManager        : Closing JPA EntityManager [SessionImpl(91390948<open>)] after transaction
2025-03-04T11:22:55.659+05:30 DEBUG 13672 --- [E-Commerce] [           main] o.s.boot.devtools.restart.Restarter      : Creating new Restarter for thread Thread[#1,main,5,main]
2025-03-04T11:22:55.660+05:30 DEBUG 13672 --- [E-Commerce] [           main] o.s.b.a.ApplicationAvailabilityBean      : Application availability state ReadinessState changed to ACCEPTING_TRAFFIC
2025-03-04T11:22:55.663+05:30 DEBUG 13672 --- [E-Commerce] [           main] org.springframework.test.context.cache   : Spring test ApplicationContext cache statistics: [DefaultContextCache@79f14c56 size = 1, maxSize = 32, parentContextCount = 0, hitCount = 0, missCount = 1, failureCount = 0]
2025-03-04T11:22:55.664+05:30 DEBUG 13672 --- [E-Commerce] [           main] o.s.t.c.w.ServletTestExecutionListener   : Setting up MockHttpServletRequest, MockHttpServletResponse, ServletWebRequest, and RequestContextHolder for test class com.joel.ECommerceApplicationTests
2025-03-04T11:22:55.681+05:30 DEBUG 13672 --- [E-Commerce] [           main] DependencyInjectionTestExecutionListener : Performing dependency injection for test class com.joel.ECommerceApplicationTests
2025-03-04T11:22:55.681+05:30 DEBUG 13672 --- [E-Commerce] [           main] org.springframework.test.context.cache   : Spring test ApplicationContext cache statistics: [DefaultContextCache@79f14c56 size = 1, maxSize = 32, parentContextCount = 0, hitCount = 1, missCount = 1, failureCount = 0]
2025-03-04T11:22:55.682+05:30 DEBUG 13672 --- [E-Commerce] [           main] org.springframework.test.context.cache   : Spring test ApplicationContext cache statistics: [DefaultContextCache@79f14c56 size = 1, maxSize = 32, parentContextCount = 0, hitCount = 2, missCount = 1, failureCount = 0]
2025-03-04T11:22:55.687+05:30 DEBUG 13672 --- [E-Commerce] [           main] sContextBeforeModesTestExecutionListener : Before test method: class [ECommerceApplicationTests], method [contextLoads], class annotated with @DirtiesContext [false] with mode [null], method annotated with @DirtiesContext [false] with mode [null]
2025-03-04T11:22:55.691+05:30 DEBUG 13672 --- [E-Commerce] [           main] org.springframework.test.context.cache   : Spring test ApplicationContext cache statistics: [DefaultContextCache@79f14c56 size = 1, maxSize = 32, parentContextCount = 0, hitCount = 3, missCount = 1, failureCount = 0]
2025-03-04T11:22:55.691+05:30 DEBUG 13672 --- [E-Commerce] [           main] org.springframework.test.context.cache   : Spring test ApplicationContext cache statistics: [DefaultContextCache@79f14c56 size = 1, maxSize = 32, parentContextCount = 0, hitCount = 4, missCount = 1, failureCount = 0]
2025-03-04T11:22:56.270+05:30 DEBUG 13672 --- [E-Commerce] [           main] org.springframework.test.context.cache   : Spring test ApplicationContext cache statistics: [DefaultContextCache@79f14c56 size = 1, maxSize = 32, parentContextCount = 0, hitCount = 5, missCount = 1, failureCount = 0]
2025-03-04T11:22:56.277+05:30 DEBUG 13672 --- [E-Commerce] [           main] org.springframework.test.context.cache   : Spring test ApplicationContext cache statistics: [DefaultContextCache@79f14c56 size = 1, maxSize = 32, parentContextCount = 0, hitCount = 6, missCount = 1, failureCount = 0]
2025-03-04T11:22:56.286+05:30 DEBUG 13672 --- [E-Commerce] [           main] org.springframework.test.context.cache   : Spring test ApplicationContext cache statistics: [DefaultContextCache@79f14c56 size = 1, maxSize = 32, parentContextCount = 0, hitCount = 7, missCount = 1, failureCount = 0]
2025-03-04T11:22:56.286+05:30 DEBUG 13672 --- [E-Commerce] [           main] org.springframework.test.context.cache   : Spring test ApplicationContext cache statistics: [DefaultContextCache@79f14c56 size = 1, maxSize = 32, parentContextCount = 0, hitCount = 8, missCount = 1, failureCount = 0]
2025-03-04T11:22:56.287+05:30 DEBUG 13672 --- [E-Commerce] [           main] org.springframework.test.context.cache   : Spring test ApplicationContext cache statistics: [DefaultContextCache@79f14c56 size = 1, maxSize = 32, parentContextCount = 0, hitCount = 9, missCount = 1, failureCount = 0]
2025-03-04T11:22:56.287+05:30 DEBUG 13672 --- [E-Commerce] [           main] org.springframework.test.context.cache   : Spring test ApplicationContext cache statistics: [DefaultContextCache@79f14c56 size = 1, maxSize = 32, parentContextCount = 0, hitCount = 10, missCount = 1, failureCount = 0]
2025-03-04T11:22:56.288+05:30 DEBUG 13672 --- [E-Commerce] [           main] org.springframework.test.context.cache   : Spring test ApplicationContext cache statistics: [DefaultContextCache@79f14c56 size = 1, maxSize = 32, parentContextCount = 0, hitCount = 11, missCount = 1, failureCount = 0]
2025-03-04T11:22:56.289+05:30 DEBUG 13672 --- [E-Commerce] [           main] org.springframework.test.context.cache   : Spring test ApplicationContext cache statistics: [DefaultContextCache@79f14c56 size = 1, maxSize = 32, parentContextCount = 0, hitCount = 12, missCount = 1, failureCount = 0]
2025-03-04T11:22:56.292+05:30 DEBUG 13672 --- [E-Commerce] [           main] org.springframework.test.context.cache   : Spring test ApplicationContext cache statistics: [DefaultContextCache@79f14c56 size = 1, maxSize = 32, parentContextCount = 0, hitCount = 13, missCount = 1, failureCount = 0]
2025-03-04T11:22:56.293+05:30 DEBUG 13672 --- [E-Commerce] [           main] .c.s.DirtiesContextTestExecutionListener : After test method: class [ECommerceApplicationTests], method [contextLoads], class annotated with @DirtiesContext [false] with mode [null], method annotated with @DirtiesContext [false] with mode [null]
2025-03-04T11:22:56.293+05:30 DEBUG 13672 --- [E-Commerce] [           main] o.s.t.c.w.ServletTestExecutionListener   : Resetting RequestContextHolder for test class com.joel.ECommerceApplicationTests
]]></system-out>
    <system-err><![CDATA[Mockito is currently self-attaching to enable the inline-mock-maker. This will no longer work in future releases of the JDK. Please add Mockito as an agent to your build what is described in Mockito's documentation: https://javadoc.io/doc/org.mockito/mockito-core/latest/org/mockito/Mockito.html#0.3
WARNING: A Java agent has been loaded dynamically (C:\Users\JoelOliveira\.m2\repository\net\bytebuddy\byte-buddy-agent\1.15.11\byte-buddy-agent-1.15.11.jar)
WARNING: If a serviceability tool is in use, please run with -XX:+EnableDynamicAgentLoading to hide this warning
WARNING: If a serviceability tool is not in use, please run with -Djdk.instrument.traceUsage for more information
WARNING: Dynamic loading of agents will be disallowed by default in a future release
]]></system-err>
  </testcase>
</testsuite>